Log file open, 10/14/18 14:50:37
LogWindows: Failed to load 'aqProf.dll' (GetLastError=126)
LogWindows: File 'aqProf.dll' does not exist
LogWindows: Failed to load 'VSPerf140.dll' (GetLastError=126)
LogWindows: File 'VSPerf140.dll' does not exist
LogWindows: Failed to load 'VtuneApi.dll' (GetLastError=126)
LogWindows: File 'VtuneApi.dll' does not exist
LogWindows: Failed to load 'VtuneApi32e.dll' (GetLastError=126)
LogWindows: File 'VtuneApi32e.dll' does not exist
LogInit: Display: Running engine for game: MyProject
LogPlatformFile: Not using cached read wrapper
LogTaskGraph: Started task graph with 5 named threads and 14 total threads with 3 sets of task threads.
LogStats: Stats thread started at 0.178452
LogD3D11RHI: Loaded GFSDK_Aftermath_Lib.x64.dll
LogICUInternationalization: Display: ICU TimeZone Detection - Raw Offset: +2:00, Platform Override: ''
LogPluginManager: Mounting plugin Paper2D
LogPluginManager: Mounting plugin AISupport
LogPluginManager: Mounting plugin LightPropagationVolume
LogPluginManager: Mounting plugin CLionSourceCodeAccess
LogPluginManager: Mounting plugin CodeLiteSourceCodeAccess
LogPluginManager: Mounting plugin GitSourceControl
LogPluginManager: Mounting plugin KDevelopSourceCodeAccess
LogPluginManager: Mounting plugin NullSourceCodeAccess
LogPluginManager: Mounting plugin PerforceSourceControl
LogPluginManager: Mounting plugin SubversionSourceControl
LogPluginManager: Mounting plugin UObjectPlugin
LogPluginManager: Mounting plugin VisualStudioCodeSourceCodeAccess
LogPluginManager: Mounting plugin VisualStudioSourceCodeAccess
LogPluginManager: Mounting plugin XCodeSourceCodeAccess
LogPluginManager: Mounting plugin AssetManagerEditor
LogPluginManager: Mounting plugin CryptoKeys
LogPluginManager: Mounting plugin DataValidation
LogPluginManager: Mounting plugin FacialAnimation
LogPluginManager: Mounting plugin GameplayTagsEditor
LogPluginManager: Mounting plugin MacGraphicsSwitching
LogPluginManager: Mounting plugin MeshEditor
LogPluginManager: Mounting plugin MobileLauncherProfileWizard
LogPluginManager: Mounting plugin PluginBrowser
LogPluginManager: Mounting plugin SpeedTreeImporter
LogPluginManager: Mounting plugin DatasmithContent
LogPluginManager: Mounting plugin AlembicImporter
LogPluginManager: Mounting plugin AppleImageUtils
LogPluginManager: Mounting plugin AppleVision
LogPluginManager: Mounting plugin BackChannel
LogPluginManager: Mounting plugin CharacterAI
LogPluginManager: Mounting plugin GeometryCache
LogPluginManager: Mounting plugin HTML5Networking
LogPluginManager: Mounting plugin ProxyLODPlugin
LogPluginManager: Mounting plugin MagicLeap
LogPluginManager: Mounting plugin MagicLeapEmulator
LogPluginManager: Mounting plugin MagicLeapMedia
LogPluginManager: Mounting plugin AndroidMedia
LogPluginManager: Mounting plugin AvfMedia
LogPluginManager: Mounting plugin ImgMedia
LogPluginManager: Mounting plugin LinearTimecode
LogPluginManager: Mounting plugin MediaCompositing
LogPluginManager: Mounting plugin MediaPlayerEditor
LogPluginManager: Mounting plugin WmfMedia
LogPluginManager: Mounting plugin TcpMessaging
LogPluginManager: Mounting plugin UdpMessaging
LogPluginManager: Mounting plugin ActorSequence
LogPluginManager: Mounting plugin LevelSequenceEditor
LogPluginManager: Mounting plugin MatineeToLevelSequence
LogPluginManager: Mounting plugin NetcodeUnitTest
LogPluginManager: Mounting plugin NUTUnrealEngine4
LogPluginManager: Mounting plugin OnlineSubsystemGooglePlay
LogPluginManager: Mounting plugin OnlineSubsystemIOS
LogPluginManager: Mounting plugin OnlineSubsystem
LogPluginManager: Mounting plugin OnlineSubsystemNull
LogPluginManager: Mounting plugin OnlineSubsystemUtils
LogPluginManager: Mounting plugin LauncherChunkInstaller
LogPluginManager: Mounting plugin AndroidDeviceProfileSelector
LogPluginManager: Mounting plugin AndroidMoviePlayer
LogPluginManager: Mounting plugin AndroidPermission
LogPluginManager: Mounting plugin AppleMoviePlayer
LogPluginManager: Mounting plugin ArchVisCharacter
LogPluginManager: Mounting plugin AudioCapture
LogPluginManager: Mounting plugin CableComponent
LogPluginManager: Mounting plugin CustomMeshComponent
LogPluginManager: Mounting plugin EditableMesh
LogPluginManager: Mounting plugin ExampleDeviceProfileSelector
LogPluginManager: Mounting plugin GoogleCloudMessaging
LogPluginManager: Mounting plugin ImmediatePhysics
LogPluginManager: Mounting plugin IOSDeviceProfileSelector
LogPluginManager: Mounting plugin LinuxDeviceProfileSelector
LogPluginManager: Mounting plugin LocationServicesBPLibrary
LogPluginManager: Mounting plugin MobilePatchingUtils
LogPluginManager: Mounting plugin OculusVR
LogPluginManager: Plugin shader directory ../../../Engine/Plugins/Runtime/Oculus/OculusVR/Shaders found
LogPluginManager: Mapping shader source directory ../../../Engine/Plugins/Runtime/Oculus/OculusVR/Shaders to virtual directory /Plugin/OculusVR
LogPluginManager: Mounting plugin PhysXVehicles
LogPluginManager: Mounting plugin ProceduralMeshComponent
LogPluginManager: Mounting plugin RuntimePhysXCooking
LogPluginManager: Mounting plugin SteamVR
LogPluginManager: Mounting plugin WindowsMoviePlayer
LogStreaming: Display: Took  0.101s to configure plugins.
LogInit: Using libcurl 7.55.1-DEV
LogInit:  - built for x86_64-pc-win32
LogInit:  - supports SSL with OpenSSL/1.0.2h
LogInit:  - supports HTTP deflate (compression) using libz 1.2.8
LogInit:  - other features:
LogInit:      CURL_VERSION_SSL
LogInit:      CURL_VERSION_LIBZ
LogInit:      CURL_VERSION_IPV6
LogInit:      CURL_VERSION_ASYNCHDNS
LogInit:      CURL_VERSION_LARGEFILE
LogInit:      CURL_VERSION_IDN
LogInit:  CurlRequestOptions (configurable via config and command line):
LogInit:  - bVerifyPeer = false  - Libcurl will NOT verify peer certificate
LogInit:  - bUseHttpProxy = false  - Libcurl will NOT use HTTP proxy
LogInit:  - bDontReuseConnections = false  - Libcurl will reuse connections
LogInit:  - CertBundlePath = nullptr  - Libcurl will use whatever was configured at build time.
LogInit:  - MaxHostConnections = 16  - Libcurl will limit the number of connections to a host
LogInit:  - LocalHostAddr = Default
LogInit:  - BufferSize = 65536
LogInit: WinSock: version 1.1 (2.2), MaxSocks=32767, MaxUdp=65467
LogInit: Build: ++UE4+Release-4.20-CL-4369336
LogInit: Engine Version: 4.20.3-4369336+++UE4+Release-4.20
LogInit: Compatible Engine Version: 4.20.0-4212847+++UE4+Release-4.20
LogInit: Net CL: 4212847
LogInit: OS: Windows 10 (), CPU: Intel(R) Core(TM) i5-6600K CPU @ 3.50GHz, GPU: NVIDIA GeForce GTX 1070
LogInit: Compiled (64-bit): Sep 17 2018 12:26:19
LogInit: Compiled with Visual C++: 19.13.26129.00
LogInit: Build Configuration: Development
LogInit: Branch Name: ++UE4+Release-4.20
LogInit: Command Line: -EpicPortal 
LogInit: Base Directory: C:/Program Files/Epic Games/UE_4.20/Engine/Binaries/Win64/
LogInit: Installed Engine Build: 1
LogDevObjectVersion: Number of dev versions registered: 20
LogDevObjectVersion:   Dev-Blueprints (B0D832E4-1F89-4F0D-ACCF-7EB736FD4AA2): 10
LogDevObjectVersion:   Dev-Build (E1C64328-A22C-4D53-A36C-8E866417BD8C): 0
LogDevObjectVersion:   Dev-Core (375EC13C-06E4-48FB-B500-84F0262A717E): 2
LogDevObjectVersion:   Dev-Editor (E4B068ED-F494-42E9-A231-DA0B2E46BB41): 24
LogDevObjectVersion:   Dev-Framework (CFFC743F-43B0-4480-9391-14DF171D2073): 34
LogDevObjectVersion:   Dev-Mobile (B02B49B5-BB20-44E9-A304-32B752E40360): 2
LogDevObjectVersion:   Dev-Networking (A4E4105C-59A1-49B5-A7C5-40C4547EDFEE): 0
LogDevObjectVersion:   Dev-Online (39C831C9-5AE6-47DC-9A44-9C173E1C8E7C): 0
LogDevObjectVersion:   Dev-Physics (78F01B33-EBEA-4F98-B9B4-84EACCB95AA2): 0
LogDevObjectVersion:   Dev-Platform (6631380F-2D4D-43E0-8009-CF276956A95A): 0
LogDevObjectVersion:   Dev-Rendering (12F88B9F-8875-4AFC-A67C-D90C383ABD29): 26
LogDevObjectVersion:   Dev-Sequencer (7B5AE74C-D270-4C10-A958-57980B212A5A): 9
LogDevObjectVersion:   Dev-VR (D7296918-1DD6-4BDD-9DE2-64A83CC13884): 2
LogDevObjectVersion:   Dev-LoadTimes (C2A15278-BFE7-4AFE-6C17-90FF531DF755): 1
LogDevObjectVersion:   Private-Geometry (6EACA3D4-40EC-4CC1-B786-8BED09428FC5): 3
LogDevObjectVersion:   Dev-AnimPhys (29E575DD-E0A3-4627-9D10-D276232CDCEA): 17
LogDevObjectVersion:   Dev-ReflectionCapture (6B266CEC-1EC7-4B8F-A30B-E4D90942FC07): 1
LogDevObjectVersion:   Dev-Automation (0DF73D61-A23F-47EA-B727-89E90C41499A): 1
LogDevObjectVersion:   FortniteMain (601D1886-AC64-4F84-AA16-D3DE0DEAC7D6): 12
LogDevObjectVersion:   Dev-Enterprise (9DFFBCD6-494F-0158-E221-12823C92A888): 1
LogStreaming: Display: Took  0.000s to delete old logs.
LogInit: Presizing for max 8388607 objects, including 0 objects not considered by GC, pre-allocating 0 bytes for permanent pool.
LogInit: Object subsystem initialized
[2018.10.14-11.50.38:263][  0]LogInit: Selected Device Profile: [Windows]
[2018.10.14-11.50.38:264][  0]LogInit: Applying CVar settings loaded from the selected device profile: [Windows]
[2018.10.14-11.50.38:283][  0]LogHAL: Display: Platform has ~ 8 GB [8548642816 / 8589934592 / 8], which maps to Default [LargestMinGB=32, LargerMinGB=12, DefaultMinGB=8, SmallerMinGB=6, SmallestMinGB=0)
[2018.10.14-11.50.38:283][  0]LogInit: Setting Device Profile CVar: [[r.Vulkan.UseRealUBs:1]]
[2018.10.14-11.50.38:283][  0]LogInit: Going up to parent DeviceProfile []
[2018.10.14-11.50.38:283][  0]LogInit: Computer: DESKTOP-PUH8LJK
[2018.10.14-11.50.38:283][  0]LogInit: User: Jusu
[2018.10.14-11.50.38:283][  0]LogInit: CPU Page size=4096, Cores=4
[2018.10.14-11.50.38:283][  0]LogInit: High frequency timer resolution =3.421878 MHz
[2018.10.14-11.50.38:283][  0]LogMemory: Memory total: Physical=8.0GB (8GB approx)
[2018.10.14-11.50.38:283][  0]LogMemory: Platform Memory Stats for Windows
[2018.10.14-11.50.38:283][  0]LogMemory: Process Physical Memory: 99.18 MB used, 99.18 MB peak
[2018.10.14-11.50.38:283][  0]LogMemory: Process Virtual Memory: 82.88 MB used, 82.88 MB peak
[2018.10.14-11.50.38:283][  0]LogMemory: Physical Memory: 4110.54 MB used,  4042.08 MB free, 8152.62 MB total
[2018.10.14-11.50.38:283][  0]LogMemory: Virtual Memory: 4618.66 MB used,  4042.08 MB free, 134217728.00 MB total
[2018.10.14-11.50.38:301][  0]LogInit: Using OS detected language (fi-FI).
[2018.10.14-11.50.38:301][  0]LogInit: Using OS detected locale (fi-FI).
[2018.10.14-11.50.38:302][  0]LogTextLocalizationManager: No localization for 'fi-FI' exists, so 'en' will be used for the language.
[2018.10.14-11.50.38:655][  0]LogStreaming: Display: Took  0.355s to InitEngineTextLocalization.
[2018.10.14-11.50.38:656][  0]LogInit: Setting process to per monitor DPI aware
[2018.10.14-11.50.38:685][  0]LogSlate: New Slate User Created.  User Index 0, Is Virtual User: 0
[2018.10.14-11.50.38:685][  0]LogSlate: Slate User Registered.  User Index 0, Is Virtual User: 0
[2018.10.14-11.50.38:848][  0]LogHMD: Failed to initialize OpenVR with code 110
[2018.10.14-11.50.38:848][  0]LogD3D11RHI: D3D11 adapters:
[2018.10.14-11.50.38:897][  0]LogD3D11RHI:    0. 'NVIDIA GeForce GTX 1070' (Feature Level 11_0)
[2018.10.14-11.50.38:897][  0]LogD3D11RHI:       8088/0/4076 MB DedicatedVideo/DedicatedSystem/SharedSystem, Outputs:2, VendorId:0x10de
[2018.10.14-11.50.38:899][  0]LogD3D11RHI:    1. 'Microsoft Basic Render Driver' (Feature Level 11_0)
[2018.10.14-11.50.38:899][  0]LogD3D11RHI:       0/0/4076 MB DedicatedVideo/DedicatedSystem/SharedSystem, Outputs:0, VendorId:0x1414
[2018.10.14-11.50.38:899][  0]LogD3D11RHI: Chosen D3D11 Adapter: 0
[2018.10.14-11.50.38:904][  0]LogD3D11RHI: Creating new Direct3DDevice
[2018.10.14-11.50.38:904][  0]LogD3D11RHI:     GPU DeviceId: 0x1b81 (for the marketing name, search the web for "GPU Device Id")
[2018.10.14-11.50.38:904][  0]LogWindows: EnumDisplayDevices:
[2018.10.14-11.50.38:904][  0]LogWindows:    0. 'NVIDIA GeForce GTX 1070' (P:0 D:1)
[2018.10.14-11.50.38:904][  0]LogWindows:    1. 'NVIDIA GeForce GTX 1070' (P:1 D:1)
[2018.10.14-11.50.38:904][  0]LogWindows:    2. 'NVIDIA GeForce GTX 1070' (P:0 D:0)
[2018.10.14-11.50.38:904][  0]LogWindows:    3. 'NVIDIA GeForce GTX 1070' (P:0 D:0)
[2018.10.14-11.50.38:905][  0]LogWindows: DebugString: FoundDriverCount:4 
[2018.10.14-11.50.38:905][  0]LogD3D11RHI:     Adapter Name: NVIDIA GeForce GTX 1070
[2018.10.14-11.50.38:905][  0]LogD3D11RHI:   Driver Version: 416.34 (internal:25.21.14.1634, unified:416.34)
[2018.10.14-11.50.38:905][  0]LogD3D11RHI:      Driver Date: 10-10-2018
[2018.10.14-11.50.38:905][  0]LogRHI: Texture pool is 5661 MB (70% of 8088 MB)
[2018.10.14-11.50.38:942][  0]LogD3D11RHI: Async texture creation enabled
[2018.10.14-11.50.38:974][  0]LogD3D11RHI: GPU Timing Frequency: 1000.000000 (Debug: 2 2)
[2018.10.14-11.50.39:019][  0]LogShaderCompilers: Guid format shader working directory is -13 characters bigger than the processId version (../../../../../../Users/Jusu/Documents/pelihomma/MyProject/Intermediate/Shaders/WorkingDirectory/3104/).
[2018.10.14-11.50.39:019][  0]LogShaderCompilers: Cleaned the shader compiler working directory 'C:/Users/Jusu/AppData/Local/Temp/UnrealShaderWorkingDir/CB2DA8134049DF44EF709FA4A07688BE/'.
[2018.10.14-11.50.39:762][  0]LogTemp: Display: Loaded TP AllDesktopTargetPlatform
[2018.10.14-11.50.39:773][  0]LogTemp: Display: Loaded TP MacClientTargetPlatform
[2018.10.14-11.50.39:785][  0]LogTemp: Display: Loaded TP MacNoEditorTargetPlatform
[2018.10.14-11.50.39:798][  0]LogTemp: Display: Loaded TP MacServerTargetPlatform
[2018.10.14-11.50.39:811][  0]LogTemp: Display: Loaded TP MacTargetPlatform
[2018.10.14-11.50.39:823][  0]LogTemp: Display: Loaded TP WindowsClientTargetPlatform
[2018.10.14-11.50.39:836][  0]LogTemp: Display: Loaded TP WindowsNoEditorTargetPlatform
[2018.10.14-11.50.39:848][  0]LogTemp: Display: Loaded TP WindowsServerTargetPlatform
[2018.10.14-11.50.39:853][  0]LogTemp: Display: Loaded TP WindowsTargetPlatform
[2018.10.14-11.50.39:928][  0]LogTemp: Display: Loaded TP AndroidTargetPlatform
[2018.10.14-11.50.39:928][  0]LogTemp: Display: Loaded TP AndroidTargetPlatform
[2018.10.14-11.50.39:928][  0]LogTemp: Display: Loaded TP AndroidTargetPlatform
[2018.10.14-11.50.39:928][  0]LogTemp: Display: Loaded TP AndroidTargetPlatform
[2018.10.14-11.50.39:928][  0]LogTemp: Display: Loaded TP AndroidTargetPlatform
[2018.10.14-11.50.39:928][  0]LogTemp: Display: Loaded TP AndroidTargetPlatform
[2018.10.14-11.50.39:928][  0]LogTemp: Display: Loaded TP AndroidTargetPlatform
[2018.10.14-11.50.39:928][  0]LogTemp: Display: Loaded TP AndroidTargetPlatform
[2018.10.14-11.50.39:928][  0]LogTemp: Display: Loaded TP AndroidTargetPlatform
[2018.10.14-11.50.39:928][  0]LogTemp: Display: Loaded TP AndroidTargetPlatform
[2018.10.14-11.50.39:928][  0]LogTemp: Display: Loaded TP AndroidTargetPlatform
[2018.10.14-11.50.39:928][  0]LogTemp: Display: Loaded TP AndroidTargetPlatform
[2018.10.14-11.50.39:928][  0]LogTemp: Display: Loaded TP AndroidTargetPlatform
[2018.10.14-11.50.39:928][  0]LogTemp: Display: Loaded TP AndroidTargetPlatform
[2018.10.14-11.50.39:928][  0]LogTemp: Display: Loaded TP AndroidTargetPlatform
[2018.10.14-11.50.39:928][  0]LogTemp: Display: Loaded TP AndroidTargetPlatform
[2018.10.14-11.50.39:928][  0]LogTemp: Display: Loaded TP AndroidTargetPlatform
[2018.10.14-11.50.39:928][  0]LogTemp: Display: Loaded TP AndroidTargetPlatform
[2018.10.14-11.50.39:929][  0]LogTemp: Display: Loaded TP HTML5TargetPlatform
[2018.10.14-11.50.39:989][  0]LogTemp: Display: Loaded TP IOSTargetPlatform
[2018.10.14-11.50.39:989][  0]LogTemp: Display: Loaded TP IOSTargetPlatform
[2018.10.14-11.50.40:011][  0]LogTemp: Display: Loaded TP TVOSTargetPlatform
[2018.10.14-11.50.40:011][  0]LogTemp: Display: Loaded TP TVOSTargetPlatform
[2018.10.14-11.50.40:025][  0]LogTemp: Display: Loaded TP LinuxClientTargetPlatform
[2018.10.14-11.50.40:038][  0]LogTemp: Display: Loaded TP LinuxNoEditorTargetPlatform
[2018.10.14-11.50.40:049][  0]LogTemp: Display: Loaded TP LinuxServerTargetPlatform
[2018.10.14-11.50.40:061][  0]LogTemp: Display: Loaded TP LinuxTargetPlatform
[2018.10.14-11.50.40:069][  0]LogTemp: Display: Loaded TP LuminTargetPlatform
[2018.10.14-11.50.40:070][  0]LogTargetPlatformManager: Display: Building Assets For Windows
[2018.10.14-11.50.40:131][  0]LogXGEController: Cannot use XGE Controller as Incredibuild is not installed on this machine.
[2018.10.14-11.50.40:131][  0]LogShaderCompilers: Cannot use XGE Shader Compiler as Incredibuild is not installed on this machine.
[2018.10.14-11.50.40:131][  0]LogShaderCompilers: Display: Using Local Shader Compiler.
[2018.10.14-11.50.40:802][  0]LogDerivedDataCache: Display: Max Cache Size: 512 MB
[2018.10.14-11.50.40:873][  0]LogDerivedDataCache: Loaded boot cache 0.07s 87MB C:/Users/Jusu/AppData/Local/UnrealEngine/4.20/DerivedDataCache/Boot.ddc.
[2018.10.14-11.50.40:874][  0]LogDerivedDataCache: Display: Loaded Boot cache: C:/Users/Jusu/AppData/Local/UnrealEngine/4.20/DerivedDataCache/Boot.ddc
[2018.10.14-11.50.40:874][  0]LogDerivedDataCache: FDerivedDataBackendGraph:  Pak pak cache file ../../../../../../Users/Jusu/Documents/pelihomma/MyProject/DerivedDataCache/DDC.ddp not found, will not use a pak cache.
[2018.10.14-11.50.40:874][  0]LogDerivedDataCache: Unable to find inner node Pak for hierarchical cache Hierarchy.
[2018.10.14-11.50.40:874][  0]LogDerivedDataCache: FDerivedDataBackendGraph:  CompressedPak pak cache file ../../../../../../Users/Jusu/Documents/pelihomma/MyProject/DerivedDataCache/Compressed.ddp not found, will not use a pak cache.
[2018.10.14-11.50.40:874][  0]LogDerivedDataCache: Unable to find inner node CompressedPak for hierarchical cache Hierarchy.
[2018.10.14-11.50.40:886][  0]LogDerivedDataCache: Display: Pak cache opened for reading ../../../Engine/DerivedDataCache/Compressed.ddp.
[2018.10.14-11.50.40:898][  0]LogDerivedDataCache: Using Local data cache path C:/Users/Jusu/AppData/Local/UnrealEngine/Common/DerivedDataCache: Writable
[2018.10.14-11.50.40:898][  0]LogDerivedDataCache: Shared data cache path not found in *engine.ini, will not use an Shared cache.
[2018.10.14-11.50.40:898][  0]LogDerivedDataCache: Unable to find inner node Shared for hierarchical cache Hierarchy.
[2018.10.14-11.50.40:915][  0]LogMaterial: Verifying Global Shaders for PCD3D_SM5
[2018.10.14-11.50.40:917][  0]LogSlate: Using FreeType 2.6.0
[2018.10.14-11.50.40:917][  0]LogSlate: SlateFontServices - WITH_FREETYPE: 1, WITH_HARFBUZZ: 1
[2018.10.14-11.50.40:987][  0]LogAssetRegistry: FAssetRegistry took 0.0268 seconds to start up
[2018.10.14-11.50.41:274][  0]LogInit: Selected Device Profile: [Windows]
[2018.10.14-11.50.41:401][  0]LogSimplygon: Simplygon DLL not present - disabling.
[2018.10.14-11.50.41:404][  0]LogMeshReduction: Using SimplygonSwarm for distributed automatic mesh merging
[2018.10.14-11.50.41:404][  0]LogMeshReduction: Using ProxyLODMeshReduction for automatic mesh merging
[2018.10.14-11.50.41:404][  0]LogMeshReduction: Using QuadricMeshReduction for automatic static mesh reduction
[2018.10.14-11.50.41:404][  0]LogMeshReduction: No automatic skeletal mesh reduction module available
[2018.10.14-11.50.41:422][  0]LogNetVersion: MyProject 1.0.0, NetCL: 4212847, EngineNetVer: 5, GameNetVer: 0 (Checksum: 1110078900)
[2018.10.14-11.50.41:855][  0]LogPackageLocalizationCache: Processed 11 localized package path(s) for 1 prioritized culture(s) in 0.057345 seconds
[2018.10.14-11.50.41:861][  0]LogUObjectArray: 38425 objects as part of root set at end of initial load.
[2018.10.14-11.50.41:861][  0]LogUObjectAllocator: 6690864 out of 0 bytes used by permanent object pool.
[2018.10.14-11.50.41:861][  0]LogUObjectArray: CloseDisregardForGC: 0/0 objects in disregard for GC pool
[2018.10.14-11.50.42:630][  0]LogTcpMessaging: Initializing TcpMessaging bridge
[2018.10.14-11.50.42:643][  0]LogUdpMessaging: Initializing bridge on interface 0.0.0.0:0 to multicast group 230.0.0.1:6666.
[2018.10.14-11.50.42:788][  0]SourceControl: Source control is disabled
[2018.10.14-11.50.42:788][  0]LogWindows: Warning: CreateProc failed: Määritettyä tiedostoa ei löydy. (0x00000002)
[2018.10.14-11.50.42:788][  0]LogWindows: Warning: URL: C:/Program Files/Git/bin/git.exe version
[2018.10.14-11.50.42:789][  0]LogWindows: Warning: CreateProc failed: Määritettyä tiedostoa ei löydy. (0x00000002)
[2018.10.14-11.50.42:789][  0]LogWindows: Warning: URL: C:/Program Files (x86)/Git/bin/git.exe version
[2018.10.14-11.50.42:789][  0]LogWindows: Warning: CreateProc failed: Määritettyä tiedostoa ei löydy. (0x00000002)
[2018.10.14-11.50.42:789][  0]LogWindows: Warning: URL: C:\Users\Jusu\AppData\Local/Programs/Git/cmd/git.exe version
[2018.10.14-11.50.42:789][  0]LogWindows: Warning: CreateProc failed: Määritettyä tiedostoa ei löydy. (0x00000002)
[2018.10.14-11.50.42:789][  0]LogWindows: Warning: URL: C:/Program Files (x86)/SmartGit/git/bin/git.exe version
[2018.10.14-11.50.42:789][  0]LogWindows: Warning: CreateProc failed: Määritettyä tiedostoa ei löydy. (0x00000002)
[2018.10.14-11.50.42:789][  0]LogWindows: Warning: URL: C:/Program Files (x86)/SmartGit/bin/git.exe version
[2018.10.14-11.50.43:372][  0]LogAndroidPermission: UAndroidPermissionCallbackProxy::GetInstance
[2018.10.14-11.50.43:511][  0]LogOcInput: OculusInput pre-init called
[2018.10.14-11.50.43:565][  0]LogEngine: Initializing Engine...
[2018.10.14-11.50.43:565][  0]LogHMD: Failed to initialize OpenVR with code 110
[2018.10.14-11.50.43:566][  0]LogStats: UGameplayTagsManager::ConstructGameplayTagTree: ImportINI prefixes -  0.000 s
[2018.10.14-11.50.43:566][  0]LogStats: UGameplayTagsManager::ConstructGameplayTagTree: Construct from data asset -  0.000 s
[2018.10.14-11.50.43:566][  0]LogStats: UGameplayTagsManager::ConstructGameplayTagTree: ImportINI -  0.000 s
[2018.10.14-11.50.43:566][  0]LogStats: UGameplayTagsManager::ConstructGameplayTagTree: GameplayTagTreeChangedEvent.Broadcast -  0.000 s
[2018.10.14-11.50.43:767][  0]LogInit: Initializing FReadOnlyCVARCache
[2018.10.14-11.50.43:779][  0]LogAIModule: Creating AISystem for world Untitled
[2018.10.14-11.50.43:865][  0]LogInit: XAudio2 using 'Kuulokkeet (2–High Definition Audio -laite)' : 2 channels at 48 kHz using 16 bits per sample (channel mask 0x3)
[2018.10.14-11.50.43:878][  0]LogInit: FAudioDevice initialized.
[2018.10.14-11.50.43:878][  0]LogNetVersion: Set ProjectVersion to 1.0.0.0. Version Checksum will be recalculated on next use.
[2018.10.14-11.50.43:956][  0]LogDerivedDataCache: Saved boot cache 0.08s 71MB C:/Users/Jusu/AppData/Local/UnrealEngine/4.20/DerivedDataCache/Boot.ddc.
[2018.10.14-11.50.43:966][  0]LogInit: Texture streaming: Enabled
[2018.10.14-11.50.43:981][  0]LogEngineSessionManager: EngineSessionManager initialized
[2018.10.14-11.50.43:992][  0]LogInit: Transaction tracking system initialized
[2018.10.14-11.50.44:012][  0]BlueprintLog: New page: Editor Load
[2018.10.14-11.50.44:082][  0]LocalizationService: Localization service is disabled
[2018.10.14-11.50.44:319][  0]LogCook: Display: Max memory allowance for cook 16384mb min free memory 0mb
[2018.10.14-11.50.44:319][  0]LogCook: Display: Mobile HDR setting 1
[2018.10.14-11.50.44:319][  0]LogGameplayTags: Display: UGameplayTagsManager::DoneAddingNativeTags. DelegateIsBound: 0
[2018.10.14-11.50.44:319][  0]LogStats: UGameplayTagsManager::ConstructGameplayTagTree: ImportINI prefixes -  0.000 s
[2018.10.14-11.50.44:319][  0]LogStats: UGameplayTagsManager::ConstructGameplayTagTree: Construct from data asset -  0.000 s
[2018.10.14-11.50.44:319][  0]LogStats: UGameplayTagsManager::ConstructGameplayTagTree: ImportINI -  0.000 s
[2018.10.14-11.50.44:319][  0]LogStats: UGameplayTagsManager::ConstructGameplayTagTree: GameplayTagTreeChangedEvent.Broadcast -  0.000 s
[2018.10.14-11.50.44:421][  0]LogFileCache: Scanning file cache for directory 'C:/Users/Jusu/Documents/pelihomma/MyProject/Content/' took 0.02s
[2018.10.14-11.50.44:421][  0]Cmd: MAP LOAD FILE="../../../Engine/Content/Maps/Templates/Template_Default.umap" TEMPLATE=1 SHOWPROGRESS=1 FEATURELEVEL=3
[2018.10.14-11.50.44:421][  0]LightingResults: New page: Lighting Build
[2018.10.14-11.50.44:424][  0]MapCheck: New page: Map Check
[2018.10.14-11.50.44:424][  0]LightingResults: New page: Lighting Build
[2018.10.14-11.50.44:608][  0]LogAIModule: Creating AISystem for world Untitled_1
[2018.10.14-11.50.44:615][  0]LogEditorServer: Finished looking for orphan Actors (0.000 secs)
[2018.10.14-11.50.44:637][  0]Cmd: MAP CHECKDEP NOCLEARLOG
[2018.10.14-11.50.44:695][  0]MapCheck: Map check complete: 0 Error(s), 0 Warning(s), took 58,703ms to complete.
[2018.10.14-11.50.44:695][  0]LogFileHelpers: Loading map 'Template_Default' took 0.275
[2018.10.14-11.50.44:816][  0]LogSlate: Updating window title bar state: overlay mode, drag disabled, window buttons hidden, title bar hidden
[2018.10.14-11.50.44:824][  0]LogSlate: Updating window title bar state: overlay mode, drag disabled, window buttons hidden, title bar hidden
[2018.10.14-11.50.44:832][  0]LogSlate: Updating window title bar state: overlay mode, drag disabled, window buttons hidden, title bar hidden
[2018.10.14-11.50.44:840][  0]LogSlate: Updating window title bar state: overlay mode, drag disabled, window buttons hidden, title bar hidden
[2018.10.14-11.50.44:854][  0]LogCollectionManager: Loaded 0 collections in 0.001554 seconds
[2018.10.14-11.50.44:898][  0]LogFileCache: Scanning file cache for directory 'C:/Users/Jusu/Documents/pelihomma/MyProject/Saved/Collections/' took 0.01s
[2018.10.14-11.50.44:898][  0]LogFileCache: Scanning file cache for directory 'C:/Users/Jusu/Documents/pelihomma/MyProject/Content/Developers/Jusu/Collections/' took 0.01s
[2018.10.14-11.50.44:898][  0]LogFileCache: Scanning file cache for directory 'C:/Users/Jusu/Documents/pelihomma/MyProject/Content/Collections/' took 0.01s
[2018.10.14-11.50.44:898][  0]LogCollectionManager: Rebuilt the GUID cache for 0 collections in 0.000000 seconds
[2018.10.14-11.50.44:906][  0]LogContentBrowser: Native class hierarchy populated in 0.0074 seconds. Added 2572 classes and 603 folders.
[2018.10.14-11.50.44:911][  0]LogContentBrowser: Native class hierarchy updated for 'WidgetCarousel' in 0.0002 seconds. Added 0 classes and 0 folders.
[2018.10.14-11.50.45:276][  0]LogContentBrowser: Native class hierarchy updated for 'AddContentDialog' in 0.0002 seconds. Added 0 classes and 0 folders.
[2018.10.14-11.50.45:292][  0]LogContentBrowser: Native class hierarchy updated for 'SceneOutliner' in 0.0003 seconds. Added 1 classes and 2 folders.
[2018.10.14-11.50.46:410][  0]LogSlate: Only BGRA pngs, bmps or icos are supported in by External Image Picker
[2018.10.14-11.50.46:440][  0]LogSlate: Took 0.000370 seconds to synchronously load lazily loaded font '../../../Engine/Content/Slate/Fonts/Roboto-Regular.ttf' (155K)
[2018.10.14-11.50.46:451][  0]LogSlate: Took 0.000268 seconds to synchronously load lazily loaded font '../../../Engine/Content/Slate/Fonts/Roboto-Bold.ttf' (160K)
[2018.10.14-11.50.46:463][  0]LogSlate: Took 0.006656 seconds to synchronously load lazily loaded font '../../../Engine/Content/Editor/Slate/Fonts/FontAwesome.ttf' (139K)
[2018.10.14-11.50.46:570][  0]LogTemp: Executing iPhonePackager certificates Engine -bundlename com.YourCompany.MyProject
[2018.10.14-11.50.46:570][  0]LogTemp: CWD: C:\Program Files\Epic Games\UE_4.20\Engine\Binaries\DotNET\IOS
[2018.10.14-11.50.46:570][  0]LogTemp: Initial Dir: C:\Program Files\Epic Games\UE_4.20
[2018.10.14-11.50.46:570][  0]LogTemp: Env CWD: C:\Program Files\Epic Games\UE_4.20\Engine\Binaries\DotNET\IOS
[2018.10.14-11.50.46:570][  0]LogTemp: BranchPath = DESKTOP-PUH8LJK/C/Program Files/Epic Games/UE_4.20/Engine/Binaries --- GameBranchPath = DESKTOP-PUH8LJK/C/Program Files/Epic Games/UE_4.20/Engine/Binaries
[2018.10.14-11.50.46:570][  0]LogTemp: IPP ERROR: Could not find provision directory 'C:\Users\Jusu\AppData\Local/Apple Computer/MobileDevice/Provisioning Profiles/'.
[2018.10.14-11.50.46:570][  0]LogRenderer: Reallocating scene render targets to support 1208x576 Format 10 NumSamples 1 (Frame:1).
[2018.10.14-11.50.46:682][  0]LogContentBrowser: Native class hierarchy updated for 'HierarchicalLODOutliner' in 0.0002 seconds. Added 0 classes and 0 folders.
[2018.10.14-11.50.46:682][  0]LogLoad: (Engine Initialization) Total time: 9.79 seconds
[2018.10.14-11.50.46:682][  0]LogLoad: (Engine Initialization) Total Blueprint compile time: 0.00 seconds
[2018.10.14-11.50.46:693][  0]LogWindowsTextInputMethodSystem: Display: IME system now deactivated.
[2018.10.14-11.50.46:719][  0]LogContentStreaming: Texture pool size now 1000 MB
[2018.10.14-11.50.46:764][  1]LogAssetRegistry: Asset discovery search completed in 5.7998 seconds
[2018.10.14-11.50.46:766][  1]LogCollectionManager: Rebuilt the object cache for 0 collections in 0.000000 seconds (found 0 objects)
[2018.10.14-11.50.46:766][  1]LogCollectionManager: Fixed up redirectors for 0 collections in 0.000062 seconds (updated 0 objects)
[2018.10.14-11.50.47:721][109]LogSlate: Took 0.005661 seconds to synchronously load lazily loaded font '../../../Engine/Content/Slate/Fonts/Roboto-Light.ttf' (167K)
[2018.10.14-11.50.50:748][471]LogSlate: Took 0.000155 seconds to synchronously load lazily loaded font '../../../Engine/Content/Slate/Fonts/Roboto-Light.ttf' (167K)
[2018.10.14-11.50.58:665][418]LogSlate: FSceneViewport::OnFocusLost() reason 0
[2018.10.14-11.50.58:723][425]LogSlate: Window 'Project Settings' being destroyed
[2018.10.14-11.50.58:726][425]LogSlate: Window 'Project Settings' being destroyed
[2018.10.14-11.51.01:952][810]LogSlate: FSceneViewport::OnFocusLost() reason 0
[2018.10.14-12.40.51:613][499]LogSlate: FSceneViewport::OnFocusLost() reason 0
[2018.10.14-12.43.45:215][169]LogSlate: Window 'Pick Parent Class' being destroyed
[2018.10.14-12.43.55:243][342]LogAssetEditorManager: Opening Asset editor for Blueprint /Game/Blueprints/AvoidablesPool.AvoidablesPool
[2018.10.14-12.43.55:794][342]LogContentBrowser: Native class hierarchy updated for 'BlueprintGraph' in 0.0006 seconds. Added 116 classes and 0 folders.
[2018.10.14-12.43.56:653][342]LogSlate: Took 0.004525 seconds to synchronously load lazily loaded font '../../../Engine/Content/Slate/Fonts/Roboto-BoldCondensed.ttf' (158K)
[2018.10.14-12.43.56:807][343]LogSlate: Took 0.004836 seconds to synchronously load lazily loaded font '../../../Engine/Content/Slate/Fonts/Roboto-Italic.ttf' (157K)
[2018.10.14-12.44.19:084][837]LogSlate: Window 'AvoidablesPool*' being destroyed
[2018.10.14-12.44.19:087][837]LogSlate: Window 'AvoidablesPool*' being destroyed
[2018.10.14-12.44.21:972][174]LogAssetEditorManager: Opening Asset editor for Blueprint /Game/Blueprints/AvoidableHurt.AvoidableHurt
[2018.10.14-12.44.32:932][395]LogSlate: Window 'AvoidableHurt' being destroyed
[2018.10.14-12.44.32:935][395]LogSlate: Window 'AvoidableHurt' being destroyed
[2018.10.14-12.44.58:974][466]LogAssetEditorManager: Opening Asset editor for Blueprint /Game/Blueprints/CollectiblesPool.CollectiblesPool
[2018.10.14-12.45.05:649][179]LogSlate: Window 'CollectiblesPool' being destroyed
[2018.10.14-12.45.05:652][179]LogSlate: Window 'CollectiblesPool' being destroyed
[2018.10.14-12.45.14:889][377]LogSlate: Window 'Pick Parent Class' being destroyed
[2018.10.14-12.45.25:755][664]LogAssetEditorManager: Opening Asset editor for Blueprint /Game/Blueprints/CollectibleCoins.CollectibleCoins
[2018.10.14-12.45.28:113][896]LogSlate: FSceneViewport::OnFocusLost() reason 0
[2018.10.14-12.45.32:742][418]LogTexture: Display: Building textures: Kolikko (AutoDXT, 176X168)
[2018.10.14-12.45.37:459][954]LogSlate: FSceneViewport::OnFocusLost() reason 0
[2018.10.14-12.45.51:975][604]LogSlate: FSceneViewport::OnFocusLost() reason 2
[2018.10.14-12.46.01:774][719]LogSlate: FSceneViewport::OnFocusLost() reason 2
[2018.10.14-12.46.15:608][302]LogSlate: FSceneViewport::OnFocusLost() reason 0
[2018.10.14-12.46.15:757][308]Cmd: OBJ SAVEPACKAGE PACKAGE="/Game/Blueprints/CollectibleCoins" FILE="../../../../../../Users/Jusu/Documents/pelihomma/MyProject/Content/Blueprints/CollectibleCoins.uasset" SILENT=true
[2018.10.14-12.46.15:772][308]LogSavePackage: Moving '../../../../../../Users/Jusu/Documents/pelihomma/MyProject/Saved/CollectibleCoinsBFFFDF05480B4A8E149BE8A1B8205A97.tmp' to '../../../../../../Users/Jusu/Documents/pelihomma/MyProject/Content/Blueprints/CollectibleCoins.uasset'
[2018.10.14-12.46.16:429][369]BlueprintLog: New page: Compile CollectibleCoins
[2018.10.14-12.46.37:394][759]LogSlate: FSceneViewport::OnFocusLost() reason 0
[2018.10.14-12.46.56:367][988]LogAssetEditorManager: Opening Asset editor for Blueprint /Game/Blueprints/AvoidableHurt.AvoidableHurt
[2018.10.14-12.47.00:784][416]LogAssetEditorManager: Opening Asset editor for Blueprint /Game/Blueprints/Avoidables.Avoidables
[2018.10.14-12.47.55:201][752]LogAssetEditorManager: Opening Asset editor for Blueprint /Game/Blueprints/BBGameChar.BBGameChar
[2018.10.14-12.48.54:431][  2]LogSlate: Took 0.005340 seconds to synchronously load lazily loaded font '../../../Engine/Content/Slate/Fonts/Roboto-BoldCondensedItalic.ttf' (160K)
[2018.10.14-12.49.54:674][719]Cmd: OBJ SAVEPACKAGE PACKAGE="/Game/Blueprints/CollectibleCoins" FILE="../../../../../../Users/Jusu/Documents/pelihomma/MyProject/Content/Blueprints/CollectibleCoins.uasset" SILENT=true
[2018.10.14-12.49.54:707][719]LogSavePackage: Moving '../../../../../../Users/Jusu/Documents/pelihomma/MyProject/Saved/CollectibleCoinsAE6B9C094761899E5930408CB91C7631.tmp' to '../../../../../../Users/Jusu/Documents/pelihomma/MyProject/Content/Blueprints/CollectibleCoins.uasset'
[2018.10.14-12.49.54:836][732]BlueprintLog: New page: Compile CollectibleCoins
[2018.10.14-12.49.54:842][732]LogBlueprint: Error: [Compiler CollectibleCoins] Event node  Event ActorBeginOverlap  registers net  Other Actor  in a non-event graph.
[2018.10.14-12.49.54:843][732]LogBlueprint: Error: [Compiler CollectibleCoins] Event node  Event ActorBeginOverlap  registers net  Other Actor  in a non-event graph.
[2018.10.14-12.49.54:972][732]LogBlueprint: Warning: [Compiler CollectibleCoins] [3558,08] Compile of CollectibleCoins failed. 2 Fatal Issue(s) 0 Warning(s) [in 136 ms] (/Game/Blueprints/CollectibleCoins.CollectibleCoins)
[2018.10.14-12.50.38:026][621]LogClass: Warning: In asset 'None', there is an enum property of type 'ECanBeCharacterBase' with an invalid value of ''
[2018.10.14-12.50.39:918][829]LogClass: Warning: In asset 'None', there is an enum property of type 'ECollisionEnabled' with an invalid value of ''
[2018.10.14-12.50.39:919][829]LogClass: Warning: In asset 'None', there is an enum property of type 'ECollisionChannel' with an invalid value of ''
[2018.10.14-12.52.09:536][917]Cmd: OBJ SAVEPACKAGE PACKAGE="/Game/Blueprints/CollectibleCoins" FILE="../../../../../../Users/Jusu/Documents/pelihomma/MyProject/Content/Blueprints/CollectibleCoins.uasset" SILENT=true
[2018.10.14-12.52.09:561][917]LogSavePackage: Moving '../../../../../../Users/Jusu/Documents/pelihomma/MyProject/Saved/CollectibleCoins062DFD9E40DF09F8CD4D678AC8CED592.tmp' to '../../../../../../Users/Jusu/Documents/pelihomma/MyProject/Content/Blueprints/CollectibleCoins.uasset'
[2018.10.14-12.52.10:707][ 47]BlueprintLog: New page: Compile CollectibleCoins
[2018.10.14-12.52.29:675][153]LogAssetEditorManager: Opening Asset editor for WidgetBlueprint /Game/GUIs/MainMenu_GUI.MainMenu_GUI
[2018.10.14-12.53.45:107][721]LogAssetEditorManager: Opening Asset editor for PaperSprite /Game/Sprites/Main_Menu_Screen_Auto1_Sprite.Main_Menu_Screen_Auto1_Sprite
[2018.10.14-12.53.45:280][722]LogRenderer: Reallocating scene render targets to support 1208x696 Format 10 NumSamples 1 (Frame:1).
[2018.10.14-12.54.08:713][558]Cmd: OBJ SAVEPACKAGE PACKAGE="/Game/GUIs/MainMenu_GUI" FILE="../../../../../../Users/Jusu/Documents/pelihomma/MyProject/Content/GUIs/MainMenu_GUI.uasset" SILENT=true
[2018.10.14-12.54.08:745][558]LogSavePackage: Moving '../../../../../../Users/Jusu/Documents/pelihomma/MyProject/Saved/MainMenu_GUIB85336CB4EC68F372D812BA1C1B3C74F.tmp' to '../../../../../../Users/Jusu/Documents/pelihomma/MyProject/Content/GUIs/MainMenu_GUI.uasset'
[2018.10.14-12.54.09:665][609]BlueprintLog: New page: Compile MainMenu_GUI
[2018.10.14-12.54.15:121][990]LogAIModule: Creating AISystem for world MainMenu_Level
[2018.10.14-12.54.15:123][990]LogAssetEditorManager: Opening Asset editor for World /Game/Levels/MainMenu_Level.MainMenu_Level
[2018.10.14-12.54.16:395][990]LogSlate: Window 'Save Content' being destroyed
[2018.10.14-12.54.16:487][990]Cmd: OBJ SAVEPACKAGE PACKAGE="/Game/Blueprints/AvoidablesPool" FILE="../../../../../../Users/Jusu/Documents/pelihomma/MyProject/Content/Blueprints/AvoidablesPool.uasset" SILENT=true
[2018.10.14-12.54.16:545][990]LogSavePackage: Moving '../../../../../../Users/Jusu/Documents/pelihomma/MyProject/Saved/AvoidablesPoolCF18C7724DC1C6A8B88AD89754EFE491.tmp' to '../../../../../../Users/Jusu/Documents/pelihomma/MyProject/Content/Blueprints/AvoidablesPool.uasset'
[2018.10.14-12.54.16:548][990]Cmd: OBJ SAVEPACKAGE PACKAGE="/Game/Blueprints/BBGameChar" FILE="../../../../../../Users/Jusu/Documents/pelihomma/MyProject/Content/Blueprints/BBGameChar.uasset" SILENT=true
[2018.10.14-12.54.16:613][990]LogSavePackage: Moving '../../../../../../Users/Jusu/Documents/pelihomma/MyProject/Saved/BBGameChar091A709749AA236872727D895D642E96.tmp' to '../../../../../../Users/Jusu/Documents/pelihomma/MyProject/Content/Blueprints/BBGameChar.uasset'
[2018.10.14-12.54.16:617][990]Cmd: MAP LOAD FILE="../../../../../../Users/Jusu/Documents/pelihomma/MyProject/Content/Levels/MainMenu_Level.umap" TEMPLATE=0 SHOWPROGRESS=1 FEATURELEVEL=3
[2018.10.14-12.54.16:617][990]LightingResults: New page: Lighting Build
[2018.10.14-12.54.16:618][990]LoadErrors: New page: Loading map: MainMenu_Level.umap
[2018.10.14-12.54.16:619][990]MapCheck: New page: Map Check
[2018.10.14-12.54.16:619][990]LightingResults: New page: Lighting Build
[2018.10.14-12.54.16:657][990]LogEditorServer: Finished looking for orphan Actors (0.000 secs)
[2018.10.14-12.54.16:718][990]Cmd: MAP CHECKDEP NOCLEARLOG
[2018.10.14-12.54.16:797][990]MapCheck: Map check complete: 0 Error(s), 0 Warning(s), took 78,99ms to complete.
[2018.10.14-12.54.16:797][990]LogFileHelpers: Loading map 'MainMenu_Level' took 0.182
[2018.10.14-12.54.19:196][272]LogTemp: Repeating last play command: Selected Viewport
[2018.10.14-12.54.19:235][272]LogBlueprintUserMessages: Early PlayInEditor Detection: Level '/Game/Levels/MainMenu_Level.MainMenu_Level:PersistentLevel' has LevelScriptBlueprint '/Game/Levels/MainMenu_Level.MainMenu_Level:PersistentLevel.MainMenu_Level' with GeneratedClass '/Game/Levels/MainMenu_Level.MainMenu_Level_C' with ClassGeneratedBy '/Game/Levels/MainMenu_Level.MainMenu_Level:PersistentLevel.MainMenu_Level'
[2018.10.14-12.54.19:235][272]BlueprintLog: New page: Pre-Play auto-recompile
[2018.10.14-12.54.19:263][272]LogPlayLevel: [PlayLevel] Compiling BBGameChar before play...
[2018.10.14-12.54.19:418][272]LogPlayLevel: [PlayLevel] Compiling AvoidablesPool before play...
[2018.10.14-12.54.19:472][272]LogPlayLevel: PlayLevel: Blueprint regeneration took 236 ms (2 blueprints)
[2018.10.14-12.54.19:485][272]PIE: New page: PIE session: MainMenu_Level (14.10.2018 18.54.19)
[2018.10.14-12.54.19:485][272]LogPlayLevel: Creating play world package: /Game/Levels/UEDPIE_0_MainMenu_Level
[2018.10.14-12.54.19:486][272]LogPlayLevel: PIE: StaticDuplicateObject took: (0.001174s)
[2018.10.14-12.54.19:487][272]LogAIModule: Creating AISystem for world MainMenu_Level
[2018.10.14-12.54.19:487][272]LogPlayLevel: PIE: World Init took: (0.000735s)
[2018.10.14-12.54.19:487][272]LogPlayLevel: PIE: Created PIE world by copying editor world from /Game/Levels/MainMenu_Level.MainMenu_Level to /Game/Levels/UEDPIE_0_MainMenu_Level.MainMenu_Level (0.002023s)
[2018.10.14-12.54.19:548][272]LogInit: XAudio2 using 'Kuulokkeet (2–High Definition Audio -laite)' : 2 channels at 48 kHz using 16 bits per sample (channel mask 0x3)
[2018.10.14-12.54.19:561][272]LogInit: FAudioDevice initialized.
[2018.10.14-12.54.19:602][272]LogLoad: Game class is 'GameModeBase'
[2018.10.14-12.54.19:603][272]LogWorld: Bringing World /Game/Levels/UEDPIE_0_MainMenu_Level.MainMenu_Level up for play (max tick rate 0) at 2018.10.14-15.54.19
[2018.10.14-12.54.19:603][272]LogWorld: Bringing up level for play took: 0.000405
[2018.10.14-12.54.19:627][272]LogContentBrowser: Native class hierarchy updated for 'MovieSceneCapture' in 0.0003 seconds. Added 10 classes and 0 folders.
[2018.10.14-12.54.19:628][272]PIE: Play in editor start time for /Game/Levels/UEDPIE_0_MainMenu_Level 0,496
[2018.10.14-12.54.19:628][272]LogBlueprintUserMessages: Late PlayInEditor Detection: Level '/Game/Levels/MainMenu_Level.MainMenu_Level:PersistentLevel' has LevelScriptBlueprint '/Game/Levels/MainMenu_Level.MainMenu_Level:PersistentLevel.MainMenu_Level' with GeneratedClass '/Game/Levels/MainMenu_Level.MainMenu_Level_C' with ClassGeneratedBy '/Game/Levels/MainMenu_Level.MainMenu_Level:PersistentLevel.MainMenu_Level'
[2018.10.14-12.54.34:762][760]Cmd: OBJ SAVEPACKAGE PACKAGE="/Game/GUIs/MainMenu_GUI" FILE="../../../../../../Users/Jusu/Documents/pelihomma/MyProject/Content/GUIs/MainMenu_GUI.uasset" SILENT=true
[2018.10.14-12.54.34:789][760]LogSavePackage: Moving '../../../../../../Users/Jusu/Documents/pelihomma/MyProject/Saved/MainMenu_GUICB6679814722423B21AFE3ABFE1A9E8F.tmp' to '../../../../../../Users/Jusu/Documents/pelihomma/MyProject/Content/GUIs/MainMenu_GUI.uasset'
[2018.10.14-12.54.37:817][  7]LogSlate: FSceneViewport::OnFocusLost() reason 0
[2018.10.14-12.54.39:077][158]LogSlate: FSceneViewport::OnFocusLost() reason 0
[2018.10.14-12.54.39:153][167]LogBlueprintUserMessages: Early EndPlayMap Detection: Level '/Game/Levels/MainMenu_Level.MainMenu_Level:PersistentLevel' has LevelScriptBlueprint '/Game/Levels/MainMenu_Level.MainMenu_Level:PersistentLevel.MainMenu_Level' with GeneratedClass '/Game/Levels/MainMenu_Level.MainMenu_Level_C' with ClassGeneratedBy '/Game/Levels/MainMenu_Level.MainMenu_Level:PersistentLevel.MainMenu_Level'
[2018.10.14-12.54.39:153][167]LogSlate: Updating window title bar state: overlay mode, drag disabled, window buttons hidden, title bar hidden
[2018.10.14-12.54.39:186][167]LogPlayLevel: Display: Shutting down PIE online subsystems
[2018.10.14-12.54.39:187][167]LogBlueprintUserMessages: Late EndPlayMap Detection: Level '/Game/Levels/MainMenu_Level.MainMenu_Level:PersistentLevel' has LevelScriptBlueprint '/Game/Levels/MainMenu_Level.MainMenu_Level:PersistentLevel.MainMenu_Level' with GeneratedClass '/Game/Levels/MainMenu_Level.MainMenu_Level_C' with ClassGeneratedBy '/Game/Levels/MainMenu_Level.MainMenu_Level:PersistentLevel.MainMenu_Level'
[2018.10.14-12.54.39:222][167]LogSlate: Updating window title bar state: overlay mode, drag disabled, window buttons hidden, title bar hidden
[2018.10.14-12.54.39:252][170]LogPlayLevel: Display: Destroying online subsystem :Context_12
[2018.10.14-12.54.39:677][221]LogTemp: Repeating last play command: Selected Viewport
[2018.10.14-12.54.39:705][221]LogBlueprintUserMessages: Early PlayInEditor Detection: Level '/Game/Levels/MainMenu_Level.MainMenu_Level:PersistentLevel' has LevelScriptBlueprint '/Game/Levels/MainMenu_Level.MainMenu_Level:PersistentLevel.MainMenu_Level' with GeneratedClass '/Game/Levels/MainMenu_Level.MainMenu_Level_C' with ClassGeneratedBy '/Game/Levels/MainMenu_Level.MainMenu_Level:PersistentLevel.MainMenu_Level'
[2018.10.14-12.54.39:705][221]BlueprintLog: New page: Pre-Play auto-recompile
[2018.10.14-12.54.39:712][221]LogPlayLevel: [PlayLevel] Compiling MainMenu_GUI before play...
[2018.10.14-12.54.39:894][221]LogPlayLevel: PlayLevel: Blueprint regeneration took 188 ms (1 blueprints)
[2018.10.14-12.54.39:894][221]PIE: New page: PIE session: MainMenu_Level (14.10.2018 18.54.39)
[2018.10.14-12.54.39:894][221]LogPlayLevel: Creating play world package: /Game/Levels/UEDPIE_0_MainMenu_Level
[2018.10.14-12.54.39:895][221]LogPlayLevel: PIE: StaticDuplicateObject took: (0.001177s)
[2018.10.14-12.54.39:895][221]LogAIModule: Creating AISystem for world MainMenu_Level
[2018.10.14-12.54.39:896][221]LogPlayLevel: PIE: World Init took: (0.000628s)
[2018.10.14-12.54.39:896][221]LogPlayLevel: PIE: Created PIE world by copying editor world from /Game/Levels/MainMenu_Level.MainMenu_Level to /Game/Levels/UEDPIE_0_MainMenu_Level.MainMenu_Level (0.001920s)
[2018.10.14-12.54.39:950][221]LogInit: XAudio2 using 'Kuulokkeet (2–High Definition Audio -laite)' : 2 channels at 48 kHz using 16 bits per sample (channel mask 0x3)
[2018.10.14-12.54.39:960][221]LogInit: FAudioDevice initialized.
[2018.10.14-12.54.39:991][221]LogLoad: Game class is 'GameModeBase'
[2018.10.14-12.54.39:991][221]LogWorld: Bringing World /Game/Levels/UEDPIE_0_MainMenu_Level.MainMenu_Level up for play (max tick rate 0) at 2018.10.14-15.54.39
[2018.10.14-12.54.39:992][221]LogWorld: Bringing up level for play took: 0.000370
[2018.10.14-12.54.40:004][221]PIE: Play in editor start time for /Game/Levels/UEDPIE_0_MainMenu_Level 0,873
[2018.10.14-12.54.40:004][221]LogBlueprintUserMessages: Late PlayInEditor Detection: Level '/Game/Levels/MainMenu_Level.MainMenu_Level:PersistentLevel' has LevelScriptBlueprint '/Game/Levels/MainMenu_Level.MainMenu_Level:PersistentLevel.MainMenu_Level' with GeneratedClass '/Game/Levels/MainMenu_Level.MainMenu_Level_C' with ClassGeneratedBy '/Game/Levels/MainMenu_Level.MainMenu_Level:PersistentLevel.MainMenu_Level'
[2018.10.14-12.54.43:371][622]LogBlueprintUserMessages: Early EndPlayMap Detection: Level '/Game/Levels/MainMenu_Level.MainMenu_Level:PersistentLevel' has LevelScriptBlueprint '/Game/Levels/MainMenu_Level.MainMenu_Level:PersistentLevel.MainMenu_Level' with GeneratedClass '/Game/Levels/MainMenu_Level.MainMenu_Level_C' with ClassGeneratedBy '/Game/Levels/MainMenu_Level.MainMenu_Level:PersistentLevel.MainMenu_Level'
[2018.10.14-12.54.43:372][622]LogSlate: Updating window title bar state: overlay mode, drag disabled, window buttons hidden, title bar hidden
[2018.10.14-12.54.43:408][622]LogPlayLevel: Display: Shutting down PIE online subsystems
[2018.10.14-12.54.43:408][622]LogBlueprintUserMessages: Late EndPlayMap Detection: Level '/Game/Levels/MainMenu_Level.MainMenu_Level:PersistentLevel' has LevelScriptBlueprint '/Game/Levels/MainMenu_Level.MainMenu_Level:PersistentLevel.MainMenu_Level' with GeneratedClass '/Game/Levels/MainMenu_Level.MainMenu_Level_C' with ClassGeneratedBy '/Game/Levels/MainMenu_Level.MainMenu_Level:PersistentLevel.MainMenu_Level'
[2018.10.14-12.54.43:442][622]LogSlate: Updating window title bar state: overlay mode, drag disabled, window buttons hidden, title bar hidden
[2018.10.14-12.54.43:479][624]LogPlayLevel: Display: Destroying online subsystem :Context_13
[2018.10.14-12.56.31:297][107]Cmd: OBJ SAVEPACKAGE PACKAGE="/Game/GUIs/MainMenu_GUI" FILE="../../../../../../Users/Jusu/Documents/pelihomma/MyProject/Content/GUIs/MainMenu_GUI.uasset" SILENT=true
[2018.10.14-12.56.31:331][107]LogSavePackage: Moving '../../../../../../Users/Jusu/Documents/pelihomma/MyProject/Saved/MainMenu_GUI76F3AFE5481868B2EBC37982B85251E4.tmp' to '../../../../../../Users/Jusu/Documents/pelihomma/MyProject/Content/GUIs/MainMenu_GUI.uasset'
[2018.10.14-12.56.31:952][179]BlueprintLog: New page: Compile MainMenu_GUI
[2018.10.14-12.56.34:594][487]LogTemp: Repeating last play command: Selected Viewport
[2018.10.14-12.56.34:621][487]LogBlueprintUserMessages: Early PlayInEditor Detection: Level '/Game/Levels/MainMenu_Level.MainMenu_Level:PersistentLevel' has LevelScriptBlueprint '/Game/Levels/MainMenu_Level.MainMenu_Level:PersistentLevel.MainMenu_Level' with GeneratedClass '/Game/Levels/MainMenu_Level.MainMenu_Level_C' with ClassGeneratedBy '/Game/Levels/MainMenu_Level.MainMenu_Level:PersistentLevel.MainMenu_Level'
[2018.10.14-12.56.34:621][487]LogPlayLevel: PlayLevel: No blueprints needed recompiling
[2018.10.14-12.56.34:621][487]PIE: New page: PIE session: MainMenu_Level (14.10.2018 18.56.34)
[2018.10.14-12.56.34:621][487]LogPlayLevel: Creating play world package: /Game/Levels/UEDPIE_0_MainMenu_Level
[2018.10.14-12.56.34:623][487]LogPlayLevel: PIE: StaticDuplicateObject took: (0.001230s)
[2018.10.14-12.56.34:623][487]LogAIModule: Creating AISystem for world MainMenu_Level
[2018.10.14-12.56.34:623][487]LogPlayLevel: PIE: World Init took: (0.000589s)
[2018.10.14-12.56.34:623][487]LogPlayLevel: PIE: Created PIE world by copying editor world from /Game/Levels/MainMenu_Level.MainMenu_Level to /Game/Levels/UEDPIE_0_MainMenu_Level.MainMenu_Level (0.001919s)
[2018.10.14-12.56.34:681][487]LogInit: XAudio2 using 'Kuulokkeet (2–High Definition Audio -laite)' : 2 channels at 48 kHz using 16 bits per sample (channel mask 0x3)
[2018.10.14-12.56.34:691][487]LogInit: FAudioDevice initialized.
[2018.10.14-12.56.34:720][487]LogLoad: Game class is 'GameModeBase'
[2018.10.14-12.56.34:721][487]LogWorld: Bringing World /Game/Levels/UEDPIE_0_MainMenu_Level.MainMenu_Level up for play (max tick rate 0) at 2018.10.14-15.56.34
[2018.10.14-12.56.34:721][487]LogWorld: Bringing up level for play took: 0.000512
[2018.10.14-12.56.34:733][487]PIE: Play in editor start time for /Game/Levels/UEDPIE_0_MainMenu_Level −0,397
[2018.10.14-12.56.34:733][487]LogBlueprintUserMessages: Late PlayInEditor Detection: Level '/Game/Levels/MainMenu_Level.MainMenu_Level:PersistentLevel' has LevelScriptBlueprint '/Game/Levels/MainMenu_Level.MainMenu_Level:PersistentLevel.MainMenu_Level' with GeneratedClass '/Game/Levels/MainMenu_Level.MainMenu_Level_C' with ClassGeneratedBy '/Game/Levels/MainMenu_Level.MainMenu_Level:PersistentLevel.MainMenu_Level'
[2018.10.14-12.56.37:491][817]LogBlueprintUserMessages: Early EndPlayMap Detection: Level '/Game/Levels/MainMenu_Level.MainMenu_Level:PersistentLevel' has LevelScriptBlueprint '/Game/Levels/MainMenu_Level.MainMenu_Level:PersistentLevel.MainMenu_Level' with GeneratedClass '/Game/Levels/MainMenu_Level.MainMenu_Level_C' with ClassGeneratedBy '/Game/Levels/MainMenu_Level.MainMenu_Level:PersistentLevel.MainMenu_Level'
[2018.10.14-12.56.37:491][817]LogSlate: Updating window title bar state: overlay mode, drag disabled, window buttons hidden, title bar hidden
[2018.10.14-12.56.37:527][817]LogPlayLevel: Display: Shutting down PIE online subsystems
[2018.10.14-12.56.37:527][817]LogBlueprintUserMessages: Late EndPlayMap Detection: Level '/Game/Levels/MainMenu_Level.MainMenu_Level:PersistentLevel' has LevelScriptBlueprint '/Game/Levels/MainMenu_Level.MainMenu_Level:PersistentLevel.MainMenu_Level' with GeneratedClass '/Game/Levels/MainMenu_Level.MainMenu_Level_C' with ClassGeneratedBy '/Game/Levels/MainMenu_Level.MainMenu_Level:PersistentLevel.MainMenu_Level'
[2018.10.14-12.56.37:562][817]LogSlate: Updating window title bar state: overlay mode, drag disabled, window buttons hidden, title bar hidden
[2018.10.14-12.56.37:598][821]LogPlayLevel: Display: Destroying online subsystem :Context_14
[2018.10.14-12.57.06:524][857]LogAssetEditorManager: Opening Asset editor for World /Game/Levels/MainMenu_Level.MainMenu_Level
[2018.10.14-12.57.06:559][857]Cmd: MAP LOAD FILE="../../../../../../Users/Jusu/Documents/pelihomma/MyProject/Content/Levels/MainMenu_Level.umap" TEMPLATE=0 SHOWPROGRESS=1 FEATURELEVEL=3
[2018.10.14-12.57.06:559][857]LightingResults: New page: Lighting Build
[2018.10.14-12.57.06:559][857]LoadErrors: New page: Loading map: MainMenu_Level.umap
[2018.10.14-12.57.06:560][857]MapCheck: New page: Map Check
[2018.10.14-12.57.06:560][857]LightingResults: New page: Lighting Build
[2018.10.14-12.57.06:605][857]LogAIModule: Creating AISystem for world MainMenu_Level
[2018.10.14-12.57.06:607][857]LogEditorServer: Finished looking for orphan Actors (0.000 secs)
[2018.10.14-12.57.06:663][857]Cmd: MAP CHECKDEP NOCLEARLOG
[2018.10.14-12.57.06:745][857]MapCheck: Map check complete: 0 Error(s), 0 Warning(s), took 81,765ms to complete.
[2018.10.14-12.57.06:747][857]LogFileHelpers: Loading map 'MainMenu_Level' took 0.188
[2018.10.14-12.57.08:539][ 58]LogAssetEditorManager: Opening Asset editor for LevelScriptBlueprint /Game/Levels/MainMenu_Level.MainMenu_Level:PersistentLevel.MainMenu_Level
[2018.10.14-12.57.20:361][393]LogClass: Warning: Type mismatch in FinalScore of GameLevel_GUI_C - Previous (TextProperty) Current(ObjectProperty) for package:  FObjectReader
[2018.10.14-12.57.20:406][393]LogAIModule: Creating AISystem for world Game_Level
[2018.10.14-12.57.20:410][393]LogAssetEditorManager: Opening Asset editor for World /Game/Levels/Game_Level.Game_Level
[2018.10.14-12.57.20:447][393]Cmd: MAP LOAD FILE="../../../../../../Users/Jusu/Documents/pelihomma/MyProject/Content/Levels/Game_Level.umap" TEMPLATE=0 SHOWPROGRESS=1 FEATURELEVEL=3
[2018.10.14-12.57.20:447][393]LightingResults: New page: Lighting Build
[2018.10.14-12.57.20:448][393]LoadErrors: New page: Loading map: Game_Level.umap
[2018.10.14-12.57.20:485][393]MapCheck: New page: Map Check
[2018.10.14-12.57.20:485][393]LightingResults: New page: Lighting Build
[2018.10.14-12.57.20:522][393]LogEditorServer: Finished looking for orphan Actors (0.000 secs)
[2018.10.14-12.57.20:583][393]Cmd: MAP CHECKDEP NOCLEARLOG
[2018.10.14-12.57.20:664][393]MapCheck: Map check complete: 0 Error(s), 0 Warning(s), took 82,09ms to complete.
[2018.10.14-12.57.20:666][393]LogFileHelpers: Loading map 'Game_Level' took 0.221
[2018.10.14-12.57.20:696][393]LoadErrors: Error: /Game/Levels/Game_Level : Failed import for ObjectProperty /Game/GUIs/GameLevel_GUI.GameLevel_GUI_C:FinalScore Referenced by export Function /Game/Levels/Game_Level.Game_Level_C:ExecuteUbergraph_Game_Level
[2018.10.14-12.57.26:916][100]LogEditorViewport: Clicking Background
[2018.10.14-12.57.27:992][227]LogSlate: FSceneViewport::OnFocusLost() reason 2
[2018.10.14-12.57.29:469][397]LogSlate: FSceneViewport::OnFocusLost() reason 2
[2018.10.14-12.57.29:471][397]LogAssetEditorManager: Opening Asset editor for LevelScriptBlueprint /Game/Levels/Game_Level.Game_Level:PersistentLevel.Game_Level
[2018.10.14-12.59.10:050][ 50]LogSlate: FSceneViewport::OnFocusLost() reason 2
[2018.10.14-12.59.10:135][ 50]Cmd: OBJ SAVEPACKAGE PACKAGE="/Game/Levels/Game_Level" FILE="../../../../../../Users/Jusu/Documents/pelihomma/MyProject/Content/Levels/Game_Level.umap" SILENT=true AUTOSAVING=false KEEPDIRTY=false
[2018.10.14-12.59.10:216][ 50]LogBlueprint: Error: [Compiler PersistentLevel.Game_Level] This blueprint (self) is not a CollectibleCoins_C, therefore ' Target ' must have a connection.
[2018.10.14-12.59.10:216][ 50]LogBlueprint: Error: [Compiler PersistentLevel.Game_Level] This blueprint (self) is not a MainMenu_GUI_C, therefore ' Target ' must have a connection.
[2018.10.14-12.59.10:216][ 50]LogBlueprint: Error: [Compiler PersistentLevel.Game_Level] This blueprint (self) is not a MainMenu_GUI_C, therefore ' Target ' must have a connection.
[2018.10.14-12.59.10:217][ 50]LogBlueprint: Error: [Compiler PersistentLevel.Game_Level] Variable node  Get CollectedCoins  uses an invalid target.  It may depend on a node that is not connected to the execution chain, and got purged.
[2018.10.14-12.59.10:217][ 50]LogBlueprint: Error: [Compiler PersistentLevel.Game_Level] Variable node  Get TotalCoins  uses an invalid target.  It may depend on a node that is not connected to the execution chain, and got purged.
[2018.10.14-12.59.10:217][ 50]LogBlueprint: Error: [Compiler PersistentLevel.Game_Level] Variable node  Set TotalCoins  uses an invalid target.  It may depend on a node that is not connected to the execution chain, and got purged.
[2018.10.14-12.59.10:218][ 50]LogBlueprint: Warning: [Compiler PersistentLevel.Game_Level] [4113,33] Compile of PersistentLevel.Game_Level failed. 6 Fatal Issue(s) 0 Warning(s) [in 18 ms] (/Game/Levels/Game_Level.Game_Level:PersistentLevel.Game_Level)
[2018.10.14-12.59.10:384][ 50]LogSavePackage: Moving '../../../../../../Users/Jusu/Documents/pelihomma/MyProject/Saved/Game_Level2D55C74C4785C5F5091C069CD852CCD4.tmp' to '../../../../../../Users/Jusu/Documents/pelihomma/MyProject/Content/Levels/Game_Level.umap'
[2018.10.14-12.59.10:414][ 50]LogFileHelpers: Saving map 'Game_Level' took 0.358
[2018.10.14-12.59.12:213][217]LogSlate: FSceneViewport::OnFocusLost() reason 0
[2018.10.14-13.00.05:368][783]LogSlate: FSceneViewport::OnFocusLost() reason 2
[2018.10.14-13.00.05:450][783]Cmd: OBJ SAVEPACKAGE PACKAGE="/Game/Levels/Game_Level" FILE="../../../../../../Users/Jusu/Documents/pelihomma/MyProject/Content/Levels/Game_Level.umap" SILENT=true AUTOSAVING=false KEEPDIRTY=false
[2018.10.14-13.00.05:526][783]LogBlueprint: Error: [Compiler PersistentLevel.Game_Level] This blueprint (self) is not a CollectibleCoins_C, therefore ' Target ' must have a connection.
[2018.10.14-13.00.05:526][783]LogBlueprint: Error: [Compiler PersistentLevel.Game_Level] This blueprint (self) is not a MainMenu_GUI_C, therefore ' Target ' must have a connection.
[2018.10.14-13.00.05:527][783]LogBlueprint: Error: [Compiler PersistentLevel.Game_Level] This blueprint (self) is not a MainMenu_GUI_C, therefore ' Target ' must have a connection.
[2018.10.14-13.00.05:527][783]LogBlueprint: Error: [Compiler PersistentLevel.Game_Level] Variable node  Get TotalCoins  uses an invalid target.  It may depend on a node that is not connected to the execution chain, and got purged.
[2018.10.14-13.00.05:527][783]LogBlueprint: Error: [Compiler PersistentLevel.Game_Level] Variable node  Get CollectedCoins  uses an invalid target.  It may depend on a node that is not connected to the execution chain, and got purged.
[2018.10.14-13.00.05:527][783]LogBlueprint: Error: [Compiler PersistentLevel.Game_Level] Variable node  Set TotalCoins  uses an invalid target.  It may depend on a node that is not connected to the execution chain, and got purged.
[2018.10.14-13.00.05:528][783]LogBlueprint: Warning: [Compiler PersistentLevel.Game_Level] [4168,64] Compile of PersistentLevel.Game_Level failed. 6 Fatal Issue(s) 0 Warning(s) [in 17 ms] (/Game/Levels/Game_Level.Game_Level:PersistentLevel.Game_Level)
[2018.10.14-13.00.05:701][783]LogSavePackage: Moving '../../../../../../Users/Jusu/Documents/pelihomma/MyProject/Saved/Game_LevelC1B264354F8CD7FFD3CA2F9F422A760E.tmp' to '../../../../../../Users/Jusu/Documents/pelihomma/MyProject/Content/Levels/Game_Level.umap'
[2018.10.14-13.00.05:729][783]LogFileHelpers: Saving map 'Game_Level' took 0.357
[2018.10.14-13.00.06:369][848]LogSlate: FSceneViewport::OnFocusLost() reason 0
[2018.10.14-13.00.06:445][857]BlueprintLog: New page: Compile Game_Level
[2018.10.14-13.00.06:470][857]LogBlueprint: Error: [Compiler PersistentLevel.Game_Level] This blueprint (self) is not a CollectibleCoins_C, therefore ' Target ' must have a connection.
[2018.10.14-13.00.06:470][857]LogBlueprint: Error: [Compiler PersistentLevel.Game_Level] This blueprint (self) is not a MainMenu_GUI_C, therefore ' Target ' must have a connection.
[2018.10.14-13.00.06:470][857]LogBlueprint: Error: [Compiler PersistentLevel.Game_Level] This blueprint (self) is not a MainMenu_GUI_C, therefore ' Target ' must have a connection.
[2018.10.14-13.00.06:471][857]LogBlueprint: Error: [Compiler PersistentLevel.Game_Level] Variable node  Get TotalCoins  uses an invalid target.  It may depend on a node that is not connected to the execution chain, and got purged.
[2018.10.14-13.00.06:471][857]LogBlueprint: Error: [Compiler PersistentLevel.Game_Level] Variable node  Get CollectedCoins  uses an invalid target.  It may depend on a node that is not connected to the execution chain, and got purged.
[2018.10.14-13.00.06:471][857]LogBlueprint: Error: [Compiler PersistentLevel.Game_Level] Variable node  Set TotalCoins  uses an invalid target.  It may depend on a node that is not connected to the execution chain, and got purged.
[2018.10.14-13.00.06:611][857]LogBlueprint: Warning: [Compiler PersistentLevel.Game_Level] [4169,72] Compile of PersistentLevel.Game_Level failed. 6 Fatal Issue(s) 0 Warning(s) [in 167 ms] (/Game/Levels/Game_Level.Game_Level:PersistentLevel.Game_Level)
[2018.10.14-13.00.26:036][917]LogSlate: FSceneViewport::OnFocusLost() reason 2
[2018.10.14-13.00.26:120][917]Cmd: OBJ SAVEPACKAGE PACKAGE="/Game/Levels/Game_Level" FILE="../../../../../../Users/Jusu/Documents/pelihomma/MyProject/Content/Levels/Game_Level.umap" SILENT=true AUTOSAVING=false KEEPDIRTY=false
[2018.10.14-13.00.26:349][917]LogSavePackage: Moving '../../../../../../Users/Jusu/Documents/pelihomma/MyProject/Saved/Game_LevelB72401F5424A0AAAF3EB5088E8FBCD50.tmp' to '../../../../../../Users/Jusu/Documents/pelihomma/MyProject/Content/Levels/Game_Level.umap'
[2018.10.14-13.00.26:379][917]LogFileHelpers: Saving map 'Game_Level' took 0.337
[2018.10.14-13.00.28:129][112]BlueprintLog: New page: Compile Game_Level
[2018.10.14-13.00.42:880][819]LogSlate: FSceneViewport::OnFocusLost() reason 2
[2018.10.14-13.00.42:885][819]Cmd: OBJ SAVEPACKAGE PACKAGE="/Game/GUIs/MainMenu_GUI" FILE="../../../../../../Users/Jusu/Documents/pelihomma/MyProject/Content/GUIs/MainMenu_GUI.uasset" SILENT=true
[2018.10.14-13.00.42:918][819]LogSavePackage: Moving '../../../../../../Users/Jusu/Documents/pelihomma/MyProject/Saved/MainMenu_GUIFC1DBA724E649C7C6251FEB17F730F6B.tmp' to '../../../../../../Users/Jusu/Documents/pelihomma/MyProject/Content/GUIs/MainMenu_GUI.uasset'
[2018.10.14-13.00.48:591][425]LogSlate: FSceneViewport::OnFocusLost() reason 0
[2018.10.14-13.01.00:539][545]LogSlate: Window 'Delete Variable' being destroyed
[2018.10.14-13.01.01:496][654]LogSlate: FSceneViewport::OnFocusLost() reason 0
[2018.10.14-13.01.16:441][197]BlueprintLog: New page: Compile BBGameChar
[2018.10.14-13.02.18:541][803]LogSlate: FSceneViewport::OnFocusLost() reason 2
[2018.10.14-13.02.18:547][803]Cmd: OBJ SAVEPACKAGE PACKAGE="/Game/Blueprints/CollectibleCoins" FILE="../../../../../../Users/Jusu/Documents/pelihomma/MyProject/Content/Blueprints/CollectibleCoins.uasset" SILENT=true
[2018.10.14-13.02.18:578][803]LogSavePackage: Moving '../../../../../../Users/Jusu/Documents/pelihomma/MyProject/Saved/CollectibleCoins55EF779B474118B63F225CBC4EBD3F37.tmp' to '../../../../../../Users/Jusu/Documents/pelihomma/MyProject/Content/Blueprints/CollectibleCoins.uasset'
[2018.10.14-13.02.18:821][829]LogSlate: FSceneViewport::OnFocusLost() reason 0
[2018.10.14-13.02.18:862][834]BlueprintLog: New page: Compile CollectibleCoins
[2018.10.14-13.02.18:871][834]LogBlueprint: Error: [Compiler CollectibleCoins] The type of  Object  is undetermined.  Connect something to  Cast To BBGameChar  to imply a specific type.
[2018.10.14-13.02.18:871][834]LogBlueprint: Error: [Compiler CollectibleCoins] The current value of the ' Object ' pin is invalid: Unsupported type Object Wildcard on pin Object
[2018.10.14-13.02.19:023][834]LogBlueprint: Warning: [Compiler CollectibleCoins] [4302,13] Compile of CollectibleCoins failed. 2 Fatal Issue(s) 0 Warning(s) [in 160 ms] (/Game/Blueprints/CollectibleCoins.CollectibleCoins)
[2018.10.14-13.02.33:373][456]LogSlate: FSceneViewport::OnFocusLost() reason 2
[2018.10.14-13.02.33:378][456]Cmd: OBJ SAVEPACKAGE PACKAGE="/Game/Blueprints/CollectibleCoins" FILE="../../../../../../Users/Jusu/Documents/pelihomma/MyProject/Content/Blueprints/CollectibleCoins.uasset" SILENT=true
[2018.10.14-13.02.33:405][456]LogSavePackage: Moving '../../../../../../Users/Jusu/Documents/pelihomma/MyProject/Saved/CollectibleCoinsAC2CD55C464C252F312966ACA95FE30D.tmp' to '../../../../../../Users/Jusu/Documents/pelihomma/MyProject/Content/Blueprints/CollectibleCoins.uasset'
[2018.10.14-13.02.33:793][493]LogSlate: FSceneViewport::OnFocusLost() reason 0
[2018.10.14-13.02.33:837][498]BlueprintLog: New page: Compile CollectibleCoins
[2018.10.14-13.02.41:273][296]LogSlate: FSceneViewport::OnFocusLost() reason 2
[2018.10.14-13.02.41:278][296]Cmd: OBJ SAVEPACKAGE PACKAGE="/Game/Blueprints/BBGameChar" FILE="../../../../../../Users/Jusu/Documents/pelihomma/MyProject/Content/Blueprints/BBGameChar.uasset" SILENT=true
[2018.10.14-13.02.41:341][296]LogSavePackage: Moving '../../../../../../Users/Jusu/Documents/pelihomma/MyProject/Saved/BBGameChar19EAC89442748628AB2D54B146EE9CD1.tmp' to '../../../../../../Users/Jusu/Documents/pelihomma/MyProject/Content/Blueprints/BBGameChar.uasset'
[2018.10.14-13.02.44:256][563]LogSlate: FSceneViewport::OnFocusLost() reason 0
[2018.10.14-13.03.24:492][902]LogSlate: FSceneViewport::OnFocusLost() reason 2
[2018.10.14-13.03.24:498][902]Cmd: OBJ SAVEPACKAGE PACKAGE="/Game/Blueprints/CollectibleCoins" FILE="../../../../../../Users/Jusu/Documents/pelihomma/MyProject/Content/Blueprints/CollectibleCoins.uasset" SILENT=true
[2018.10.14-13.03.24:526][902]LogSavePackage: Moving '../../../../../../Users/Jusu/Documents/pelihomma/MyProject/Saved/CollectibleCoins784B63134BF7D163618F76B6EF72F5F5.tmp' to '../../../../../../Users/Jusu/Documents/pelihomma/MyProject/Content/Blueprints/CollectibleCoins.uasset'
[2018.10.14-13.03.24:675][916]LogSlate: FSceneViewport::OnFocusLost() reason 0
[2018.10.14-13.03.24:726][922]BlueprintLog: New page: Compile CollectibleCoins
[2018.10.14-13.04.28:808][305]LogSlate: FSceneViewport::OnFocusLost() reason 2
[2018.10.14-13.04.28:898][305]Cmd: OBJ SAVEPACKAGE PACKAGE="/Game/Levels/Game_Level" FILE="../../../../../../Users/Jusu/Documents/pelihomma/MyProject/Content/Levels/Game_Level.umap" SILENT=true AUTOSAVING=false KEEPDIRTY=false
[2018.10.14-13.04.29:146][305]LogSavePackage: Moving '../../../../../../Users/Jusu/Documents/pelihomma/MyProject/Saved/Game_Level9B7ED8974DE60CE26ED47E9B2005053F.tmp' to '../../../../../../Users/Jusu/Documents/pelihomma/MyProject/Content/Levels/Game_Level.umap'
[2018.10.14-13.04.29:174][305]LogFileHelpers: Saving map 'Game_Level' took 0.361
[2018.10.14-15.18.02:079][451]LogSlate: FSceneViewport::OnFocusLost() reason 2
[2018.10.14-15.18.02:168][451]Cmd: OBJ SAVEPACKAGE PACKAGE="/Game/Levels/Game_Level" FILE="../../../../../../Users/Jusu/Documents/pelihomma/MyProject/Content/Levels/Game_Level.umap" SILENT=true AUTOSAVING=false KEEPDIRTY=false
[2018.10.14-15.18.02:429][451]LogSavePackage: Moving '../../../../../../Users/Jusu/Documents/pelihomma/MyProject/Saved/Game_Level6F410D0A45E37AE5323BCE96C333B40A.tmp' to '../../../../../../Users/Jusu/Documents/pelihomma/MyProject/Content/Levels/Game_Level.umap'
[2018.10.14-15.18.02:457][451]LogFileHelpers: Saving map 'Game_Level' took 0.372
[2018.10.14-15.18.02:521][452]LogSlate: FSceneViewport::OnFocusLost() reason 0
[2018.10.14-15.18.02:521][452]BlueprintLog: New page: Compile Game_Level
[2018.10.14-15.28.02:213][534]LogSavePackage: Moving '../../../../../../Users/Jusu/Documents/pelihomma/MyProject/Saved/Game_Level_Auto15472B4B1402EC8ECBC2721BBFC97E779.tmp' to '../../../../../../Users/Jusu/Documents/pelihomma/MyProject/Saved/Autosaves/Game/Levels/Game_Level_Auto1.umap'
[2018.10.14-15.28.02:217][534]LogFileHelpers: Editor autosave (incl. sublevels) for '/Game/Levels/Game_Level' took 0.255
[2018.10.14-15.28.02:217][534]LogFileHelpers: Editor autosave (incl. sublevels) for all levels took 0.255
[2018.10.14-17.33.41:023][601]LogSlate: FSceneViewport::OnFocusLost() reason 0
[2018.10.14-17.34.13:002][277]LogSlate: FSceneViewport::OnFocusLost() reason 0
[2018.10.14-17.34.25:565][715]Cmd: OBJ SAVEPACKAGE PACKAGE="/Game/Blueprints/RewardsPool" FILE="../../../../../../Users/Jusu/Documents/pelihomma/MyProject/Content/Blueprints/RewardsPool.uasset" SILENT=true
[2018.10.14-17.34.25:616][715]LogSavePackage: Moving '../../../../../../Users/Jusu/Documents/pelihomma/MyProject/Saved/RewardsPool576313B74E04BED75372BAA6F686DEF6.tmp' to '../../../../../../Users/Jusu/Documents/pelihomma/MyProject/Content/Blueprints/RewardsPool.uasset'
[2018.10.14-17.34.28:329][  5]LogAssetEditorManager: Opening Asset editor for Blueprint /Game/Blueprints/RewardsPool.RewardsPool
[2018.10.14-17.35.07:898][361]Cmd: OBJ SAVEPACKAGE PACKAGE="/Game/Blueprints/RewardsPool" FILE="../../../../../../Users/Jusu/Documents/pelihomma/MyProject/Content/Blueprints/RewardsPool.uasset" SILENT=true
[2018.10.14-17.35.07:954][361]LogSavePackage: Moving '../../../../../../Users/Jusu/Documents/pelihomma/MyProject/Saved/RewardsPoolB6DBB1304EE0904B0375FCAFDFA9F88C.tmp' to '../../../../../../Users/Jusu/Documents/pelihomma/MyProject/Content/Blueprints/RewardsPool.uasset'
[2018.10.14-17.35.08:249][391]BlueprintLog: New page: Compile RewardsPool
[2018.10.14-17.35.18:689][516]Cmd: OBJ SAVEPACKAGE PACKAGE="/Game/Blueprints/RewardsPool" FILE="../../../../../../Users/Jusu/Documents/pelihomma/MyProject/Content/Blueprints/RewardsPool.uasset" SILENT=true
[2018.10.14-17.35.18:739][516]LogSavePackage: Moving '../../../../../../Users/Jusu/Documents/pelihomma/MyProject/Saved/RewardsPool895B60D04719DE726B5037ABF450DF9C.tmp' to '../../../../../../Users/Jusu/Documents/pelihomma/MyProject/Content/Blueprints/RewardsPool.uasset'
[2018.10.14-17.35.19:639][617]BlueprintLog: New page: Compile RewardsPool
[2018.10.14-17.35.57:025][752]LogSlate: Prevented a slow task dialog from being summoned while a context menu was open
[2018.10.14-17.36.50:647][611]LogAssetEditorManager: Opening Asset editor for Blueprint /Game/Blueprints/Collectibles.Collectibles
[2018.10.14-17.37.09:381][982]Cmd: OBJ SAVEPACKAGE PACKAGE="/Game/Blueprints/CollectibleCoins" FILE="../../../../../../Users/Jusu/Documents/pelihomma/MyProject/Content/Blueprints/CollectibleCoins.uasset" SILENT=true
[2018.10.14-17.37.09:413][982]LogSavePackage: Moving '../../../../../../Users/Jusu/Documents/pelihomma/MyProject/Saved/CollectibleCoins144476454E713BB54882C4BD888A9A10.tmp' to '../../../../../../Users/Jusu/Documents/pelihomma/MyProject/Content/Blueprints/CollectibleCoins.uasset'
[2018.10.14-17.37.09:612][  1]BlueprintLog: New page: Compile CollectibleCoins
[2018.10.14-17.37.19:420][971]Cmd: OBJ SAVEPACKAGE PACKAGE="/Game/Blueprints/CollectibleCoins" FILE="../../../../../../Users/Jusu/Documents/pelihomma/MyProject/Content/Blueprints/CollectibleCoins.uasset" SILENT=true
[2018.10.14-17.37.19:448][971]LogSavePackage: Moving '../../../../../../Users/Jusu/Documents/pelihomma/MyProject/Saved/CollectibleCoins96E8B4A5478BA4CDDEB21E9366B335B9.tmp' to '../../../../../../Users/Jusu/Documents/pelihomma/MyProject/Content/Blueprints/CollectibleCoins.uasset'
[2018.10.14-17.37.19:748][  1]BlueprintLog: New page: Compile CollectibleCoins
[2018.10.14-17.38.36:753][732]LogSlate: Window 'Change Variable Type' being destroyed
[2018.10.14-17.38.39:388][998]LogSlate: Window 'Find in Blueprints' being destroyed
[2018.10.14-17.38.39:393][998]LogSlate: Window 'Find in Blueprints' being destroyed
[2018.10.14-17.39.55:565][868]Cmd: OBJ SAVEPACKAGE PACKAGE="/Game/Blueprints/RewardsPool" FILE="../../../../../../Users/Jusu/Documents/pelihomma/MyProject/Content/Blueprints/RewardsPool.uasset" SILENT=true
[2018.10.14-17.39.55:623][868]LogSavePackage: Moving '../../../../../../Users/Jusu/Documents/pelihomma/MyProject/Saved/RewardsPool3008873D44D4ECC4BA265890E7C13977.tmp' to '../../../../../../Users/Jusu/Documents/pelihomma/MyProject/Content/Blueprints/RewardsPool.uasset'
[2018.10.14-17.39.55:888][896]BlueprintLog: New page: Compile RewardsPool
[2018.10.14-17.39.55:915][896]LogBlueprint: Error: [Compiler RewardsPool] In use pin  The Pool  no longer exists on node  Get . Please refresh node or break links to remove pin.
[2018.10.14-17.39.56:075][896]LogBlueprint: Warning: [Compiler RewardsPool] [0959,18] Compile of RewardsPool failed. 1 Fatal Issue(s) 0 Warning(s) [in 187 ms] (/Game/Blueprints/RewardsPool.RewardsPool)
[2018.10.14-17.41.25:720][720]Cmd: OBJ SAVEPACKAGE PACKAGE="/Game/Blueprints/RewardsPool" FILE="../../../../../../Users/Jusu/Documents/pelihomma/MyProject/Content/Blueprints/RewardsPool.uasset" SILENT=true
[2018.10.14-17.41.25:775][720]LogSavePackage: Moving '../../../../../../Users/Jusu/Documents/pelihomma/MyProject/Saved/RewardsPoolA581AB004898946438191BA7B7F6278E.tmp' to '../../../../../../Users/Jusu/Documents/pelihomma/MyProject/Content/Blueprints/RewardsPool.uasset'
[2018.10.14-17.41.26:146][755]BlueprintLog: New page: Compile RewardsPool
[2018.10.14-17.41.43:716][549]LogAssetEditorManager: Opening Asset editor for Blueprint /Game/Blueprints/CollectiblesPool.CollectiblesPool
[2018.10.14-17.43.29:567][863]LogSlate: Window 'Change Variable Type' being destroyed
[2018.10.14-17.43.32:677][ 66]LogFileHelpers: Editor autosave (incl. sublevels) for '/Game/Levels/Game_Level' took 0.041
[2018.10.14-17.43.32:679][ 66]OBJ SavePackage: Generating thumbnails for [0] asset(s) in package [/Game/Blueprints/RewardsPool] ([1] browsable assets)...
[2018.10.14-17.43.32:679][ 66]OBJ SavePackage: Finished generating thumbnails for package [/Game/Blueprints/RewardsPool]
[2018.10.14-17.43.32:736][ 66]LogSavePackage: Moving '../../../../../../Users/Jusu/Documents/pelihomma/MyProject/Saved/RewardsPool_Auto29D904DCC482AB3D0A10DB1B76E2079D3.tmp' to '../../../../../../Users/Jusu/Documents/pelihomma/MyProject/Saved/Autosaves/Game/Blueprints/RewardsPool_Auto2.uasset'
[2018.10.14-17.43.32:737][ 66]LogFileHelpers: Auto-saving content packages took 0.059
[2018.10.14-17.46.55:616][674]LogSlate: Window 'Change Variable Type' being destroyed
[2018.10.14-17.47.30:614][971]Cmd: OBJ SAVEPACKAGE PACKAGE="/Game/Blueprints/RewardsPool" FILE="../../../../../../Users/Jusu/Documents/pelihomma/MyProject/Content/Blueprints/RewardsPool.uasset" SILENT=true
[2018.10.14-17.47.30:670][971]LogSavePackage: Moving '../../../../../../Users/Jusu/Documents/pelihomma/MyProject/Saved/RewardsPoolCDA0AB8B472B35615559CEA077DC3B64.tmp' to '../../../../../../Users/Jusu/Documents/pelihomma/MyProject/Content/Blueprints/RewardsPool.uasset'
[2018.10.14-17.47.31:378][ 16]BlueprintLog: New page: Compile RewardsPool
[2018.10.14-17.47.31:406][ 16]LogBlueprint: Error: [Compiler RewardsPool] In use pin  Array Element  no longer exists on node  Get . Please refresh node or break links to remove pin.
[2018.10.14-17.47.31:406][ 16]LogBlueprint: Error: [Compiler RewardsPool] In use pin  Array Element  no longer exists on node  Get . Please refresh node or break links to remove pin.
[2018.10.14-17.47.31:564][ 16]LogBlueprint: Warning: [Compiler RewardsPool] [1414,67] Compile of RewardsPool failed. 2 Fatal Issue(s) 0 Warning(s) [in 186 ms] (/Game/Blueprints/RewardsPool.RewardsPool)
[2018.10.14-17.47.42:901][737]Cmd: OBJ SAVEPACKAGE PACKAGE="/Game/Blueprints/RewardsPool" FILE="../../../../../../Users/Jusu/Documents/pelihomma/MyProject/Content/Blueprints/RewardsPool.uasset" SILENT=true
[2018.10.14-17.47.42:952][737]LogSavePackage: Moving '../../../../../../Users/Jusu/Documents/pelihomma/MyProject/Saved/RewardsPool6D035A0A4B8ADE39A34241BC015A86ED.tmp' to '../../../../../../Users/Jusu/Documents/pelihomma/MyProject/Content/Blueprints/RewardsPool.uasset'
[2018.10.14-17.47.43:127][748]BlueprintLog: New page: Compile RewardsPool
[2018.10.14-17.47.43:155][748]LogBlueprint: Error: [Compiler RewardsPool] In use pin  Array Element  no longer exists on node  Get . Please refresh node or break links to remove pin.
[2018.10.14-17.47.43:305][748]LogBlueprint: Warning: [Compiler RewardsPool] [1426,41] Compile of RewardsPool failed. 1 Fatal Issue(s) 0 Warning(s) [in 177 ms] (/Game/Blueprints/RewardsPool.RewardsPool)
[2018.10.14-17.47.48:849][114]LogEditorTransaction: Undo Create Pin Link
[2018.10.14-17.47.49:646][114]LogStats: FPlatformStackWalk::StackWalkAndDump -  0.797 s
[2018.10.14-17.47.49:646][114]LogOutputDevice: Error: === Handled ensure: ===
[2018.10.14-17.47.49:646][114]LogOutputDevice: Error: 
[2018.10.14-17.47.49:646][114]LogOutputDevice: Error: Ensure condition failed: PinHelpers::UnresolvedPins.Num() == 0 [File:D:\Build\++UE4\Sync\Engine\Source\Runtime\Engine\Private\EdGraph\EdGraphPin.cpp] [Line: 2103]
[2018.10.14-17.47.49:646][114]LogOutputDevice: Error: 
[2018.10.14-17.47.49:646][114]LogOutputDevice: Error: Stack: 
[2018.10.14-17.47.49:646][114]LogOutputDevice: Error: [Callstack] 0x00007ffc17e371f6 UE4Editor-Core.dll!UnknownFunction []
[2018.10.14-17.47.49:646][114]LogOutputDevice: Error: [Callstack] 0x00007ffc17b70c92 UE4Editor-Core.dll!UnknownFunction []
[2018.10.14-17.47.49:646][114]LogOutputDevice: Error: [Callstack] 0x00007ffc17b8b356 UE4Editor-Core.dll!UnknownFunction []
[2018.10.14-17.47.49:646][114]LogOutputDevice: Error: [Callstack] 0x00007ffc1318f1e8 UE4Editor-Engine.dll!UnknownFunction []
[2018.10.14-17.47.49:646][114]LogOutputDevice: Error: [Callstack] 0x00007ffc11114c25 UE4Editor-UnrealEd.dll!UnknownFunction []
[2018.10.14-17.47.49:646][114]LogOutputDevice: Error: [Callstack] 0x00007ffc111401fb UE4Editor-UnrealEd.dll!UnknownFunction []
[2018.10.14-17.47.49:646][114]LogOutputDevice: Error: [Callstack] 0x00007ffc11126535 UE4Editor-UnrealEd.dll!UnknownFunction []
[2018.10.14-17.47.49:646][114]LogOutputDevice: Error: [Callstack] 0x00007ffc11192dc5 UE4Editor-UnrealEd.dll!UnknownFunction []
[2018.10.14-17.47.49:646][114]LogOutputDevice: Error: [Callstack] 0x00007ffc111d9b6d UE4Editor-UnrealEd.dll!UnknownFunction []
[2018.10.14-17.47.49:646][114]LogOutputDevice: Error: [Callstack] 0x00007ffc1116c81f UE4Editor-UnrealEd.dll!UnknownFunction []
[2018.10.14-17.47.49:646][114]LogOutputDevice: Error: [Callstack] 0x00007ffc0fc605b8 UE4Editor-Kismet.dll!UnknownFunction []
[2018.10.14-17.47.49:646][114]LogOutputDevice: Error: [Callstack] 0x00007ffc124224df UE4Editor-Slate.dll!UnknownFunction []
[2018.10.14-17.47.49:646][114]LogOutputDevice: Error: [Callstack] 0x00007ffc1246437e UE4Editor-Slate.dll!UnknownFunction []
[2018.10.14-17.47.49:646][114]LogOutputDevice: Error: [Callstack] 0x00007ffc119c3a8e UE4Editor-UnrealEd.dll!UnknownFunction []
[2018.10.14-17.47.49:646][114]LogOutputDevice: Error: [Callstack] 0x00007ffc119b1a08 UE4Editor-UnrealEd.dll!UnknownFunction []
[2018.10.14-17.47.49:646][114]LogOutputDevice: Error: [Callstack] 0x00007ffc123e70ac UE4Editor-Slate.dll!UnknownFunction []
[2018.10.14-17.47.49:646][114]LogOutputDevice: Error: [Callstack] 0x00007ffc1246606c UE4Editor-Slate.dll!UnknownFunction []
[2018.10.14-17.47.49:646][114]LogOutputDevice: Error: [Callstack] 0x00007ffc12459846 UE4Editor-Slate.dll!UnknownFunction []
[2018.10.14-17.47.49:646][114]LogOutputDevice: Error: [Callstack] 0x00007ffc4579ce45 UE4Editor-ApplicationCore.dll!UnknownFunction []
[2018.10.14-17.47.49:646][114]LogOutputDevice: Error: [Callstack] 0x00007ffc45790270 UE4Editor-ApplicationCore.dll!UnknownFunction []
[2018.10.14-17.47.49:646][114]LogOutputDevice: Error: [Callstack] 0x00007ffc4579f4c5 UE4Editor-ApplicationCore.dll!UnknownFunction []
[2018.10.14-17.47.49:646][114]LogOutputDevice: Error: [Callstack] 0x00007ffc4578c209 UE4Editor-ApplicationCore.dll!UnknownFunction []
[2018.10.14-17.47.49:646][114]LogOutputDevice: Error: [Callstack] 0x00007ffc56756cc1 USER32.dll!UnknownFunction []
[2018.10.14-17.47.49:646][114]LogOutputDevice: Error: [Callstack] 0x00007ffc56756693 USER32.dll!UnknownFunction []
[2018.10.14-17.47.49:646][114]LogOutputDevice: Error: [Callstack] 0x00007ffc457a0646 UE4Editor-ApplicationCore.dll!UnknownFunction []
[2018.10.14-17.47.49:646][114]LogOutputDevice: Error: [Callstack] 0x00007ff7d2cf54e5 UE4Editor.exe!UnknownFunction []
[2018.10.14-17.47.49:646][114]LogOutputDevice: Error: [Callstack] 0x00007ff7d2d05b3c UE4Editor.exe!UnknownFunction []
[2018.10.14-17.47.49:646][114]LogOutputDevice: Error: [Callstack] 0x00007ff7d2d05bba UE4Editor.exe!UnknownFunction []
[2018.10.14-17.47.49:646][114]LogOutputDevice: Error: [Callstack] 0x00007ff7d2d13dac UE4Editor.exe!UnknownFunction []
[2018.10.14-17.47.49:646][114]LogOutputDevice: Error: [Callstack] 0x00007ff7d2d15aaa UE4Editor.exe!UnknownFunction []
[2018.10.14-17.47.49:646][114]LogOutputDevice: Error: [Callstack] 0x00007ffc56943034 KERNEL32.DLL!UnknownFunction []
[2018.10.14-17.47.49:646][114]LogOutputDevice: Error: [Callstack] 0x00007ffc56a91461 ntdll.dll!UnknownFunction []
[2018.10.14-17.47.49:646][114]LogOutputDevice: Error: 
[2018.10.14-17.47.49:651][114]LogStats:                SubmitErrorReport -  0.000 s
[2018.10.14-17.47.50:284][114]LogStats:                    SendNewReport -  0.634 s
[2018.10.14-17.47.50:284][114]LogStats:             FDebug::EnsureFailed -  1.435 s
[2018.10.14-17.47.50:291][114]LogEditorTransaction: Undo Delete current selection
[2018.10.14-17.48.08:428][299]BlueprintLog: New page: Compile RewardsPool
[2018.10.14-17.48.08:455][299]LogBlueprint: Warning: [Compiler RewardsPool] 'Collectibles' does not inherit from 'Collectible Coins' ( Cast To Collectibles  would always fail).
[2018.10.14-17.48.08:615][299]LogBlueprint: Warning: [Compiler RewardsPool] [1451,72] Compile of RewardsPool successful, but with 1 Warning(s) [in 186 ms] (/Game/Blueprints/RewardsPool.RewardsPool)
[2018.10.14-17.48.09:631][357]Cmd: OBJ SAVEPACKAGE PACKAGE="/Game/Blueprints/RewardsPool" FILE="../../../../../../Users/Jusu/Documents/pelihomma/MyProject/Content/Blueprints/RewardsPool.uasset" SILENT=true
[2018.10.14-17.48.09:686][357]LogSavePackage: Moving '../../../../../../Users/Jusu/Documents/pelihomma/MyProject/Saved/RewardsPoolDFE9F8FA4173F7EFF717DCBF17E71F51.tmp' to '../../../../../../Users/Jusu/Documents/pelihomma/MyProject/Content/Blueprints/RewardsPool.uasset'
[2018.10.14-17.48.47:705][961]BlueprintLog: New page: Compile RewardsPool
[2018.10.14-17.48.48:574][  3]Cmd: OBJ SAVEPACKAGE PACKAGE="/Game/Blueprints/RewardsPool" FILE="../../../../../../Users/Jusu/Documents/pelihomma/MyProject/Content/Blueprints/RewardsPool.uasset" SILENT=true
[2018.10.14-17.48.48:627][  3]LogSavePackage: Moving '../../../../../../Users/Jusu/Documents/pelihomma/MyProject/Saved/RewardsPoolA8047A0F40EEFF5636CB428A8C8E2417.tmp' to '../../../../../../Users/Jusu/Documents/pelihomma/MyProject/Content/Blueprints/RewardsPool.uasset'
[2018.10.14-17.49.21:153][405]Cmd: OBJ SAVEPACKAGE PACKAGE="/Game/Blueprints/RewardsPool" FILE="../../../../../../Users/Jusu/Documents/pelihomma/MyProject/Content/Blueprints/RewardsPool.uasset" SILENT=true
[2018.10.14-17.49.21:204][405]LogSavePackage: Moving '../../../../../../Users/Jusu/Documents/pelihomma/MyProject/Saved/RewardsPool98352E2341EC12E43CA7CCAB02FAA677.tmp' to '../../../../../../Users/Jusu/Documents/pelihomma/MyProject/Content/Blueprints/RewardsPool.uasset'
[2018.10.14-17.49.21:692][436]BlueprintLog: New page: Compile RewardsPool
[2018.10.14-17.49.36:914][355]LogSlate: Window 'CollectiblesPool' being destroyed
[2018.10.14-17.49.41:912][890]LogSlate: FSceneViewport::OnFocusLost() reason 0
[2018.10.14-17.49.42:238][929]LogTemp: Repeating last play command: Selected Viewport
[2018.10.14-17.49.42:282][929]LogBlueprintUserMessages: Early PlayInEditor Detection: Level '/Game/Levels/Game_Level.Game_Level:PersistentLevel' has LevelScriptBlueprint '/Game/Levels/Game_Level.Game_Level:PersistentLevel.Game_Level' with GeneratedClass '/Game/Levels/Game_Level.Game_Level_C' with ClassGeneratedBy '/Game/Levels/Game_Level.Game_Level:PersistentLevel.Game_Level'
[2018.10.14-17.49.42:283][929]BlueprintLog: New page: Pre-Play auto-recompile
[2018.10.14-17.49.42:286][929]LogPlayLevel: [PlayLevel] Compiling MainMenu_GUI before play...
[2018.10.14-17.49.42:440][929]LogPlayLevel: PlayLevel: Blueprint regeneration took 157 ms (1 blueprints)
[2018.10.14-17.49.42:440][929]PIE: New page: PIE session: Game_Level (14.10.2018 23.49.42)
[2018.10.14-17.49.42:440][929]LogPlayLevel: Creating play world package: /Game/Levels/UEDPIE_0_Game_Level
[2018.10.14-17.49.42:443][929]LogPlayLevel: PIE: StaticDuplicateObject took: (0.003037s)
[2018.10.14-17.49.42:444][929]LogAIModule: Creating AISystem for world Game_Level
[2018.10.14-17.49.42:444][929]LogPlayLevel: PIE: World Init took: (0.000821s)
[2018.10.14-17.49.42:444][929]LogPlayLevel: PIE: Created PIE world by copying editor world from /Game/Levels/Game_Level.Game_Level to /Game/Levels/UEDPIE_0_Game_Level.Game_Level (0.004055s)
[2018.10.14-17.49.42:508][929]LogInit: XAudio2 using 'Kuulokkeet (2–High Definition Audio -laite)' : 2 channels at 48 kHz using 16 bits per sample (channel mask 0x3)
[2018.10.14-17.49.42:520][929]LogInit: FAudioDevice initialized.
[2018.10.14-17.49.42:554][929]LogLoad: Game class is 'Game_mode_C'
[2018.10.14-17.49.42:556][929]LogWorld: Bringing World /Game/Levels/UEDPIE_0_Game_Level.Game_Level up for play (max tick rate 0) at 2018.10.14-20.49.42
[2018.10.14-17.49.42:556][929]LogWorld: Bringing up level for play took: 0.000539
[2018.10.14-17.49.42:572][929]PIE: Play in editor start time for /Game/Levels/UEDPIE_0_Game_Level −0,559
[2018.10.14-17.49.42:572][929]LogBlueprintUserMessages: Late PlayInEditor Detection: Level '/Game/Levels/Game_Level.Game_Level:PersistentLevel' has LevelScriptBlueprint '/Game/Levels/Game_Level.Game_Level:PersistentLevel.Game_Level' with GeneratedClass '/Game/Levels/Game_Level.Game_Level_C' with ClassGeneratedBy '/Game/Levels/Game_Level.Game_Level:PersistentLevel.Game_Level'
[2018.10.14-17.49.45:889][325]LogSlate: FSceneViewport::OnFocusLost() reason 2
[2018.10.14-17.49.46:867][442]LogBlueprintUserMessages: Early EndPlayMap Detection: Level '/Game/Levels/Game_Level.Game_Level:PersistentLevel' has LevelScriptBlueprint '/Game/Levels/Game_Level.Game_Level:PersistentLevel.Game_Level' with GeneratedClass '/Game/Levels/Game_Level.Game_Level_C' with ClassGeneratedBy '/Game/Levels/Game_Level.Game_Level:PersistentLevel.Game_Level'
[2018.10.14-17.49.46:868][442]LogSlate: Updating window title bar state: overlay mode, drag disabled, window buttons hidden, title bar hidden
[2018.10.14-17.49.46:929][442]LogPlayLevel: Display: Shutting down PIE online subsystems
[2018.10.14-17.49.46:929][442]LogBlueprintUserMessages: Late EndPlayMap Detection: Level '/Game/Levels/Game_Level.Game_Level:PersistentLevel' has LevelScriptBlueprint '/Game/Levels/Game_Level.Game_Level:PersistentLevel.Game_Level' with GeneratedClass '/Game/Levels/Game_Level.Game_Level_C' with ClassGeneratedBy '/Game/Levels/Game_Level.Game_Level:PersistentLevel.Game_Level'
[2018.10.14-17.49.46:969][442]LogSlate: Updating window title bar state: overlay mode, drag disabled, window buttons hidden, title bar hidden
[2018.10.14-17.49.46:988][443]LogPlayLevel: Display: Destroying online subsystem :Context_20
[2018.10.14-17.50.06:111][388]Cmd: OBJ SAVEPACKAGE PACKAGE="/Game/Blueprints/CollectibleCoins" FILE="../../../../../../Users/Jusu/Documents/pelihomma/MyProject/Content/Blueprints/CollectibleCoins.uasset" SILENT=true
[2018.10.14-17.50.06:143][388]LogSavePackage: Moving '../../../../../../Users/Jusu/Documents/pelihomma/MyProject/Saved/CollectibleCoinsD5E81E24470B705C5D9A4D8B3CCF73F2.tmp' to '../../../../../../Users/Jusu/Documents/pelihomma/MyProject/Content/Blueprints/CollectibleCoins.uasset'
[2018.10.14-17.50.06:426][412]BlueprintLog: New page: Compile CollectibleCoins
[2018.10.14-17.50.33:225][758]LogClass: Warning: In asset 'None', there is an enum property of type 'ECanBeCharacterBase' with an invalid value of ''
[2018.10.14-17.50.35:321][942]LogClass: Warning: In asset 'None', there is an enum property of type 'ECollisionEnabled' with an invalid value of ''
[2018.10.14-17.50.35:328][942]LogClass: Warning: In asset 'None', there is an enum property of type 'ECollisionChannel' with an invalid value of ''
[2018.10.14-17.50.57:237][ 56]LogSlate: FSceneViewport::OnFocusLost() reason 0
[2018.10.14-17.51.05:373][838]LogSlate: FSceneViewport::OnFocusLost() reason 0
[2018.10.14-17.51.33:017][513]LogSlate: FSceneViewport::OnFocusLost() reason 0
[2018.10.14-17.51.53:692][544]LogSlate: FSceneViewport::OnFocusLost() reason 0
[2018.10.14-17.52.16:516][915]LogSlate: FSceneViewport::OnFocusLost() reason 0
[2018.10.14-17.52.57:124][940]LogSlate: FSceneViewport::OnFocusLost() reason 0
[2018.10.14-17.53.34:182][596]LogTemp: Repeating last play command: Selected Viewport
[2018.10.14-17.53.34:221][596]LogBlueprintUserMessages: Early PlayInEditor Detection: Level '/Game/Levels/Game_Level.Game_Level:PersistentLevel' has LevelScriptBlueprint '/Game/Levels/Game_Level.Game_Level:PersistentLevel.Game_Level' with GeneratedClass '/Game/Levels/Game_Level.Game_Level_C' with ClassGeneratedBy '/Game/Levels/Game_Level.Game_Level:PersistentLevel.Game_Level'
[2018.10.14-17.53.34:222][596]BlueprintLog: New page: Pre-Play auto-recompile
[2018.10.14-17.53.34:228][596]LogPlayLevel: [PlayLevel] Compiling CollectibleCoins before play...
[2018.10.14-17.53.34:407][596]LogPlayLevel: PlayLevel: Blueprint regeneration took 184 ms (1 blueprints)
[2018.10.14-17.53.34:407][596]PIE: New page: PIE session: Game_Level (14.10.2018 23.53.34)
[2018.10.14-17.53.34:407][596]LogPlayLevel: Creating play world package: /Game/Levels/UEDPIE_0_Game_Level
[2018.10.14-17.53.34:411][596]LogPlayLevel: PIE: StaticDuplicateObject took: (0.003823s)
[2018.10.14-17.53.34:412][596]LogAIModule: Creating AISystem for world Game_Level
[2018.10.14-17.53.34:412][596]LogPlayLevel: PIE: World Init took: (0.000981s)
[2018.10.14-17.53.34:412][596]LogPlayLevel: PIE: Created PIE world by copying editor world from /Game/Levels/Game_Level.Game_Level to /Game/Levels/UEDPIE_0_Game_Level.Game_Level (0.005017s)
[2018.10.14-17.53.34:475][596]LogInit: XAudio2 using 'Kuulokkeet (2–High Definition Audio -laite)' : 2 channels at 48 kHz using 16 bits per sample (channel mask 0x3)
[2018.10.14-17.53.34:486][596]LogInit: FAudioDevice initialized.
[2018.10.14-17.53.34:520][596]LogLoad: Game class is 'Game_mode_C'
[2018.10.14-17.53.34:521][596]LogWorld: Bringing World /Game/Levels/UEDPIE_0_Game_Level.Game_Level up for play (max tick rate 0) at 2018.10.14-20.53.34
[2018.10.14-17.53.34:521][596]LogWorld: Bringing up level for play took: 0.000564
[2018.10.14-17.53.34:536][596]PIE: Play in editor start time for /Game/Levels/UEDPIE_0_Game_Level −0,595
[2018.10.14-17.53.34:537][596]LogBlueprintUserMessages: Late PlayInEditor Detection: Level '/Game/Levels/Game_Level.Game_Level:PersistentLevel' has LevelScriptBlueprint '/Game/Levels/Game_Level.Game_Level:PersistentLevel.Game_Level' with GeneratedClass '/Game/Levels/Game_Level.Game_Level_C' with ClassGeneratedBy '/Game/Levels/Game_Level.Game_Level:PersistentLevel.Game_Level'
[2018.10.14-17.53.37:472][947]LogSlate: FSceneViewport::OnFocusLost() reason 2
[2018.10.14-17.54.22:459][331]LogSlate: FSceneViewport::OnFocusLost() reason 0
[2018.10.14-17.54.22:559][343]LogBlueprintUserMessages: Early EndPlayMap Detection: Level '/Game/Levels/Game_Level.Game_Level:PersistentLevel' has LevelScriptBlueprint '/Game/Levels/Game_Level.Game_Level:PersistentLevel.Game_Level' with GeneratedClass '/Game/Levels/Game_Level.Game_Level_C' with ClassGeneratedBy '/Game/Levels/Game_Level.Game_Level:PersistentLevel.Game_Level'
[2018.10.14-17.54.22:560][343]LogSlate: Updating window title bar state: overlay mode, drag disabled, window buttons hidden, title bar hidden
[2018.10.14-17.54.22:606][343]LogPlayLevel: Display: Shutting down PIE online subsystems
[2018.10.14-17.54.22:607][343]LogBlueprintUserMessages: Late EndPlayMap Detection: Level '/Game/Levels/Game_Level.Game_Level:PersistentLevel' has LevelScriptBlueprint '/Game/Levels/Game_Level.Game_Level:PersistentLevel.Game_Level' with GeneratedClass '/Game/Levels/Game_Level.Game_Level_C' with ClassGeneratedBy '/Game/Levels/Game_Level.Game_Level:PersistentLevel.Game_Level'
[2018.10.14-17.54.22:648][343]LogSlate: Updating window title bar state: overlay mode, drag disabled, window buttons hidden, title bar hidden
[2018.10.14-17.54.22:670][344]LogPlayLevel: Display: Destroying online subsystem :Context_21
[2018.10.14-17.54.28:013][887]Cmd: OBJ SAVEPACKAGE PACKAGE="/Game/Blueprints/RewardsPool" FILE="../../../../../../Users/Jusu/Documents/pelihomma/MyProject/Content/Blueprints/RewardsPool.uasset" SILENT=true
[2018.10.14-17.54.28:071][887]LogSavePackage: Moving '../../../../../../Users/Jusu/Documents/pelihomma/MyProject/Saved/RewardsPoolC581BC074614561B1BC4CA88FD584321.tmp' to '../../../../../../Users/Jusu/Documents/pelihomma/MyProject/Content/Blueprints/RewardsPool.uasset'
[2018.10.14-17.54.28:401][913]BlueprintLog: New page: Compile RewardsPool
[2018.10.14-17.54.52:243][ 58]LogAssetEditorManager: Opening Asset editor for World /Game/Levels/Game_Level.Game_Level
[2018.10.14-17.54.53:707][ 58]LogSlate: Window 'Save Content' being destroyed
[2018.10.14-17.54.53:845][ 58]Cmd: OBJ SAVEPACKAGE PACKAGE="/Game/Blueprints/CollectibleCoins" FILE="../../../../../../Users/Jusu/Documents/pelihomma/MyProject/Content/Blueprints/CollectibleCoins.uasset" SILENT=true
[2018.10.14-17.54.53:874][ 58]LogSavePackage: Moving '../../../../../../Users/Jusu/Documents/pelihomma/MyProject/Saved/CollectibleCoins09CDFF7946C9FAAA0C343D832AEF3FC0.tmp' to '../../../../../../Users/Jusu/Documents/pelihomma/MyProject/Content/Blueprints/CollectibleCoins.uasset'
[2018.10.14-17.54.53:958][ 58]Cmd: OBJ SAVEPACKAGE PACKAGE="/Game/Levels/Game_Level" FILE="../../../../../../Users/Jusu/Documents/pelihomma/MyProject/Content/Levels/Game_Level.umap" SILENT=true AUTOSAVING=false KEEPDIRTY=false
[2018.10.14-17.54.54:207][ 58]LogSavePackage: Moving '../../../../../../Users/Jusu/Documents/pelihomma/MyProject/Saved/Game_LevelC964D3FC4005CB02123D9685E031E0E1.tmp' to '../../../../../../Users/Jusu/Documents/pelihomma/MyProject/Content/Levels/Game_Level.umap'
[2018.10.14-17.54.54:236][ 58]LogFileHelpers: Saving map 'Game_Level' took 0.359
[2018.10.14-17.54.54:245][ 58]Cmd: MAP LOAD FILE="../../../../../../Users/Jusu/Documents/pelihomma/MyProject/Content/Levels/Game_Level.umap" TEMPLATE=0 SHOWPROGRESS=1 FEATURELEVEL=3
[2018.10.14-17.54.54:246][ 58]LightingResults: New page: Lighting Build
[2018.10.14-17.54.54:246][ 58]LoadErrors: New page: Loading map: Game_Level.umap
[2018.10.14-17.54.54:336][ 58]MapCheck: New page: Map Check
[2018.10.14-17.54.54:336][ 58]LightingResults: New page: Lighting Build
[2018.10.14-17.54.54:433][ 58]LogAIModule: Creating AISystem for world Game_Level
[2018.10.14-17.54.54:436][ 58]LogEditorServer: Finished looking for orphan Actors (0.000 secs)
[2018.10.14-17.54.54:506][ 58]Cmd: MAP CHECKDEP NOCLEARLOG
[2018.10.14-17.54.54:587][ 58]MapCheck: Map check complete: 0 Error(s), 0 Warning(s), took 80,312ms to complete.
[2018.10.14-17.54.54:589][ 58]LogFileHelpers: Loading map 'Game_Level' took 0.350
[2018.10.14-17.54.54:613][ 58]LoadErrors: Error: /Game/Levels/Game_Level : Failed import for ObjectProperty /Game/GUIs/GameLevel_GUI.GameLevel_GUI_C:FinalScore Referenced by export Function /Game/Levels/Game_Level.Game_Level_C:ExecuteUbergraph_Game_Level
[2018.10.14-17.54.58:527][516]LogAssetEditorManager: Opening Asset editor for LevelScriptBlueprint /Game/Levels/Game_Level.Game_Level:PersistentLevel.Game_Level
[2018.10.14-17.58.11:684][ 93]Cmd: OBJ SAVEPACKAGE PACKAGE="/Game/Levels/Game_Level" FILE="../../../../../../Users/Jusu/Documents/pelihomma/MyProject/Content/Levels/Game_Level.umap" SILENT=true AUTOSAVING=false KEEPDIRTY=false
[2018.10.14-17.58.11:961][ 93]LogSavePackage: Moving '../../../../../../Users/Jusu/Documents/pelihomma/MyProject/Saved/Game_LevelCF2CEB054F819D804A332C93BAB57664.tmp' to '../../../../../../Users/Jusu/Documents/pelihomma/MyProject/Content/Levels/Game_Level.umap'
[2018.10.14-17.58.11:991][ 93]LogFileHelpers: Saving map 'Game_Level' took 0.387
[2018.10.14-17.59.05:935][334]Cmd: OBJ SAVEPACKAGE PACKAGE="/Game/Levels/Game_Level" FILE="../../../../../../Users/Jusu/Documents/pelihomma/MyProject/Content/Levels/Game_Level.umap" SILENT=true AUTOSAVING=false KEEPDIRTY=false
[2018.10.14-17.59.06:212][334]LogSavePackage: Moving '../../../../../../Users/Jusu/Documents/pelihomma/MyProject/Saved/Game_LevelA5DFC51846CADD7B90A40E87C54C8EE2.tmp' to '../../../../../../Users/Jusu/Documents/pelihomma/MyProject/Content/Levels/Game_Level.umap'
[2018.10.14-17.59.06:241][334]LogFileHelpers: Saving map 'Game_Level' took 0.385
[2018.10.14-17.59.06:547][352]BlueprintLog: New page: Compile Game_Level
[2018.10.14-17.59.08:656][523]LogTemp: Repeating last play command: Selected Viewport
[2018.10.14-17.59.08:692][523]LogBlueprintUserMessages: Early PlayInEditor Detection: Level '/Game/Levels/Game_Level.Game_Level:PersistentLevel' has LevelScriptBlueprint '/Game/Levels/Game_Level.Game_Level:PersistentLevel.Game_Level' with GeneratedClass '/Game/Levels/Game_Level.Game_Level_C' with ClassGeneratedBy '/Game/Levels/Game_Level.Game_Level:PersistentLevel.Game_Level'
[2018.10.14-17.59.08:692][523]LogPlayLevel: PlayLevel: No blueprints needed recompiling
[2018.10.14-17.59.08:692][523]PIE: New page: PIE session: Game_Level (14.10.2018 23.59.08)
[2018.10.14-17.59.08:692][523]LogPlayLevel: Creating play world package: /Game/Levels/UEDPIE_0_Game_Level
[2018.10.14-17.59.08:695][523]LogPlayLevel: PIE: StaticDuplicateObject took: (0.002800s)
[2018.10.14-17.59.08:695][523]LogAIModule: Creating AISystem for world Game_Level
[2018.10.14-17.59.08:696][523]LogPlayLevel: PIE: World Init took: (0.000685s)
[2018.10.14-17.59.08:696][523]LogPlayLevel: PIE: Created PIE world by copying editor world from /Game/Levels/Game_Level.Game_Level to /Game/Levels/UEDPIE_0_Game_Level.Game_Level (0.003588s)
[2018.10.14-17.59.08:758][523]LogInit: XAudio2 using 'Kuulokkeet (2–High Definition Audio -laite)' : 2 channels at 48 kHz using 16 bits per sample (channel mask 0x3)
[2018.10.14-17.59.08:768][523]LogInit: FAudioDevice initialized.
[2018.10.14-17.59.08:802][523]LogLoad: Game class is 'Game_mode_C'
[2018.10.14-17.59.08:803][523]LogWorld: Bringing World /Game/Levels/UEDPIE_0_Game_Level.Game_Level up for play (max tick rate 0) at 2018.10.14-20.59.08
[2018.10.14-17.59.08:803][523]LogWorld: Bringing up level for play took: 0.000463
[2018.10.14-17.59.43:754][523]LogScript: Warning: Runaway loop detected (over 1 000 000 iterations) - see log for stack trace
	RewardsPool_C /Game/Levels/UEDPIE_0_Game_Level.Game_Level:PersistentLevel.RewardsPool_2
	Function /Game/Blueprints/RewardsPool.RewardsPool_C:CreateReward:0038
[2018.10.14-17.59.43:754][523]PIE: Error: Infinite loop detected. Blueprint:  RewardsPool Function:  Branch Call Stack:  Show
