Log file open, 10/14/18 21:00:24
LogWindows: Failed to load 'aqProf.dll' (GetLastError=126)
LogWindows: File 'aqProf.dll' does not exist
LogWindows: Failed to load 'VSPerf140.dll' (GetLastError=126)
LogWindows: File 'VSPerf140.dll' does not exist
LogWindows: Failed to load 'VtuneApi.dll' (GetLastError=126)
LogWindows: File 'VtuneApi.dll' does not exist
LogWindows: Failed to load 'VtuneApi32e.dll' (GetLastError=126)
LogWindows: File 'VtuneApi32e.dll' does not exist
LogInit: Display: Running engine for game: MyProject
LogPlatformFile: Not using cached read wrapper
LogTaskGraph: Started task graph with 5 named threads and 14 total threads with 3 sets of task threads.
LogStats: Stats thread started at 0.185396
LogD3D11RHI: Loaded GFSDK_Aftermath_Lib.x64.dll
LogICUInternationalization: Display: ICU TimeZone Detection - Raw Offset: +2:00, Platform Override: ''
LogPluginManager: Mounting plugin Paper2D
LogPluginManager: Mounting plugin AISupport
LogPluginManager: Mounting plugin LightPropagationVolume
LogPluginManager: Mounting plugin CLionSourceCodeAccess
LogPluginManager: Mounting plugin CodeLiteSourceCodeAccess
LogPluginManager: Mounting plugin GitSourceControl
LogPluginManager: Mounting plugin KDevelopSourceCodeAccess
LogPluginManager: Mounting plugin NullSourceCodeAccess
LogPluginManager: Mounting plugin PerforceSourceControl
LogPluginManager: Mounting plugin SubversionSourceControl
LogPluginManager: Mounting plugin UObjectPlugin
LogPluginManager: Mounting plugin VisualStudioCodeSourceCodeAccess
LogPluginManager: Mounting plugin VisualStudioSourceCodeAccess
LogPluginManager: Mounting plugin XCodeSourceCodeAccess
LogPluginManager: Mounting plugin AssetManagerEditor
LogPluginManager: Mounting plugin CryptoKeys
LogPluginManager: Mounting plugin DataValidation
LogPluginManager: Mounting plugin FacialAnimation
LogPluginManager: Mounting plugin GameplayTagsEditor
LogPluginManager: Mounting plugin MacGraphicsSwitching
LogPluginManager: Mounting plugin MeshEditor
LogPluginManager: Mounting plugin MobileLauncherProfileWizard
LogPluginManager: Mounting plugin PluginBrowser
LogPluginManager: Mounting plugin SpeedTreeImporter
LogPluginManager: Mounting plugin DatasmithContent
LogPluginManager: Mounting plugin AlembicImporter
LogPluginManager: Mounting plugin AppleImageUtils
LogPluginManager: Mounting plugin AppleVision
LogPluginManager: Mounting plugin BackChannel
LogPluginManager: Mounting plugin CharacterAI
LogPluginManager: Mounting plugin GeometryCache
LogPluginManager: Mounting plugin HTML5Networking
LogPluginManager: Mounting plugin ProxyLODPlugin
LogPluginManager: Mounting plugin MagicLeap
LogPluginManager: Mounting plugin MagicLeapEmulator
LogPluginManager: Mounting plugin MagicLeapMedia
LogPluginManager: Mounting plugin AndroidMedia
LogPluginManager: Mounting plugin AvfMedia
LogPluginManager: Mounting plugin ImgMedia
LogPluginManager: Mounting plugin LinearTimecode
LogPluginManager: Mounting plugin MediaCompositing
LogPluginManager: Mounting plugin MediaPlayerEditor
LogPluginManager: Mounting plugin WmfMedia
LogPluginManager: Mounting plugin TcpMessaging
LogPluginManager: Mounting plugin UdpMessaging
LogPluginManager: Mounting plugin ActorSequence
LogPluginManager: Mounting plugin LevelSequenceEditor
LogPluginManager: Mounting plugin MatineeToLevelSequence
LogPluginManager: Mounting plugin NetcodeUnitTest
LogPluginManager: Mounting plugin NUTUnrealEngine4
LogPluginManager: Mounting plugin OnlineSubsystemGooglePlay
LogPluginManager: Mounting plugin OnlineSubsystemIOS
LogPluginManager: Mounting plugin OnlineSubsystem
LogPluginManager: Mounting plugin OnlineSubsystemNull
LogPluginManager: Mounting plugin OnlineSubsystemUtils
LogPluginManager: Mounting plugin LauncherChunkInstaller
LogPluginManager: Mounting plugin AndroidDeviceProfileSelector
LogPluginManager: Mounting plugin AndroidMoviePlayer
LogPluginManager: Mounting plugin AndroidPermission
LogPluginManager: Mounting plugin AppleMoviePlayer
LogPluginManager: Mounting plugin ArchVisCharacter
LogPluginManager: Mounting plugin AudioCapture
LogPluginManager: Mounting plugin CableComponent
LogPluginManager: Mounting plugin CustomMeshComponent
LogPluginManager: Mounting plugin EditableMesh
LogPluginManager: Mounting plugin ExampleDeviceProfileSelector
LogPluginManager: Mounting plugin GoogleCloudMessaging
LogPluginManager: Mounting plugin ImmediatePhysics
LogPluginManager: Mounting plugin IOSDeviceProfileSelector
LogPluginManager: Mounting plugin LinuxDeviceProfileSelector
LogPluginManager: Mounting plugin LocationServicesBPLibrary
LogPluginManager: Mounting plugin MobilePatchingUtils
LogPluginManager: Mounting plugin OculusVR
LogPluginManager: Plugin shader directory ../../../Engine/Plugins/Runtime/Oculus/OculusVR/Shaders found
LogPluginManager: Mapping shader source directory ../../../Engine/Plugins/Runtime/Oculus/OculusVR/Shaders to virtual directory /Plugin/OculusVR
LogPluginManager: Mounting plugin PhysXVehicles
LogPluginManager: Mounting plugin ProceduralMeshComponent
LogPluginManager: Mounting plugin RuntimePhysXCooking
LogPluginManager: Mounting plugin SteamVR
LogPluginManager: Mounting plugin WindowsMoviePlayer
LogStreaming: Display: Took  0.110s to configure plugins.
LogInit: Using libcurl 7.55.1-DEV
LogInit:  - built for x86_64-pc-win32
LogInit:  - supports SSL with OpenSSL/1.0.2h
LogInit:  - supports HTTP deflate (compression) using libz 1.2.8
LogInit:  - other features:
LogInit:      CURL_VERSION_SSL
LogInit:      CURL_VERSION_LIBZ
LogInit:      CURL_VERSION_IPV6
LogInit:      CURL_VERSION_ASYNCHDNS
LogInit:      CURL_VERSION_LARGEFILE
LogInit:      CURL_VERSION_IDN
LogInit:  CurlRequestOptions (configurable via config and command line):
LogInit:  - bVerifyPeer = false  - Libcurl will NOT verify peer certificate
LogInit:  - bUseHttpProxy = false  - Libcurl will NOT use HTTP proxy
LogInit:  - bDontReuseConnections = false  - Libcurl will reuse connections
LogInit:  - CertBundlePath = nullptr  - Libcurl will use whatever was configured at build time.
LogInit:  - MaxHostConnections = 16  - Libcurl will limit the number of connections to a host
LogInit:  - LocalHostAddr = Default
LogInit:  - BufferSize = 65536
LogInit: WinSock: version 1.1 (2.2), MaxSocks=32767, MaxUdp=65467
LogInit: Build: ++UE4+Release-4.20-CL-4369336
LogInit: Engine Version: 4.20.3-4369336+++UE4+Release-4.20
LogInit: Compatible Engine Version: 4.20.0-4212847+++UE4+Release-4.20
LogInit: Net CL: 4212847
LogInit: OS: Windows 10 (), CPU: Intel(R) Core(TM) i5-6600K CPU @ 3.50GHz, GPU: NVIDIA GeForce GTX 1070
LogInit: Compiled (64-bit): Sep 17 2018 12:26:19
LogInit: Compiled with Visual C++: 19.13.26129.00
LogInit: Build Configuration: Development
LogInit: Branch Name: ++UE4+Release-4.20
LogInit: Command Line: -EpicPortal 
LogInit: Base Directory: C:/Program Files/Epic Games/UE_4.20/Engine/Binaries/Win64/
LogInit: Installed Engine Build: 1
LogDevObjectVersion: Number of dev versions registered: 20
LogDevObjectVersion:   Dev-Blueprints (B0D832E4-1F89-4F0D-ACCF-7EB736FD4AA2): 10
LogDevObjectVersion:   Dev-Build (E1C64328-A22C-4D53-A36C-8E866417BD8C): 0
LogDevObjectVersion:   Dev-Core (375EC13C-06E4-48FB-B500-84F0262A717E): 2
LogDevObjectVersion:   Dev-Editor (E4B068ED-F494-42E9-A231-DA0B2E46BB41): 24
LogDevObjectVersion:   Dev-Framework (CFFC743F-43B0-4480-9391-14DF171D2073): 34
LogDevObjectVersion:   Dev-Mobile (B02B49B5-BB20-44E9-A304-32B752E40360): 2
LogDevObjectVersion:   Dev-Networking (A4E4105C-59A1-49B5-A7C5-40C4547EDFEE): 0
LogDevObjectVersion:   Dev-Online (39C831C9-5AE6-47DC-9A44-9C173E1C8E7C): 0
LogDevObjectVersion:   Dev-Physics (78F01B33-EBEA-4F98-B9B4-84EACCB95AA2): 0
LogDevObjectVersion:   Dev-Platform (6631380F-2D4D-43E0-8009-CF276956A95A): 0
LogDevObjectVersion:   Dev-Rendering (12F88B9F-8875-4AFC-A67C-D90C383ABD29): 26
LogDevObjectVersion:   Dev-Sequencer (7B5AE74C-D270-4C10-A958-57980B212A5A): 9
LogDevObjectVersion:   Dev-VR (D7296918-1DD6-4BDD-9DE2-64A83CC13884): 2
LogDevObjectVersion:   Dev-LoadTimes (C2A15278-BFE7-4AFE-6C17-90FF531DF755): 1
LogDevObjectVersion:   Private-Geometry (6EACA3D4-40EC-4CC1-B786-8BED09428FC5): 3
LogDevObjectVersion:   Dev-AnimPhys (29E575DD-E0A3-4627-9D10-D276232CDCEA): 17
LogDevObjectVersion:   Dev-ReflectionCapture (6B266CEC-1EC7-4B8F-A30B-E4D90942FC07): 1
LogDevObjectVersion:   Dev-Automation (0DF73D61-A23F-47EA-B727-89E90C41499A): 1
LogDevObjectVersion:   FortniteMain (601D1886-AC64-4F84-AA16-D3DE0DEAC7D6): 12
LogDevObjectVersion:   Dev-Enterprise (9DFFBCD6-494F-0158-E221-12823C92A888): 1
LogStreaming: Display: Took  0.000s to delete old logs.
LogInit: Presizing for max 8388607 objects, including 0 objects not considered by GC, pre-allocating 0 bytes for permanent pool.
LogInit: Object subsystem initialized
[2018.10.14-18.00.24:348][  0]LogInit: Selected Device Profile: [Windows]
[2018.10.14-18.00.24:348][  0]LogInit: Applying CVar settings loaded from the selected device profile: [Windows]
[2018.10.14-18.00.24:365][  0]LogHAL: Display: Platform has ~ 8 GB [8548642816 / 8589934592 / 8], which maps to Default [LargestMinGB=32, LargerMinGB=12, DefaultMinGB=8, SmallerMinGB=6, SmallestMinGB=0)
[2018.10.14-18.00.24:365][  0]LogInit: Setting Device Profile CVar: [[r.Vulkan.UseRealUBs:1]]
[2018.10.14-18.00.24:365][  0]LogInit: Going up to parent DeviceProfile []
[2018.10.14-18.00.24:365][  0]LogInit: Computer: DESKTOP-PUH8LJK
[2018.10.14-18.00.24:365][  0]LogInit: User: Jusu
[2018.10.14-18.00.24:365][  0]LogInit: CPU Page size=4096, Cores=4
[2018.10.14-18.00.24:365][  0]LogInit: High frequency timer resolution =3.421878 MHz
[2018.10.14-18.00.24:365][  0]LogMemory: Memory total: Physical=8.0GB (8GB approx)
[2018.10.14-18.00.24:365][  0]LogMemory: Platform Memory Stats for Windows
[2018.10.14-18.00.24:365][  0]LogMemory: Process Physical Memory: 99.10 MB used, 99.10 MB peak
[2018.10.14-18.00.24:365][  0]LogMemory: Process Virtual Memory: 82.55 MB used, 82.55 MB peak
[2018.10.14-18.00.24:365][  0]LogMemory: Physical Memory: 4468.08 MB used,  3684.54 MB free, 8152.62 MB total
[2018.10.14-18.00.24:365][  0]LogMemory: Virtual Memory: 4618.66 MB used,  3684.54 MB free, 134217728.00 MB total
[2018.10.14-18.00.24:382][  0]LogInit: Using OS detected language (fi-FI).
[2018.10.14-18.00.24:382][  0]LogInit: Using OS detected locale (fi-FI).
[2018.10.14-18.00.24:382][  0]LogTextLocalizationManager: No localization for 'fi-FI' exists, so 'en' will be used for the language.
[2018.10.14-18.00.24:744][  0]LogStreaming: Display: Took  0.361s to InitEngineTextLocalization.
[2018.10.14-18.00.24:744][  0]LogInit: Setting process to per monitor DPI aware
[2018.10.14-18.00.24:765][  0]LogSlate: New Slate User Created.  User Index 0, Is Virtual User: 0
[2018.10.14-18.00.24:765][  0]LogSlate: Slate User Registered.  User Index 0, Is Virtual User: 0
[2018.10.14-18.00.24:931][  0]LogHMD: Failed to initialize OpenVR with code 110
[2018.10.14-18.00.24:931][  0]LogD3D11RHI: D3D11 adapters:
[2018.10.14-18.00.24:993][  0]LogD3D11RHI:    0. 'NVIDIA GeForce GTX 1070' (Feature Level 11_0)
[2018.10.14-18.00.24:993][  0]LogD3D11RHI:       8088/0/4076 MB DedicatedVideo/DedicatedSystem/SharedSystem, Outputs:2, VendorId:0x10de
[2018.10.14-18.00.24:995][  0]LogD3D11RHI:    1. 'Microsoft Basic Render Driver' (Feature Level 11_0)
[2018.10.14-18.00.24:995][  0]LogD3D11RHI:       0/0/4076 MB DedicatedVideo/DedicatedSystem/SharedSystem, Outputs:0, VendorId:0x1414
[2018.10.14-18.00.24:995][  0]LogD3D11RHI: Chosen D3D11 Adapter: 0
[2018.10.14-18.00.25:001][  0]LogD3D11RHI: Creating new Direct3DDevice
[2018.10.14-18.00.25:001][  0]LogD3D11RHI:     GPU DeviceId: 0x1b81 (for the marketing name, search the web for "GPU Device Id")
[2018.10.14-18.00.25:001][  0]LogWindows: EnumDisplayDevices:
[2018.10.14-18.00.25:001][  0]LogWindows:    0. 'NVIDIA GeForce GTX 1070' (P:0 D:1)
[2018.10.14-18.00.25:001][  0]LogWindows:    1. 'NVIDIA GeForce GTX 1070' (P:1 D:1)
[2018.10.14-18.00.25:002][  0]LogWindows:    2. 'NVIDIA GeForce GTX 1070' (P:0 D:0)
[2018.10.14-18.00.25:002][  0]LogWindows:    3. 'NVIDIA GeForce GTX 1070' (P:0 D:0)
[2018.10.14-18.00.25:002][  0]LogWindows: DebugString: FoundDriverCount:4 
[2018.10.14-18.00.25:002][  0]LogD3D11RHI:     Adapter Name: NVIDIA GeForce GTX 1070
[2018.10.14-18.00.25:002][  0]LogD3D11RHI:   Driver Version: 416.34 (internal:25.21.14.1634, unified:416.34)
[2018.10.14-18.00.25:002][  0]LogD3D11RHI:      Driver Date: 10-10-2018
[2018.10.14-18.00.25:002][  0]LogRHI: Texture pool is 5661 MB (70% of 8088 MB)
[2018.10.14-18.00.25:040][  0]LogD3D11RHI: Async texture creation enabled
[2018.10.14-18.00.25:071][  0]LogD3D11RHI: GPU Timing Frequency: 1000.000000 (Debug: 2 2)
[2018.10.14-18.00.25:116][  0]LogShaderCompilers: Guid format shader working directory is -14 characters bigger than the processId version (../../../../../../Users/Jusu/Documents/pelihomma/MyProject/Intermediate/Shaders/WorkingDirectory/10488/).
[2018.10.14-18.00.25:116][  0]LogShaderCompilers: Cleaned the shader compiler working directory 'C:/Users/Jusu/AppData/Local/Temp/UnrealShaderWorkingDir/6E5185304F29BDAD833BD1B0A9A9D336/'.
[2018.10.14-18.00.25:946][  0]LogTemp: Display: Loaded TP AllDesktopTargetPlatform
[2018.10.14-18.00.25:958][  0]LogTemp: Display: Loaded TP MacClientTargetPlatform
[2018.10.14-18.00.25:969][  0]LogTemp: Display: Loaded TP MacNoEditorTargetPlatform
[2018.10.14-18.00.25:982][  0]LogTemp: Display: Loaded TP MacServerTargetPlatform
[2018.10.14-18.00.25:995][  0]LogTemp: Display: Loaded TP MacTargetPlatform
[2018.10.14-18.00.26:008][  0]LogTemp: Display: Loaded TP WindowsClientTargetPlatform
[2018.10.14-18.00.26:023][  0]LogTemp: Display: Loaded TP WindowsNoEditorTargetPlatform
[2018.10.14-18.00.26:039][  0]LogTemp: Display: Loaded TP WindowsServerTargetPlatform
[2018.10.14-18.00.26:045][  0]LogTemp: Display: Loaded TP WindowsTargetPlatform
[2018.10.14-18.00.26:127][  0]LogTemp: Display: Loaded TP AndroidTargetPlatform
[2018.10.14-18.00.26:127][  0]LogTemp: Display: Loaded TP AndroidTargetPlatform
[2018.10.14-18.00.26:127][  0]LogTemp: Display: Loaded TP AndroidTargetPlatform
[2018.10.14-18.00.26:127][  0]LogTemp: Display: Loaded TP AndroidTargetPlatform
[2018.10.14-18.00.26:127][  0]LogTemp: Display: Loaded TP AndroidTargetPlatform
[2018.10.14-18.00.26:127][  0]LogTemp: Display: Loaded TP AndroidTargetPlatform
[2018.10.14-18.00.26:127][  0]LogTemp: Display: Loaded TP AndroidTargetPlatform
[2018.10.14-18.00.26:127][  0]LogTemp: Display: Loaded TP AndroidTargetPlatform
[2018.10.14-18.00.26:127][  0]LogTemp: Display: Loaded TP AndroidTargetPlatform
[2018.10.14-18.00.26:127][  0]LogTemp: Display: Loaded TP AndroidTargetPlatform
[2018.10.14-18.00.26:127][  0]LogTemp: Display: Loaded TP AndroidTargetPlatform
[2018.10.14-18.00.26:127][  0]LogTemp: Display: Loaded TP AndroidTargetPlatform
[2018.10.14-18.00.26:127][  0]LogTemp: Display: Loaded TP AndroidTargetPlatform
[2018.10.14-18.00.26:127][  0]LogTemp: Display: Loaded TP AndroidTargetPlatform
[2018.10.14-18.00.26:127][  0]LogTemp: Display: Loaded TP AndroidTargetPlatform
[2018.10.14-18.00.26:127][  0]LogTemp: Display: Loaded TP AndroidTargetPlatform
[2018.10.14-18.00.26:127][  0]LogTemp: Display: Loaded TP AndroidTargetPlatform
[2018.10.14-18.00.26:127][  0]LogTemp: Display: Loaded TP AndroidTargetPlatform
[2018.10.14-18.00.26:128][  0]LogTemp: Display: Loaded TP HTML5TargetPlatform
[2018.10.14-18.00.26:186][  0]LogTemp: Display: Loaded TP IOSTargetPlatform
[2018.10.14-18.00.26:186][  0]LogTemp: Display: Loaded TP IOSTargetPlatform
[2018.10.14-18.00.26:208][  0]LogTemp: Display: Loaded TP TVOSTargetPlatform
[2018.10.14-18.00.26:208][  0]LogTemp: Display: Loaded TP TVOSTargetPlatform
[2018.10.14-18.00.26:219][  0]LogTemp: Display: Loaded TP LinuxClientTargetPlatform
[2018.10.14-18.00.26:231][  0]LogTemp: Display: Loaded TP LinuxNoEditorTargetPlatform
[2018.10.14-18.00.26:244][  0]LogTemp: Display: Loaded TP LinuxServerTargetPlatform
[2018.10.14-18.00.26:256][  0]LogTemp: Display: Loaded TP LinuxTargetPlatform
[2018.10.14-18.00.26:265][  0]LogTemp: Display: Loaded TP LuminTargetPlatform
[2018.10.14-18.00.26:265][  0]LogTargetPlatformManager: Display: Building Assets For Windows
[2018.10.14-18.00.26:322][  0]LogXGEController: Cannot use XGE Controller as Incredibuild is not installed on this machine.
[2018.10.14-18.00.26:322][  0]LogShaderCompilers: Cannot use XGE Shader Compiler as Incredibuild is not installed on this machine.
[2018.10.14-18.00.26:322][  0]LogShaderCompilers: Display: Using Local Shader Compiler.
[2018.10.14-18.00.27:006][  0]LogDerivedDataCache: Display: Max Cache Size: 512 MB
[2018.10.14-18.00.27:066][  0]LogDerivedDataCache: Loaded boot cache 0.06s 71MB C:/Users/Jusu/AppData/Local/UnrealEngine/4.20/DerivedDataCache/Boot.ddc.
[2018.10.14-18.00.27:066][  0]LogDerivedDataCache: Display: Loaded Boot cache: C:/Users/Jusu/AppData/Local/UnrealEngine/4.20/DerivedDataCache/Boot.ddc
[2018.10.14-18.00.27:066][  0]LogDerivedDataCache: FDerivedDataBackendGraph:  Pak pak cache file ../../../../../../Users/Jusu/Documents/pelihomma/MyProject/DerivedDataCache/DDC.ddp not found, will not use a pak cache.
[2018.10.14-18.00.27:066][  0]LogDerivedDataCache: Unable to find inner node Pak for hierarchical cache Hierarchy.
[2018.10.14-18.00.27:066][  0]LogDerivedDataCache: FDerivedDataBackendGraph:  CompressedPak pak cache file ../../../../../../Users/Jusu/Documents/pelihomma/MyProject/DerivedDataCache/Compressed.ddp not found, will not use a pak cache.
[2018.10.14-18.00.27:066][  0]LogDerivedDataCache: Unable to find inner node CompressedPak for hierarchical cache Hierarchy.
[2018.10.14-18.00.27:079][  0]LogDerivedDataCache: Display: Pak cache opened for reading ../../../Engine/DerivedDataCache/Compressed.ddp.
[2018.10.14-18.00.27:091][  0]LogDerivedDataCache: Using Local data cache path C:/Users/Jusu/AppData/Local/UnrealEngine/Common/DerivedDataCache: Writable
[2018.10.14-18.00.27:091][  0]LogDerivedDataCache: Shared data cache path not found in *engine.ini, will not use an Shared cache.
[2018.10.14-18.00.27:091][  0]LogDerivedDataCache: Unable to find inner node Shared for hierarchical cache Hierarchy.
[2018.10.14-18.00.27:108][  0]LogMaterial: Verifying Global Shaders for PCD3D_SM5
[2018.10.14-18.00.27:110][  0]LogSlate: Using FreeType 2.6.0
[2018.10.14-18.00.27:110][  0]LogSlate: SlateFontServices - WITH_FREETYPE: 1, WITH_HARFBUZZ: 1
[2018.10.14-18.00.27:183][  0]LogAssetRegistry: FAssetRegistry took 0.0260 seconds to start up
[2018.10.14-18.00.27:474][  0]LogInit: Selected Device Profile: [Windows]
[2018.10.14-18.00.27:591][  0]LogSimplygon: Simplygon DLL not present - disabling.
[2018.10.14-18.00.27:594][  0]LogMeshReduction: Using SimplygonSwarm for distributed automatic mesh merging
[2018.10.14-18.00.27:594][  0]LogMeshReduction: Using ProxyLODMeshReduction for automatic mesh merging
[2018.10.14-18.00.27:594][  0]LogMeshReduction: Using QuadricMeshReduction for automatic static mesh reduction
[2018.10.14-18.00.27:594][  0]LogMeshReduction: No automatic skeletal mesh reduction module available
[2018.10.14-18.00.27:612][  0]LogNetVersion: MyProject 1.0.0, NetCL: 4212847, EngineNetVer: 5, GameNetVer: 0 (Checksum: 1110078900)
[2018.10.14-18.00.28:034][  0]LogPackageLocalizationCache: Processed 11 localized package path(s) for 1 prioritized culture(s) in 0.051720 seconds
[2018.10.14-18.00.28:041][  0]LogUObjectArray: 38425 objects as part of root set at end of initial load.
[2018.10.14-18.00.28:042][  0]LogUObjectAllocator: 6690872 out of 0 bytes used by permanent object pool.
[2018.10.14-18.00.28:042][  0]LogUObjectArray: CloseDisregardForGC: 0/0 objects in disregard for GC pool
[2018.10.14-18.00.28:806][  0]LogTcpMessaging: Initializing TcpMessaging bridge
[2018.10.14-18.00.28:818][  0]LogUdpMessaging: Initializing bridge on interface 0.0.0.0:0 to multicast group 230.0.0.1:6666.
[2018.10.14-18.00.28:965][  0]SourceControl: Source control is disabled
[2018.10.14-18.00.28:965][  0]LogWindows: Warning: CreateProc failed: Määritettyä tiedostoa ei löydy. (0x00000002)
[2018.10.14-18.00.28:965][  0]LogWindows: Warning: URL: C:/Program Files/Git/bin/git.exe version
[2018.10.14-18.00.28:965][  0]LogWindows: Warning: CreateProc failed: Määritettyä tiedostoa ei löydy. (0x00000002)
[2018.10.14-18.00.28:965][  0]LogWindows: Warning: URL: C:/Program Files (x86)/Git/bin/git.exe version
[2018.10.14-18.00.28:965][  0]LogWindows: Warning: CreateProc failed: Määritettyä tiedostoa ei löydy. (0x00000002)
[2018.10.14-18.00.28:965][  0]LogWindows: Warning: URL: C:\Users\Jusu\AppData\Local/Programs/Git/cmd/git.exe version
[2018.10.14-18.00.28:966][  0]LogWindows: Warning: CreateProc failed: Määritettyä tiedostoa ei löydy. (0x00000002)
[2018.10.14-18.00.28:966][  0]LogWindows: Warning: URL: C:/Program Files (x86)/SmartGit/git/bin/git.exe version
[2018.10.14-18.00.28:966][  0]LogWindows: Warning: CreateProc failed: Määritettyä tiedostoa ei löydy. (0x00000002)
[2018.10.14-18.00.28:966][  0]LogWindows: Warning: URL: C:/Program Files (x86)/SmartGit/bin/git.exe version
[2018.10.14-18.00.29:854][  0]LogAndroidPermission: UAndroidPermissionCallbackProxy::GetInstance
[2018.10.14-18.00.29:963][  0]LogOcInput: OculusInput pre-init called
[2018.10.14-18.00.30:021][  0]LogEngine: Initializing Engine...
[2018.10.14-18.00.30:022][  0]LogHMD: Failed to initialize OpenVR with code 110
[2018.10.14-18.00.30:023][  0]LogStats: UGameplayTagsManager::ConstructGameplayTagTree: ImportINI prefixes -  0.000 s
[2018.10.14-18.00.30:023][  0]LogStats: UGameplayTagsManager::ConstructGameplayTagTree: Construct from data asset -  0.000 s
[2018.10.14-18.00.30:023][  0]LogStats: UGameplayTagsManager::ConstructGameplayTagTree: ImportINI -  0.000 s
[2018.10.14-18.00.30:023][  0]LogStats: UGameplayTagsManager::ConstructGameplayTagTree: GameplayTagTreeChangedEvent.Broadcast -  0.000 s
[2018.10.14-18.00.30:228][  0]LogInit: Initializing FReadOnlyCVARCache
[2018.10.14-18.00.30:244][  0]LogAIModule: Creating AISystem for world Untitled
[2018.10.14-18.00.30:301][  0]LogInit: XAudio2 using 'Kuulokkeet (2–High Definition Audio -laite)' : 2 channels at 48 kHz using 16 bits per sample (channel mask 0x3)
[2018.10.14-18.00.30:315][  0]LogInit: FAudioDevice initialized.
[2018.10.14-18.00.30:315][  0]LogNetVersion: Set ProjectVersion to 1.0.0.0. Version Checksum will be recalculated on next use.
[2018.10.14-18.00.30:395][  0]LogDerivedDataCache: Saved boot cache 0.08s 71MB C:/Users/Jusu/AppData/Local/UnrealEngine/4.20/DerivedDataCache/Boot.ddc.
[2018.10.14-18.00.30:401][  0]LogInit: Texture streaming: Enabled
[2018.10.14-18.00.30:417][  0]LogEngineSessionManager: EngineSessionManager initialized
[2018.10.14-18.00.30:429][  0]LogInit: Transaction tracking system initialized
[2018.10.14-18.00.30:449][  0]BlueprintLog: New page: Editor Load
[2018.10.14-18.00.30:522][  0]LocalizationService: Localization service is disabled
[2018.10.14-18.00.30:762][  0]LogCook: Display: Max memory allowance for cook 16384mb min free memory 0mb
[2018.10.14-18.00.30:762][  0]LogCook: Display: Mobile HDR setting 1
[2018.10.14-18.00.30:762][  0]LogGameplayTags: Display: UGameplayTagsManager::DoneAddingNativeTags. DelegateIsBound: 0
[2018.10.14-18.00.30:762][  0]LogStats: UGameplayTagsManager::ConstructGameplayTagTree: ImportINI prefixes -  0.000 s
[2018.10.14-18.00.30:762][  0]LogStats: UGameplayTagsManager::ConstructGameplayTagTree: Construct from data asset -  0.000 s
[2018.10.14-18.00.30:762][  0]LogStats: UGameplayTagsManager::ConstructGameplayTagTree: ImportINI -  0.000 s
[2018.10.14-18.00.30:762][  0]LogStats: UGameplayTagsManager::ConstructGameplayTagTree: GameplayTagTreeChangedEvent.Broadcast -  0.000 s
[2018.10.14-18.00.30:854][  0]LogFileCache: Scanning file cache for directory 'C:/Users/Jusu/Documents/pelihomma/MyProject/Content/' took 0.01s
[2018.10.14-18.00.30:861][  0]Cmd: MAP LOAD FILE="../../../Engine/Content/Maps/Templates/Template_Default.umap" TEMPLATE=1 SHOWPROGRESS=1 FEATURELEVEL=3
[2018.10.14-18.00.30:861][  0]LightingResults: New page: Lighting Build
[2018.10.14-18.00.30:863][  0]MapCheck: New page: Map Check
[2018.10.14-18.00.30:864][  0]LightingResults: New page: Lighting Build
[2018.10.14-18.00.31:049][  0]LogAIModule: Creating AISystem for world Untitled_1
[2018.10.14-18.00.31:055][  0]LogEditorServer: Finished looking for orphan Actors (0.000 secs)
[2018.10.14-18.00.31:077][  0]Cmd: MAP CHECKDEP NOCLEARLOG
[2018.10.14-18.00.31:137][  0]MapCheck: Map check complete: 0 Error(s), 0 Warning(s), took 59,8ms to complete.
[2018.10.14-18.00.31:137][  0]LogFileHelpers: Loading map 'Template_Default' took 0.275
[2018.10.14-18.00.31:261][  0]LogSlate: Updating window title bar state: overlay mode, drag disabled, window buttons hidden, title bar hidden
[2018.10.14-18.00.31:268][  0]LogSlate: Updating window title bar state: overlay mode, drag disabled, window buttons hidden, title bar hidden
[2018.10.14-18.00.31:275][  0]LogSlate: Updating window title bar state: overlay mode, drag disabled, window buttons hidden, title bar hidden
[2018.10.14-18.00.31:283][  0]LogSlate: Updating window title bar state: overlay mode, drag disabled, window buttons hidden, title bar hidden
[2018.10.14-18.00.31:294][  0]LogCollectionManager: Loaded 0 collections in 0.001544 seconds
[2018.10.14-18.00.31:340][  0]LogFileCache: Scanning file cache for directory 'C:/Users/Jusu/Documents/pelihomma/MyProject/Saved/Collections/' took 0.01s
[2018.10.14-18.00.31:340][  0]LogFileCache: Scanning file cache for directory 'C:/Users/Jusu/Documents/pelihomma/MyProject/Content/Developers/Jusu/Collections/' took 0.01s
[2018.10.14-18.00.31:340][  0]LogFileCache: Scanning file cache for directory 'C:/Users/Jusu/Documents/pelihomma/MyProject/Content/Collections/' took 0.01s
[2018.10.14-18.00.31:340][  0]LogCollectionManager: Rebuilt the GUID cache for 0 collections in 0.000001 seconds
[2018.10.14-18.00.31:350][  0]LogContentBrowser: Native class hierarchy populated in 0.0085 seconds. Added 2572 classes and 603 folders.
[2018.10.14-18.00.31:359][  0]LogContentBrowser: Native class hierarchy updated for 'WidgetCarousel' in 0.0003 seconds. Added 0 classes and 0 folders.
[2018.10.14-18.00.31:707][  0]LogContentBrowser: Native class hierarchy updated for 'AddContentDialog' in 0.0002 seconds. Added 0 classes and 0 folders.
[2018.10.14-18.00.31:713][  0]LogContentBrowser: Native class hierarchy updated for 'SceneOutliner' in 0.0003 seconds. Added 1 classes and 2 folders.
[2018.10.14-18.00.33:033][  0]LogSlate: Only BGRA pngs, bmps or icos are supported in by External Image Picker
[2018.10.14-18.00.33:066][  0]LogSlate: Took 0.000251 seconds to synchronously load lazily loaded font '../../../Engine/Content/Slate/Fonts/Roboto-Regular.ttf' (155K)
[2018.10.14-18.00.33:069][  0]LogSlate: Took 0.000350 seconds to synchronously load lazily loaded font '../../../Engine/Content/Slate/Fonts/Roboto-Bold.ttf' (160K)
[2018.10.14-18.00.33:082][  0]LogSlate: Took 0.007807 seconds to synchronously load lazily loaded font '../../../Engine/Content/Editor/Slate/Fonts/FontAwesome.ttf' (139K)
[2018.10.14-18.00.33:181][  0]LogTemp: Executing iPhonePackager certificates Engine -bundlename com.YourCompany.MyProject
[2018.10.14-18.00.33:181][  0]LogTemp: CWD: C:\Program Files\Epic Games\UE_4.20\Engine\Binaries\DotNET\IOS
[2018.10.14-18.00.33:181][  0]LogTemp: Initial Dir: C:\Program Files\Epic Games\UE_4.20
[2018.10.14-18.00.33:181][  0]LogTemp: Env CWD: C:\Program Files\Epic Games\UE_4.20\Engine\Binaries\DotNET\IOS
[2018.10.14-18.00.33:181][  0]LogTemp: BranchPath = DESKTOP-PUH8LJK/C/Program Files/Epic Games/UE_4.20/Engine/Binaries --- GameBranchPath = DESKTOP-PUH8LJK/C/Program Files/Epic Games/UE_4.20/Engine/Binaries
[2018.10.14-18.00.33:181][  0]LogRenderer: Reallocating scene render targets to support 1208x576 Format 10 NumSamples 1 (Frame:1).
[2018.10.14-18.00.33:313][  0]LogTemp: IPP ERROR: Could not find provision directory 'C:\Users\Jusu\AppData\Local/Apple Computer/MobileDevice/Provisioning Profiles/'.
[2018.10.14-18.00.33:328][  0]LogContentBrowser: Native class hierarchy updated for 'HierarchicalLODOutliner' in 0.0002 seconds. Added 0 classes and 0 folders.
[2018.10.14-18.00.33:328][  0]LogLoad: (Engine Initialization) Total time: 10.44 seconds
[2018.10.14-18.00.33:328][  0]LogLoad: (Engine Initialization) Total Blueprint compile time: 0.00 seconds
[2018.10.14-18.00.33:338][  0]LogWindowsTextInputMethodSystem: Display: IME system now deactivated.
[2018.10.14-18.00.33:365][  0]LogContentStreaming: Texture pool size now 1000 MB
[2018.10.14-18.00.33:404][  0]LogSlate: Took 0.004369 seconds to synchronously load lazily loaded font '../../../Engine/Content/Slate/Fonts/Roboto-Light.ttf' (167K)
[2018.10.14-18.00.33:442][  1]LogAssetRegistry: Asset discovery search completed in 6.2821 seconds
[2018.10.14-18.00.33:444][  1]LogCollectionManager: Rebuilt the object cache for 0 collections in 0.000000 seconds (found 0 objects)
[2018.10.14-18.00.33:444][  1]LogCollectionManager: Fixed up redirectors for 0 collections in 0.000068 seconds (updated 0 objects)
[2018.10.14-18.00.34:361][103]LogSlate: Took 0.000196 seconds to synchronously load lazily loaded font '../../../Engine/Content/Slate/Fonts/Roboto-Light.ttf' (167K)
[2018.10.14-18.00.37:922][522]LogSlate: FSceneViewport::OnFocusLost() reason 0
[2018.10.14-18.00.37:997][531]LogSlate: Window 'Project Settings' being destroyed
[2018.10.14-18.00.37:999][531]LogSlate: Window 'Project Settings' being destroyed
[2018.10.14-18.00.38:941][642]LogSlate: FSceneViewport::OnFocusLost() reason 0
[2018.10.14-18.00.39:157][651]LogAssetEditorManager: Opening Asset editor for Blueprint /Game/Blueprints/CollectibleCoins.CollectibleCoins
[2018.10.14-18.00.39:602][651]LogContentBrowser: Native class hierarchy updated for 'BlueprintGraph' in 0.0005 seconds. Added 116 classes and 0 folders.
[2018.10.14-18.00.40:411][651]LogAssetEditorManager: Opening Asset editor for Blueprint /Game/Blueprints/AvoidableHurt.AvoidableHurt
[2018.10.14-18.00.40:696][651]LogAssetEditorManager: Opening Asset editor for Blueprint /Game/Blueprints/Avoidables.Avoidables
[2018.10.14-18.00.40:990][651]LogAssetEditorManager: Opening Asset editor for Blueprint /Game/Blueprints/BBGameChar.BBGameChar
[2018.10.14-18.00.41:325][651]LogAssetEditorManager: Opening Asset editor for WidgetBlueprint /Game/GUIs/MainMenu_GUI.MainMenu_GUI
[2018.10.14-18.00.41:645][651]LogLinker: Warning: Can't resolve asset name
[2018.10.14-18.00.41:685][651]LogAssetEditorManager: Opening Asset editor for Blueprint /Game/Blueprints/RewardsPool.RewardsPool
[2018.10.14-18.00.42:015][651]LogAssetEditorManager: Opening Asset editor for Blueprint /Game/Blueprints/Collectibles.Collectibles
[2018.10.14-18.00.42:344][651]LogAssetEditorManager: Opening Asset editor for Blueprint /Game/Blueprints/CollectiblesPool.CollectiblesPool
[2018.10.14-18.00.42:662][651]LogSlate: Took 0.005536 seconds to synchronously load lazily loaded font '../../../Engine/Content/Slate/Fonts/Roboto-BoldCondensed.ttf' (158K)
[2018.10.14-18.00.42:794][652]LogSlate: Took 0.004700 seconds to synchronously load lazily loaded font '../../../Engine/Content/Slate/Fonts/Roboto-Italic.ttf' (157K)
[2018.10.14-18.00.45:498][900]LogActorComponent: UnregisterComponent: (/Engine/Transient.EditorFloorComp) Not registered. Aborting.
[2018.10.14-18.00.46:716][ 18]LogActorComponent: UnregisterComponent: (/Engine/Transient.EditorFloorComp) Not registered. Aborting.
[2018.10.14-18.00.48:277][185]LogActorComponent: UnregisterComponent: (/Engine/Transient.EditorFloorComp) Not registered. Aborting.
[2018.10.14-18.00.51:145][502]LogSlate: Window 'CollectiblesPool' being destroyed
[2018.10.14-18.00.51:147][502]LogSlate: Window 'CollectiblesPool' being destroyed
[2018.10.14-18.00.51:148][502]LogActorComponent: UnregisterComponent: (/Engine/Transient.EditorFloorComp) Not registered. Aborting.
[2018.10.14-18.00.51:211][502]LogActorComponent: UnregisterComponent: (/Engine/Transient.EditorFloorComp) Not registered. Aborting.
[2018.10.14-18.00.51:268][502]LogActorComponent: UnregisterComponent: (/Engine/Transient.EditorFloorComp) Not registered. Aborting.
[2018.10.14-18.00.52:736][668]LogSlate: FSceneViewport::OnFocusLost() reason 0
[2018.10.14-18.00.57:069][174]LogTexture: Display: Building textures: Intro_Screen (BGRA8, 1603X768)
[2018.10.14-18.00.57:069][174]LogAIModule: Creating AISystem for world Intro_Level
[2018.10.14-18.00.57:079][174]LogAssetEditorManager: Opening Asset editor for World /Game/Levels/Intro_Level.Intro_Level
[2018.10.14-18.00.57:126][174]Cmd: MAP LOAD FILE="../../../../../../Users/Jusu/Documents/pelihomma/MyProject/Content/Levels/Intro_Level.umap" TEMPLATE=0 SHOWPROGRESS=1 FEATURELEVEL=3
[2018.10.14-18.00.57:126][174]LightingResults: New page: Lighting Build
[2018.10.14-18.00.57:126][174]LoadErrors: New page: Loading map: Intro_Level.umap
[2018.10.14-18.00.57:126][174]MapCheck: New page: Map Check
[2018.10.14-18.00.57:127][174]LightingResults: New page: Lighting Build
[2018.10.14-18.00.57:156][174]LogEditorServer: Finished looking for orphan Actors (0.000 secs)
[2018.10.14-18.00.57:205][174]Cmd: MAP CHECKDEP NOCLEARLOG
[2018.10.14-18.00.57:284][174]MapCheck: Map check complete: 0 Error(s), 0 Warning(s), took 78,82ms to complete.
[2018.10.14-18.00.57:285][174]LogFileHelpers: Loading map 'Intro_Level' took 0.160
[2018.10.14-18.00.58:152][271]LogTemp: Repeating last play command: Selected Viewport
[2018.10.14-18.00.58:172][271]LogBlueprintUserMessages: Early PlayInEditor Detection: Level '/Game/Levels/Intro_Level.Intro_Level:PersistentLevel' has LevelScriptBlueprint '/Game/Levels/Intro_Level.Intro_Level:PersistentLevel.Intro_Level' with GeneratedClass '/Game/Levels/Intro_Level.Intro_Level_C' with ClassGeneratedBy '/Game/Levels/Intro_Level.Intro_Level:PersistentLevel.Intro_Level'
[2018.10.14-18.00.58:172][271]LogPlayLevel: PlayLevel: No blueprints needed recompiling
[2018.10.14-18.00.58:185][271]PIE: New page: PIE session: Intro_Level (15.10.2018 0.00.58)
[2018.10.14-18.00.58:185][271]LogPlayLevel: Creating play world package: /Game/Levels/UEDPIE_0_Intro_Level
[2018.10.14-18.00.58:186][271]LogPlayLevel: PIE: StaticDuplicateObject took: (0.001147s)
[2018.10.14-18.00.58:187][271]LogAIModule: Creating AISystem for world Intro_Level
[2018.10.14-18.00.58:187][271]LogPlayLevel: PIE: World Init took: (0.000570s)
[2018.10.14-18.00.58:187][271]LogPlayLevel: PIE: Created PIE world by copying editor world from /Game/Levels/Intro_Level.Intro_Level to /Game/Levels/UEDPIE_0_Intro_Level.Intro_Level (0.001827s)
[2018.10.14-18.00.58:238][271]LogInit: XAudio2 using 'Kuulokkeet (2–High Definition Audio -laite)' : 2 channels at 48 kHz using 16 bits per sample (channel mask 0x3)
[2018.10.14-18.00.58:248][271]LogInit: FAudioDevice initialized.
[2018.10.14-18.00.58:291][271]LogLoad: Game class is 'GameModeBase'
[2018.10.14-18.00.58:292][271]LogWorld: Bringing World /Game/Levels/UEDPIE_0_Intro_Level.Intro_Level up for play (max tick rate 0) at 2018.10.14-21.00.58
[2018.10.14-18.00.58:292][271]LogWorld: Bringing up level for play took: 0.000430
[2018.10.14-18.00.58:309][271]LogContentBrowser: Native class hierarchy updated for 'MovieSceneCapture' in 0.0003 seconds. Added 10 classes and 0 folders.
[2018.10.14-18.00.58:311][271]PIE: Play in editor start time for /Game/Levels/UEDPIE_0_Intro_Level −0,82
[2018.10.14-18.00.58:311][271]LogBlueprintUserMessages: Late PlayInEditor Detection: Level '/Game/Levels/Intro_Level.Intro_Level:PersistentLevel' has LevelScriptBlueprint '/Game/Levels/Intro_Level.Intro_Level:PersistentLevel.Intro_Level' with GeneratedClass '/Game/Levels/Intro_Level.Intro_Level_C' with ClassGeneratedBy '/Game/Levels/Intro_Level.Intro_Level:PersistentLevel.Intro_Level'
[2018.10.14-18.01.01:155][608]LogNet: Browse: /Game/Levels/MainMenu_Level
[2018.10.14-18.01.01:156][608]LogLoad: LoadMap: /Game/Levels/MainMenu_Level
[2018.10.14-18.01.01:596][608]LogAIModule: Creating AISystem for world MainMenu_Level
[2018.10.14-18.01.01:597][608]LogLoad: Game class is 'GameModeBase'
[2018.10.14-18.01.01:598][608]LogWorld: Bringing World /Game/Levels/UEDPIE_0_MainMenu_Level.MainMenu_Level up for play (max tick rate 0) at 2018.10.14-21.01.01
[2018.10.14-18.01.01:598][608]LogWorld: Bringing up level for play took: 0.000841
[2018.10.14-18.01.01:598][608]LogGameMode: FindPlayerStart: PATHS NOT DEFINED or NO PLAYERSTART with positive rating
[2018.10.14-18.01.01:601][608]LogLoad: Took 0.444921 seconds to LoadMap(/Game/Levels/MainMenu_Level)
[2018.10.14-18.01.04:306][932]LogNet: Browse: /Game/Levels/Game_Level
[2018.10.14-18.01.04:306][932]LogLoad: LoadMap: /Game/Levels/Game_Level
[2018.10.14-18.01.04:439][932]LogClass: Warning: Type mismatch in FinalScore of GameLevel_GUI_C - Previous (TextProperty) Current(ObjectProperty) for package:  FObjectReader
[2018.10.14-18.01.04:509][932]LogAIModule: Creating AISystem for world Game_Level
[2018.10.14-18.01.04:509][932]LogLoad: Game class is 'Game_mode_C'
[2018.10.14-18.01.04:510][932]LogWorld: Bringing World /Game/Levels/UEDPIE_0_Game_Level.Game_Level up for play (max tick rate 0) at 2018.10.14-21.01.04
[2018.10.14-18.01.04:511][932]LogWorld: Bringing up level for play took: 0.000886
[2018.10.14-18.01.38:923][932]LogScript: Warning: Runaway loop detected (over 1 000 000 iterations) - see log for stack trace
	Game_Level_C /Game/Levels/UEDPIE_0_Game_Level.Game_Level:PersistentLevel.Game_Level_C_1
	Function /Game/Levels/UEDPIE_0_Game_Level.Game_Level_C:ExecuteUbergraph_Game_Level:0077
[2018.10.14-18.01.38:923][932]PIE: Error: Infinite loop detected. Blueprint:  Game_Level Function:  Branch Call Stack:  Show
[2018.10.14-18.01.38:946][932]LogLoad: Took 34.639948 seconds to LoadMap(/Game/Levels/Game_Level)
[2018.10.14-18.01.39:268][932]LogBlueprintUserMessages: Early EndPlayMap Detection: Level '/Game/Levels/Intro_Level.Intro_Level:PersistentLevel' has LevelScriptBlueprint '/Game/Levels/Intro_Level.Intro_Level:PersistentLevel.Intro_Level' with GeneratedClass '/Game/Levels/Intro_Level.Intro_Level_C' with ClassGeneratedBy '/Game/Levels/Intro_Level.Intro_Level:PersistentLevel.Intro_Level'
[2018.10.14-18.01.39:269][932]LogSlate: Updating window title bar state: overlay mode, drag disabled, window buttons hidden, title bar hidden
