Log file open, 10/17/18 13:36:39
LogWindows: Failed to load 'aqProf.dll' (GetLastError=126)
LogWindows: File 'aqProf.dll' does not exist
LogWindows: Failed to load 'VSPerf140.dll' (GetLastError=126)
LogWindows: File 'VSPerf140.dll' does not exist
LogWindows: Failed to load 'VtuneApi.dll' (GetLastError=126)
LogWindows: File 'VtuneApi.dll' does not exist
LogWindows: Failed to load 'VtuneApi32e.dll' (GetLastError=126)
LogWindows: File 'VtuneApi32e.dll' does not exist
LogInit: Display: Running engine for game: MyProject
LogPlatformFile: Not using cached read wrapper
LogTaskGraph: Started task graph with 5 named threads and 14 total threads with 3 sets of task threads.
LogStats: Stats thread started at 0.206832
LogD3D11RHI: Loaded GFSDK_Aftermath_Lib.x64.dll
LogICUInternationalization: Display: ICU TimeZone Detection - Raw Offset: +2:00, Platform Override: ''
LogPluginManager: Mounting plugin Paper2D
LogPluginManager: Mounting plugin AISupport
LogPluginManager: Mounting plugin LightPropagationVolume
LogPluginManager: Mounting plugin CLionSourceCodeAccess
LogPluginManager: Mounting plugin CodeLiteSourceCodeAccess
LogPluginManager: Mounting plugin GitSourceControl
LogPluginManager: Mounting plugin KDevelopSourceCodeAccess
LogPluginManager: Mounting plugin NullSourceCodeAccess
LogPluginManager: Mounting plugin PerforceSourceControl
LogPluginManager: Mounting plugin SubversionSourceControl
LogPluginManager: Mounting plugin UObjectPlugin
LogPluginManager: Mounting plugin VisualStudioCodeSourceCodeAccess
LogPluginManager: Mounting plugin VisualStudioSourceCodeAccess
LogPluginManager: Mounting plugin XCodeSourceCodeAccess
LogPluginManager: Mounting plugin AssetManagerEditor
LogPluginManager: Mounting plugin CryptoKeys
LogPluginManager: Mounting plugin DataValidation
LogPluginManager: Mounting plugin FacialAnimation
LogPluginManager: Mounting plugin GameplayTagsEditor
LogPluginManager: Mounting plugin MacGraphicsSwitching
LogPluginManager: Mounting plugin MeshEditor
LogPluginManager: Mounting plugin MobileLauncherProfileWizard
LogPluginManager: Mounting plugin PluginBrowser
LogPluginManager: Mounting plugin SpeedTreeImporter
LogPluginManager: Mounting plugin DatasmithContent
LogPluginManager: Mounting plugin AlembicImporter
LogPluginManager: Mounting plugin AppleImageUtils
LogPluginManager: Mounting plugin AppleVision
LogPluginManager: Mounting plugin BackChannel
LogPluginManager: Mounting plugin CharacterAI
LogPluginManager: Mounting plugin GeometryCache
LogPluginManager: Mounting plugin HTML5Networking
LogPluginManager: Mounting plugin ProxyLODPlugin
LogPluginManager: Mounting plugin MagicLeap
LogPluginManager: Mounting plugin MagicLeapEmulator
LogPluginManager: Mounting plugin MagicLeapMedia
LogPluginManager: Mounting plugin AndroidMedia
LogPluginManager: Mounting plugin AvfMedia
LogPluginManager: Mounting plugin ImgMedia
LogPluginManager: Mounting plugin LinearTimecode
LogPluginManager: Mounting plugin MediaCompositing
LogPluginManager: Mounting plugin MediaPlayerEditor
LogPluginManager: Mounting plugin WmfMedia
LogPluginManager: Mounting plugin TcpMessaging
LogPluginManager: Mounting plugin UdpMessaging
LogPluginManager: Mounting plugin ActorSequence
LogPluginManager: Mounting plugin LevelSequenceEditor
LogPluginManager: Mounting plugin MatineeToLevelSequence
LogPluginManager: Mounting plugin NetcodeUnitTest
LogPluginManager: Mounting plugin NUTUnrealEngine4
LogPluginManager: Mounting plugin OnlineSubsystemGooglePlay
LogPluginManager: Mounting plugin OnlineSubsystemIOS
LogPluginManager: Mounting plugin OnlineSubsystem
LogPluginManager: Mounting plugin OnlineSubsystemNull
LogPluginManager: Mounting plugin OnlineSubsystemUtils
LogPluginManager: Mounting plugin LauncherChunkInstaller
LogPluginManager: Mounting plugin AndroidDeviceProfileSelector
LogPluginManager: Mounting plugin AndroidMoviePlayer
LogPluginManager: Mounting plugin AndroidPermission
LogPluginManager: Mounting plugin AppleMoviePlayer
LogPluginManager: Mounting plugin ArchVisCharacter
LogPluginManager: Mounting plugin AudioCapture
LogPluginManager: Mounting plugin CableComponent
LogPluginManager: Mounting plugin CustomMeshComponent
LogPluginManager: Mounting plugin EditableMesh
LogPluginManager: Mounting plugin ExampleDeviceProfileSelector
LogPluginManager: Mounting plugin GoogleCloudMessaging
LogPluginManager: Mounting plugin ImmediatePhysics
LogPluginManager: Mounting plugin IOSDeviceProfileSelector
LogPluginManager: Mounting plugin LinuxDeviceProfileSelector
LogPluginManager: Mounting plugin LocationServicesBPLibrary
LogPluginManager: Mounting plugin MobilePatchingUtils
LogPluginManager: Mounting plugin OculusVR
LogPluginManager: Plugin shader directory ../../../Engine/Plugins/Runtime/Oculus/OculusVR/Shaders found
LogPluginManager: Mapping shader source directory ../../../Engine/Plugins/Runtime/Oculus/OculusVR/Shaders to virtual directory /Plugin/OculusVR
LogPluginManager: Mounting plugin PhysXVehicles
LogPluginManager: Mounting plugin ProceduralMeshComponent
LogPluginManager: Mounting plugin RuntimePhysXCooking
LogPluginManager: Mounting plugin SteamVR
LogPluginManager: Mounting plugin WindowsMoviePlayer
LogStreaming: Display: Took  0.124s to configure plugins.
LogInit: Using libcurl 7.55.1-DEV
LogInit:  - built for x86_64-pc-win32
LogInit:  - supports SSL with OpenSSL/1.0.2h
LogInit:  - supports HTTP deflate (compression) using libz 1.2.8
LogInit:  - other features:
LogInit:      CURL_VERSION_SSL
LogInit:      CURL_VERSION_LIBZ
LogInit:      CURL_VERSION_IPV6
LogInit:      CURL_VERSION_ASYNCHDNS
LogInit:      CURL_VERSION_LARGEFILE
LogInit:      CURL_VERSION_IDN
LogInit:  CurlRequestOptions (configurable via config and command line):
LogInit:  - bVerifyPeer = false  - Libcurl will NOT verify peer certificate
LogInit:  - bUseHttpProxy = false  - Libcurl will NOT use HTTP proxy
LogInit:  - bDontReuseConnections = false  - Libcurl will reuse connections
LogInit:  - CertBundlePath = nullptr  - Libcurl will use whatever was configured at build time.
LogInit:  - MaxHostConnections = 16  - Libcurl will limit the number of connections to a host
LogInit:  - LocalHostAddr = Default
LogInit:  - BufferSize = 65536
LogInit: WinSock: version 1.1 (2.2), MaxSocks=32767, MaxUdp=65467
LogInit: Build: ++UE4+Release-4.20-CL-4369336
LogInit: Engine Version: 4.20.3-4369336+++UE4+Release-4.20
LogInit: Compatible Engine Version: 4.20.0-4212847+++UE4+Release-4.20
LogInit: Net CL: 4212847
LogInit: OS: Windows 10 (), CPU: Intel(R) Core(TM) i5-6600K CPU @ 3.50GHz, GPU: NVIDIA GeForce GTX 1070
LogInit: Compiled (64-bit): Sep 17 2018 12:26:19
LogInit: Compiled with Visual C++: 19.13.26129.00
LogInit: Build Configuration: Development
LogInit: Branch Name: ++UE4+Release-4.20
LogInit: Command Line: -EpicPortal  -epicusername="Jurskele" -epicuserid=0fb8bae7c3cb49c1a8654824b4455cfd -epiclocale=en
LogInit: Base Directory: C:/Program Files/Epic Games/UE_4.20/Engine/Binaries/Win64/
LogInit: Installed Engine Build: 1
LogDevObjectVersion: Number of dev versions registered: 20
LogDevObjectVersion:   Dev-Blueprints (B0D832E4-1F89-4F0D-ACCF-7EB736FD4AA2): 10
LogDevObjectVersion:   Dev-Build (E1C64328-A22C-4D53-A36C-8E866417BD8C): 0
LogDevObjectVersion:   Dev-Core (375EC13C-06E4-48FB-B500-84F0262A717E): 2
LogDevObjectVersion:   Dev-Editor (E4B068ED-F494-42E9-A231-DA0B2E46BB41): 24
LogDevObjectVersion:   Dev-Framework (CFFC743F-43B0-4480-9391-14DF171D2073): 34
LogDevObjectVersion:   Dev-Mobile (B02B49B5-BB20-44E9-A304-32B752E40360): 2
LogDevObjectVersion:   Dev-Networking (A4E4105C-59A1-49B5-A7C5-40C4547EDFEE): 0
LogDevObjectVersion:   Dev-Online (39C831C9-5AE6-47DC-9A44-9C173E1C8E7C): 0
LogDevObjectVersion:   Dev-Physics (78F01B33-EBEA-4F98-B9B4-84EACCB95AA2): 0
LogDevObjectVersion:   Dev-Platform (6631380F-2D4D-43E0-8009-CF276956A95A): 0
LogDevObjectVersion:   Dev-Rendering (12F88B9F-8875-4AFC-A67C-D90C383ABD29): 26
LogDevObjectVersion:   Dev-Sequencer (7B5AE74C-D270-4C10-A958-57980B212A5A): 9
LogDevObjectVersion:   Dev-VR (D7296918-1DD6-4BDD-9DE2-64A83CC13884): 2
LogDevObjectVersion:   Dev-LoadTimes (C2A15278-BFE7-4AFE-6C17-90FF531DF755): 1
LogDevObjectVersion:   Private-Geometry (6EACA3D4-40EC-4CC1-B786-8BED09428FC5): 3
LogDevObjectVersion:   Dev-AnimPhys (29E575DD-E0A3-4627-9D10-D276232CDCEA): 17
LogDevObjectVersion:   Dev-ReflectionCapture (6B266CEC-1EC7-4B8F-A30B-E4D90942FC07): 1
LogDevObjectVersion:   Dev-Automation (0DF73D61-A23F-47EA-B727-89E90C41499A): 1
LogDevObjectVersion:   FortniteMain (601D1886-AC64-4F84-AA16-D3DE0DEAC7D6): 12
LogDevObjectVersion:   Dev-Enterprise (9DFFBCD6-494F-0158-E221-12823C92A888): 1
LogStreaming: Display: Took  0.002s to delete old logs.
LogInit: Presizing for max 8388607 objects, including 0 objects not considered by GC, pre-allocating 0 bytes for permanent pool.
LogInit: Object subsystem initialized
[2018.10.17-10.36.39:662][  0]LogInit: Selected Device Profile: [Windows]
[2018.10.17-10.36.39:662][  0]LogInit: Applying CVar settings loaded from the selected device profile: [Windows]
[2018.10.17-10.36.39:680][  0]LogHAL: Display: Platform has ~ 8 GB [8548642816 / 8589934592 / 8], which maps to Default [LargestMinGB=32, LargerMinGB=12, DefaultMinGB=8, SmallerMinGB=6, SmallestMinGB=0)
[2018.10.17-10.36.39:680][  0]LogInit: Setting Device Profile CVar: [[r.Vulkan.UseRealUBs:1]]
[2018.10.17-10.36.39:680][  0]LogInit: Going up to parent DeviceProfile []
[2018.10.17-10.36.39:680][  0]LogInit: Computer: DESKTOP-PUH8LJK
[2018.10.17-10.36.39:680][  0]LogInit: User: Jusu
[2018.10.17-10.36.39:680][  0]LogInit: CPU Page size=4096, Cores=4
[2018.10.17-10.36.39:680][  0]LogInit: High frequency timer resolution =3.421878 MHz
[2018.10.17-10.36.39:681][  0]LogMemory: Memory total: Physical=8.0GB (8GB approx)
[2018.10.17-10.36.39:681][  0]LogMemory: Platform Memory Stats for Windows
[2018.10.17-10.36.39:681][  0]LogMemory: Process Physical Memory: 99.36 MB used, 99.36 MB peak
[2018.10.17-10.36.39:681][  0]LogMemory: Process Virtual Memory: 94.70 MB used, 94.70 MB peak
[2018.10.17-10.36.39:681][  0]LogMemory: Physical Memory: 6450.89 MB used,  1701.73 MB free, 8152.62 MB total
[2018.10.17-10.36.39:681][  0]LogMemory: Virtual Memory: 4630.66 MB used,  1701.73 MB free, 134217728.00 MB total
[2018.10.17-10.36.39:699][  0]LogInit: Using OS detected language (fi-FI).
[2018.10.17-10.36.39:699][  0]LogInit: Using OS detected locale (fi-FI).
[2018.10.17-10.36.39:699][  0]LogTextLocalizationManager: No localization for 'fi-FI' exists, so 'en' will be used for the language.
[2018.10.17-10.36.40:109][  0]LogStreaming: Display: Took  0.411s to InitEngineTextLocalization.
[2018.10.17-10.36.40:109][  0]LogInit: Setting process to per monitor DPI aware
[2018.10.17-10.36.40:138][  0]LogSlate: New Slate User Created.  User Index 0, Is Virtual User: 0
[2018.10.17-10.36.40:138][  0]LogSlate: Slate User Registered.  User Index 0, Is Virtual User: 0
[2018.10.17-10.36.40:324][  0]LogHMD: Failed to initialize OpenVR with code 110
[2018.10.17-10.36.40:324][  0]LogD3D11RHI: D3D11 adapters:
[2018.10.17-10.36.40:389][  0]LogD3D11RHI:    0. 'NVIDIA GeForce GTX 1070' (Feature Level 11_0)
[2018.10.17-10.36.40:389][  0]LogD3D11RHI:       8088/0/4076 MB DedicatedVideo/DedicatedSystem/SharedSystem, Outputs:2, VendorId:0x10de
[2018.10.17-10.36.40:392][  0]LogD3D11RHI:    1. 'Microsoft Basic Render Driver' (Feature Level 11_0)
[2018.10.17-10.36.40:392][  0]LogD3D11RHI:       0/0/4076 MB DedicatedVideo/DedicatedSystem/SharedSystem, Outputs:0, VendorId:0x1414
[2018.10.17-10.36.40:392][  0]LogD3D11RHI: Chosen D3D11 Adapter: 0
[2018.10.17-10.36.40:400][  0]LogD3D11RHI: Creating new Direct3DDevice
[2018.10.17-10.36.40:400][  0]LogD3D11RHI:     GPU DeviceId: 0x1b81 (for the marketing name, search the web for "GPU Device Id")
[2018.10.17-10.36.40:400][  0]LogWindows: EnumDisplayDevices:
[2018.10.17-10.36.40:400][  0]LogWindows:    0. 'NVIDIA GeForce GTX 1070' (P:1 D:1)
[2018.10.17-10.36.40:401][  0]LogWindows:    1. 'NVIDIA GeForce GTX 1070' (P:0 D:1)
[2018.10.17-10.36.40:401][  0]LogWindows:    2. 'NVIDIA GeForce GTX 1070' (P:0 D:0)
[2018.10.17-10.36.40:401][  0]LogWindows:    3. 'NVIDIA GeForce GTX 1070' (P:0 D:0)
[2018.10.17-10.36.40:401][  0]LogWindows: DebugString: FoundDriverCount:4 
[2018.10.17-10.36.40:401][  0]LogD3D11RHI:     Adapter Name: NVIDIA GeForce GTX 1070
[2018.10.17-10.36.40:401][  0]LogD3D11RHI:   Driver Version: 416.34 (internal:25.21.14.1634, unified:416.34)
[2018.10.17-10.36.40:401][  0]LogD3D11RHI:      Driver Date: 10-10-2018
[2018.10.17-10.36.40:401][  0]LogRHI: Texture pool is 5661 MB (70% of 8088 MB)
[2018.10.17-10.36.40:446][  0]LogD3D11RHI: Async texture creation enabled
[2018.10.17-10.36.40:484][  0]LogD3D11RHI: GPU Timing Frequency: 1000.000000 (Debug: 2 2)
[2018.10.17-10.36.40:527][  0]LogShaderCompilers: Guid format shader working directory is -13 characters bigger than the processId version (../../../../../../Users/Jusu/Documents/pelihomma/MyProject/Intermediate/Shaders/WorkingDirectory/5652/).
[2018.10.17-10.36.40:527][  0]LogShaderCompilers: Cleaned the shader compiler working directory 'C:/Users/Jusu/AppData/Local/Temp/UnrealShaderWorkingDir/FB39841F4580CF9915991D81AB09DA3F/'.
[2018.10.17-10.36.40:788][  0]LogTemp: Display: Loaded TP AllDesktopTargetPlatform
[2018.10.17-10.36.40:801][  0]LogTemp: Display: Loaded TP MacClientTargetPlatform
[2018.10.17-10.36.40:814][  0]LogTemp: Display: Loaded TP MacNoEditorTargetPlatform
[2018.10.17-10.36.40:828][  0]LogTemp: Display: Loaded TP MacServerTargetPlatform
[2018.10.17-10.36.40:843][  0]LogTemp: Display: Loaded TP MacTargetPlatform
[2018.10.17-10.36.40:856][  0]LogTemp: Display: Loaded TP WindowsClientTargetPlatform
[2018.10.17-10.36.40:869][  0]LogTemp: Display: Loaded TP WindowsNoEditorTargetPlatform
[2018.10.17-10.36.40:883][  0]LogTemp: Display: Loaded TP WindowsServerTargetPlatform
[2018.10.17-10.36.40:890][  0]LogTemp: Display: Loaded TP WindowsTargetPlatform
[2018.10.17-10.36.40:975][  0]LogTemp: Display: Loaded TP AndroidTargetPlatform
[2018.10.17-10.36.40:976][  0]LogTemp: Display: Loaded TP AndroidTargetPlatform
[2018.10.17-10.36.40:976][  0]LogTemp: Display: Loaded TP AndroidTargetPlatform
[2018.10.17-10.36.40:976][  0]LogTemp: Display: Loaded TP AndroidTargetPlatform
[2018.10.17-10.36.40:976][  0]LogTemp: Display: Loaded TP AndroidTargetPlatform
[2018.10.17-10.36.40:976][  0]LogTemp: Display: Loaded TP AndroidTargetPlatform
[2018.10.17-10.36.40:976][  0]LogTemp: Display: Loaded TP AndroidTargetPlatform
[2018.10.17-10.36.40:976][  0]LogTemp: Display: Loaded TP AndroidTargetPlatform
[2018.10.17-10.36.40:976][  0]LogTemp: Display: Loaded TP AndroidTargetPlatform
[2018.10.17-10.36.40:976][  0]LogTemp: Display: Loaded TP AndroidTargetPlatform
[2018.10.17-10.36.40:976][  0]LogTemp: Display: Loaded TP AndroidTargetPlatform
[2018.10.17-10.36.40:976][  0]LogTemp: Display: Loaded TP AndroidTargetPlatform
[2018.10.17-10.36.40:976][  0]LogTemp: Display: Loaded TP AndroidTargetPlatform
[2018.10.17-10.36.40:976][  0]LogTemp: Display: Loaded TP AndroidTargetPlatform
[2018.10.17-10.36.40:976][  0]LogTemp: Display: Loaded TP AndroidTargetPlatform
[2018.10.17-10.36.40:976][  0]LogTemp: Display: Loaded TP AndroidTargetPlatform
[2018.10.17-10.36.40:976][  0]LogTemp: Display: Loaded TP AndroidTargetPlatform
[2018.10.17-10.36.40:976][  0]LogTemp: Display: Loaded TP AndroidTargetPlatform
[2018.10.17-10.36.40:977][  0]LogTemp: Display: Loaded TP HTML5TargetPlatform
[2018.10.17-10.36.41:038][  0]LogTemp: Display: Loaded TP IOSTargetPlatform
[2018.10.17-10.36.41:038][  0]LogTemp: Display: Loaded TP IOSTargetPlatform
[2018.10.17-10.36.41:061][  0]LogTemp: Display: Loaded TP TVOSTargetPlatform
[2018.10.17-10.36.41:061][  0]LogTemp: Display: Loaded TP TVOSTargetPlatform
[2018.10.17-10.36.41:073][  0]LogTemp: Display: Loaded TP LinuxClientTargetPlatform
[2018.10.17-10.36.41:089][  0]LogTemp: Display: Loaded TP LinuxNoEditorTargetPlatform
[2018.10.17-10.36.41:104][  0]LogTemp: Display: Loaded TP LinuxServerTargetPlatform
[2018.10.17-10.36.41:118][  0]LogTemp: Display: Loaded TP LinuxTargetPlatform
[2018.10.17-10.36.41:127][  0]LogTemp: Display: Loaded TP LuminTargetPlatform
[2018.10.17-10.36.41:128][  0]LogTargetPlatformManager: Display: Building Assets For Windows
[2018.10.17-10.36.41:186][  0]LogXGEController: Cannot use XGE Controller as Incredibuild is not installed on this machine.
[2018.10.17-10.36.41:187][  0]LogShaderCompilers: Cannot use XGE Shader Compiler as Incredibuild is not installed on this machine.
[2018.10.17-10.36.41:187][  0]LogShaderCompilers: Display: Using Local Shader Compiler.
[2018.10.17-10.36.41:985][  0]LogDerivedDataCache: Display: Max Cache Size: 512 MB
[2018.10.17-10.36.42:060][  0]LogDerivedDataCache: Loaded boot cache 0.08s 71MB C:/Users/Jusu/AppData/Local/UnrealEngine/4.20/DerivedDataCache/Boot.ddc.
[2018.10.17-10.36.42:061][  0]LogDerivedDataCache: Display: Loaded Boot cache: C:/Users/Jusu/AppData/Local/UnrealEngine/4.20/DerivedDataCache/Boot.ddc
[2018.10.17-10.36.42:061][  0]LogDerivedDataCache: FDerivedDataBackendGraph:  Pak pak cache file ../../../../../../Users/Jusu/Documents/pelihomma/MyProject/DerivedDataCache/DDC.ddp not found, will not use a pak cache.
[2018.10.17-10.36.42:061][  0]LogDerivedDataCache: Unable to find inner node Pak for hierarchical cache Hierarchy.
[2018.10.17-10.36.42:061][  0]LogDerivedDataCache: FDerivedDataBackendGraph:  CompressedPak pak cache file ../../../../../../Users/Jusu/Documents/pelihomma/MyProject/DerivedDataCache/Compressed.ddp not found, will not use a pak cache.
[2018.10.17-10.36.42:061][  0]LogDerivedDataCache: Unable to find inner node CompressedPak for hierarchical cache Hierarchy.
[2018.10.17-10.36.42:075][  0]LogDerivedDataCache: Display: Pak cache opened for reading ../../../Engine/DerivedDataCache/Compressed.ddp.
[2018.10.17-10.36.42:087][  0]LogDerivedDataCache: Using Local data cache path C:/Users/Jusu/AppData/Local/UnrealEngine/Common/DerivedDataCache: Writable
[2018.10.17-10.36.42:087][  0]LogDerivedDataCache: Shared data cache path not found in *engine.ini, will not use an Shared cache.
[2018.10.17-10.36.42:087][  0]LogDerivedDataCache: Unable to find inner node Shared for hierarchical cache Hierarchy.
[2018.10.17-10.36.42:107][  0]LogMaterial: Verifying Global Shaders for PCD3D_SM5
[2018.10.17-10.36.42:109][  0]LogSlate: Using FreeType 2.6.0
[2018.10.17-10.36.42:109][  0]LogSlate: SlateFontServices - WITH_FREETYPE: 1, WITH_HARFBUZZ: 1
[2018.10.17-10.36.42:184][  0]LogAssetRegistry: FAssetRegistry took 0.0261 seconds to start up
[2018.10.17-10.36.42:551][  0]LogInit: Selected Device Profile: [Windows]
[2018.10.17-10.36.42:687][  0]LogSimplygon: Simplygon DLL not present - disabling.
[2018.10.17-10.36.42:690][  0]LogMeshReduction: Using SimplygonSwarm for distributed automatic mesh merging
[2018.10.17-10.36.42:690][  0]LogMeshReduction: Using ProxyLODMeshReduction for automatic mesh merging
[2018.10.17-10.36.42:690][  0]LogMeshReduction: Using QuadricMeshReduction for automatic static mesh reduction
[2018.10.17-10.36.42:690][  0]LogMeshReduction: No automatic skeletal mesh reduction module available
[2018.10.17-10.36.42:714][  0]LogNetVersion: MyProject 1.0.0, NetCL: 4212847, EngineNetVer: 5, GameNetVer: 0 (Checksum: 1110078900)
[2018.10.17-10.36.43:401][  0]LogPackageLocalizationCache: Processed 11 localized package path(s) for 1 prioritized culture(s) in 0.088603 seconds
[2018.10.17-10.36.43:409][  0]LogUObjectArray: 38425 objects as part of root set at end of initial load.
[2018.10.17-10.36.43:409][  0]LogUObjectAllocator: 6690872 out of 0 bytes used by permanent object pool.
[2018.10.17-10.36.43:409][  0]LogUObjectArray: CloseDisregardForGC: 0/0 objects in disregard for GC pool
[2018.10.17-10.36.44:425][  0]LogTcpMessaging: Initializing TcpMessaging bridge
[2018.10.17-10.36.44:439][  0]LogUdpMessaging: Initializing bridge on interface 0.0.0.0:0 to multicast group 230.0.0.1:6666.
[2018.10.17-10.36.44:600][  0]SourceControl: Source control is disabled
[2018.10.17-10.36.44:601][  0]LogWindows: Warning: CreateProc failed: Määritettyä tiedostoa ei löydy. (0x00000002)
[2018.10.17-10.36.44:601][  0]LogWindows: Warning: URL: C:/Program Files/Git/bin/git.exe version
[2018.10.17-10.36.44:601][  0]LogWindows: Warning: CreateProc failed: Määritettyä tiedostoa ei löydy. (0x00000002)
[2018.10.17-10.36.44:601][  0]LogWindows: Warning: URL: C:/Program Files (x86)/Git/bin/git.exe version
[2018.10.17-10.36.44:601][  0]LogWindows: Warning: CreateProc failed: Määritettyä tiedostoa ei löydy. (0x00000002)
[2018.10.17-10.36.44:601][  0]LogWindows: Warning: URL: C:\Users\Jusu\AppData\Local/Programs/Git/cmd/git.exe version
[2018.10.17-10.36.44:602][  0]LogWindows: Warning: CreateProc failed: Määritettyä tiedostoa ei löydy. (0x00000002)
[2018.10.17-10.36.44:602][  0]LogWindows: Warning: URL: C:/Program Files (x86)/SmartGit/git/bin/git.exe version
[2018.10.17-10.36.44:602][  0]LogWindows: Warning: CreateProc failed: Määritettyä tiedostoa ei löydy. (0x00000002)
[2018.10.17-10.36.44:602][  0]LogWindows: Warning: URL: C:/Program Files (x86)/SmartGit/bin/git.exe version
[2018.10.17-10.36.45:932][  0]LogAndroidPermission: UAndroidPermissionCallbackProxy::GetInstance
[2018.10.17-10.36.46:048][  0]LogOcInput: OculusInput pre-init called
[2018.10.17-10.36.46:108][  0]LogEngine: Initializing Engine...
[2018.10.17-10.36.46:108][  0]LogHMD: Failed to initialize OpenVR with code 110
[2018.10.17-10.36.46:110][  0]LogStats: UGameplayTagsManager::ConstructGameplayTagTree: ImportINI prefixes -  0.000 s
[2018.10.17-10.36.46:110][  0]LogStats: UGameplayTagsManager::ConstructGameplayTagTree: Construct from data asset -  0.000 s
[2018.10.17-10.36.46:110][  0]LogStats: UGameplayTagsManager::ConstructGameplayTagTree: ImportINI -  0.000 s
[2018.10.17-10.36.46:110][  0]LogStats: UGameplayTagsManager::ConstructGameplayTagTree: GameplayTagTreeChangedEvent.Broadcast -  0.000 s
[2018.10.17-10.36.46:343][  0]LogInit: Initializing FReadOnlyCVARCache
[2018.10.17-10.36.46:359][  0]LogAIModule: Creating AISystem for world Untitled
[2018.10.17-10.36.46:458][  0]LogInit: XAudio2 using 'Kuulokkeet (2–High Definition Audio -laite)' : 2 channels at 48 kHz using 16 bits per sample (channel mask 0x3)
[2018.10.17-10.36.46:475][  0]LogInit: FAudioDevice initialized.
[2018.10.17-10.36.46:475][  0]LogNetVersion: Set ProjectVersion to 1.0.0.0. Version Checksum will be recalculated on next use.
[2018.10.17-10.36.46:555][  0]LogDerivedDataCache: Saved boot cache 0.08s 71MB C:/Users/Jusu/AppData/Local/UnrealEngine/4.20/DerivedDataCache/Boot.ddc.
[2018.10.17-10.36.46:567][  0]LogInit: Texture streaming: Enabled
[2018.10.17-10.36.46:587][  0]LogEngineSessionManager: EngineSessionManager initialized
[2018.10.17-10.36.46:603][  0]LogInit: Transaction tracking system initialized
[2018.10.17-10.36.46:626][  0]BlueprintLog: New page: Editor Load
[2018.10.17-10.36.46:708][  0]LocalizationService: Localization service is disabled
[2018.10.17-10.36.47:031][  0]LogFileCache: Scanning file cache for directory 'C:/Users/Jusu/Documents/pelihomma/MyProject/Content/' took 0.02s
[2018.10.17-10.36.47:031][  0]LogCook: Display: Max memory allowance for cook 16384mb min free memory 0mb
[2018.10.17-10.36.47:031][  0]LogCook: Display: Mobile HDR setting 1
[2018.10.17-10.36.47:044][  0]LogGameplayTags: Display: UGameplayTagsManager::DoneAddingNativeTags. DelegateIsBound: 0
[2018.10.17-10.36.47:044][  0]LogStats: UGameplayTagsManager::ConstructGameplayTagTree: ImportINI prefixes -  0.000 s
[2018.10.17-10.36.47:044][  0]LogStats: UGameplayTagsManager::ConstructGameplayTagTree: Construct from data asset -  0.000 s
[2018.10.17-10.36.47:044][  0]LogStats: UGameplayTagsManager::ConstructGameplayTagTree: ImportINI -  0.000 s
[2018.10.17-10.36.47:044][  0]LogStats: UGameplayTagsManager::ConstructGameplayTagTree: GameplayTagTreeChangedEvent.Broadcast -  0.000 s
[2018.10.17-10.36.47:174][  0]Cmd: MAP LOAD FILE="../../../Engine/Content/Maps/Templates/Template_Default.umap" TEMPLATE=1 SHOWPROGRESS=1 FEATURELEVEL=3
[2018.10.17-10.36.47:175][  0]LightingResults: New page: Lighting Build
[2018.10.17-10.36.47:177][  0]MapCheck: New page: Map Check
[2018.10.17-10.36.47:177][  0]LightingResults: New page: Lighting Build
[2018.10.17-10.36.47:384][  0]LogAIModule: Creating AISystem for world Untitled_1
[2018.10.17-10.36.47:390][  0]LogEditorServer: Finished looking for orphan Actors (0.000 secs)
[2018.10.17-10.36.47:413][  0]Cmd: MAP CHECKDEP NOCLEARLOG
[2018.10.17-10.36.47:479][  0]MapCheck: Map check complete: 0 Error(s), 0 Warning(s), took 65,626ms to complete.
[2018.10.17-10.36.47:479][  0]LogFileHelpers: Loading map 'Template_Default' took 0.304
[2018.10.17-10.36.47:646][  0]LogSlate: Updating window title bar state: overlay mode, drag disabled, window buttons hidden, title bar hidden
[2018.10.17-10.36.47:658][  0]LogSlate: Updating window title bar state: overlay mode, drag disabled, window buttons hidden, title bar hidden
[2018.10.17-10.36.47:668][  0]LogSlate: Updating window title bar state: overlay mode, drag disabled, window buttons hidden, title bar hidden
[2018.10.17-10.36.47:678][  0]LogSlate: Updating window title bar state: overlay mode, drag disabled, window buttons hidden, title bar hidden
[2018.10.17-10.36.47:697][  0]LogCollectionManager: Loaded 0 collections in 0.001822 seconds
[2018.10.17-10.36.47:767][  0]LogFileCache: Scanning file cache for directory 'C:/Users/Jusu/Documents/pelihomma/MyProject/Saved/Collections/' took 0.01s
[2018.10.17-10.36.47:767][  0]LogFileCache: Scanning file cache for directory 'C:/Users/Jusu/Documents/pelihomma/MyProject/Content/Developers/Jusu/Collections/' took 0.01s
[2018.10.17-10.36.47:767][  0]LogFileCache: Scanning file cache for directory 'C:/Users/Jusu/Documents/pelihomma/MyProject/Content/Collections/' took 0.01s
[2018.10.17-10.36.47:767][  0]LogCollectionManager: Rebuilt the GUID cache for 0 collections in 0.000001 seconds
[2018.10.17-10.36.47:779][  0]LogContentBrowser: Native class hierarchy populated in 0.0115 seconds. Added 2572 classes and 603 folders.
[2018.10.17-10.36.47:797][  0]LogContentBrowser: Native class hierarchy updated for 'WidgetCarousel' in 0.0004 seconds. Added 0 classes and 0 folders.
[2018.10.17-10.36.48:266][  0]LogContentBrowser: Native class hierarchy updated for 'AddContentDialog' in 0.0003 seconds. Added 0 classes and 0 folders.
[2018.10.17-10.36.48:288][  0]LogContentBrowser: Native class hierarchy updated for 'SceneOutliner' in 0.0003 seconds. Added 1 classes and 2 folders.
[2018.10.17-10.36.48:367][  0]LogSlate: Took 0.000203 seconds to synchronously load lazily loaded font '../../../Engine/Content/Slate/Fonts/Roboto-Regular.ttf' (155K)
[2018.10.17-10.36.48:370][  0]LogSlate: Took 0.000219 seconds to synchronously load lazily loaded font '../../../Engine/Content/Slate/Fonts/Roboto-Bold.ttf' (160K)
[2018.10.17-10.36.48:383][  0]LogSlate: Took 0.005785 seconds to synchronously load lazily loaded font '../../../Engine/Content/Editor/Slate/Fonts/FontAwesome.ttf' (139K)
[2018.10.17-10.36.48:551][  0]LogRenderer: Reallocating scene render targets to support 1208x576 Format 10 NumSamples 1 (Frame:1).
[2018.10.17-10.36.48:798][  0]LogContentBrowser: Native class hierarchy updated for 'HierarchicalLODOutliner' in 0.0003 seconds. Added 0 classes and 0 folders.
[2018.10.17-10.36.48:798][  0]LogLoad: (Engine Initialization) Total time: 10.75 seconds
[2018.10.17-10.36.48:798][  0]LogLoad: (Engine Initialization) Total Blueprint compile time: 0.00 seconds
[2018.10.17-10.36.48:840][  0]LogContentStreaming: Texture pool size now 1000 MB
[2018.10.17-10.36.49:015][  2]LogAssetRegistry: Asset discovery search completed in 6.8522 seconds
[2018.10.17-10.36.49:018][  2]LogCollectionManager: Rebuilt the object cache for 0 collections in 0.000001 seconds (found 0 objects)
[2018.10.17-10.36.49:018][  2]LogCollectionManager: Fixed up redirectors for 0 collections in 0.000093 seconds (updated 0 objects)
[2018.10.17-10.36.53:030][ 14]LogSlate: Took 0.006515 seconds to synchronously load lazily loaded font '../../../Engine/Content/Slate/Fonts/Roboto-Light.ttf' (167K)
[2018.10.17-10.37.59:572][214]LogSlate: FSceneViewport::OnFocusLost() reason 0
[2018.10.17-13.12.09:087][253]LogSlate: Took 0.007702 seconds to synchronously load lazily loaded font '../../../Engine/Content/Slate/Fonts/Roboto-Light.ttf' (167K)
[2018.10.17-13.12.09:106][253]LogAssetEditorManager: Opening Asset editor for Blueprint /Game/Blueprints/Avoidables.Avoidables
[2018.10.17-13.12.09:863][253]LogContentBrowser: Native class hierarchy updated for 'BlueprintGraph' in 0.0024 seconds. Added 116 classes and 0 folders.
[2018.10.17-13.12.11:152][253]LogSlate: Took 0.007256 seconds to synchronously load lazily loaded font '../../../Engine/Content/Slate/Fonts/Roboto-BoldCondensed.ttf' (158K)
[2018.10.17-13.12.11:380][254]LogSlate: Took 0.004533 seconds to synchronously load lazily loaded font '../../../Engine/Content/Slate/Fonts/Roboto-Italic.ttf' (157K)
[2018.10.17-13.12.18:825][417]LogSlate: Window 'Avoidables' being destroyed
[2018.10.17-13.12.18:828][417]LogSlate: Window 'Avoidables' being destroyed
[2018.10.17-13.12.20:547][598]LogAssetEditorManager: Opening Asset editor for Blueprint /Game/Blueprints/AvoidablesPool.AvoidablesPool
[2018.10.17-13.12.40:537][140]Cmd: OBJ SAVEPACKAGE PACKAGE="/Game/Blueprints/AvoidablesPool" FILE="../../../../../../Users/Jusu/Documents/pelihomma/MyProject/Content/Blueprints/AvoidablesPool.uasset" SILENT=true
[2018.10.17-13.12.40:646][140]LogSavePackage: Moving '../../../../../../Users/Jusu/Documents/pelihomma/MyProject/Saved/AvoidablesPool4D598EE54B1E094E1B72A8BACD01FBFD.tmp' to '../../../../../../Users/Jusu/Documents/pelihomma/MyProject/Content/Blueprints/AvoidablesPool.uasset'
[2018.10.17-13.12.40:985][173]BlueprintLog: New page: Compile AvoidablesPool
[2018.10.17-13.12.54:560][588]LogAssetEditorManager: Opening Asset editor for Blueprint /Game/Blueprints/CollectiblesPool.CollectiblesPool
[2018.10.17-13.12.58:902][937]Cmd: OBJ SAVEPACKAGE PACKAGE="/Game/Blueprints/CollectiblesPool" FILE="../../../../../../Users/Jusu/Documents/pelihomma/MyProject/Content/Blueprints/CollectiblesPool.uasset" SILENT=true
[2018.10.17-13.12.58:974][937]LogSavePackage: Moving '../../../../../../Users/Jusu/Documents/pelihomma/MyProject/Saved/CollectiblesPoolD0D820C845F0B8636628C6A628196228.tmp' to '../../../../../../Users/Jusu/Documents/pelihomma/MyProject/Content/Blueprints/CollectiblesPool.uasset'
[2018.10.17-13.12.59:239][960]BlueprintLog: New page: Compile CollectiblesPool
[2018.10.17-13.13.02:800][326]LogAssetEditorManager: Opening Asset editor for Blueprint /Game/Blueprints/RewardsPool.RewardsPool
[2018.10.17-13.13.09:772][942]Cmd: OBJ SAVEPACKAGE PACKAGE="/Game/Blueprints/RewardsPool" FILE="../../../../../../Users/Jusu/Documents/pelihomma/MyProject/Content/Blueprints/RewardsPool.uasset" SILENT=true
[2018.10.17-13.13.09:846][942]LogSavePackage: Moving '../../../../../../Users/Jusu/Documents/pelihomma/MyProject/Saved/RewardsPoolF9AD048B45438F5C344E25A9161B80E8.tmp' to '../../../../../../Users/Jusu/Documents/pelihomma/MyProject/Content/Blueprints/RewardsPool.uasset'
[2018.10.17-13.13.10:101][964]BlueprintLog: New page: Compile RewardsPool
[2018.10.17-13.13.14:196][ 49]LogSlate: Window 'RewardsPool' being destroyed
[2018.10.17-13.13.14:201][ 49]LogSlate: Window 'RewardsPool' being destroyed
[2018.10.17-13.13.14:278][ 49]LogActorComponent: UnregisterComponent: (/Engine/Transient.EditorFloorComp) Not registered. Aborting.
[2018.10.17-13.13.14:344][ 49]LogActorComponent: UnregisterComponent: (/Engine/Transient.EditorFloorComp) Not registered. Aborting.
[2018.10.17-14.45.50:624][159]LogSlate: Window 'MyProject - Unreal Editor' being destroyed
[2018.10.17-14.45.50:916][160]Cmd: QUIT_EDITOR
[2018.10.17-14.45.50:993][160]LogWindowsTextInputMethodSystem: Display: IME system now deactivated.
[2018.10.17-14.45.51:022][160]LogExit: Preparing to exit.
[2018.10.17-14.45.52:198][160]LogExit: Editor shut down
[2018.10.17-14.45.52:199][160]LogExit: Transaction tracking system shut down
[2018.10.17-14.45.52:998][160]LogExit: Object subsystem successfully closed.
[2018.10.17-14.45.53:032][160]LogShaderCompilers: Display: Shaders left to compile 0
[2018.10.17-14.45.53:039][160]LogD3D11RHI: Shutdown
[2018.10.17-14.45.53:039][160]LogD3D11RHI: CleanupD3DDevice
[2018.10.17-14.45.53:047][160]LogD3D11RHI: ~FD3D11DynamicRHI
[2018.10.17-14.45.53:126][160]LogModuleManager: Shutting down and abandoning module BlueprintGraph (614)
[2018.10.17-14.45.53:126][160]LogModuleManager: Shutting down and abandoning module HierarchicalLODOutliner (612)
[2018.10.17-14.45.53:126][160]LogModuleManager: Shutting down and abandoning module SceneOutliner (610)
[2018.10.17-14.45.53:126][160]LogModuleManager: Shutting down and abandoning module AddContentDialog (608)
[2018.10.17-14.45.53:130][160]LogModuleManager: Shutting down and abandoning module WidgetCarousel (607)
[2018.10.17-14.45.53:130][160]LogModuleManager: Shutting down and abandoning module EditorWidgets (604)
[2018.10.17-14.45.53:130][160]LogModuleManager: Shutting down and abandoning module CollectionManager (602)
[2018.10.17-14.45.53:132][160]LogModuleManager: Shutting down and abandoning module HierarchicalLODUtilities (600)
[2018.10.17-14.45.53:132][160]LogModuleManager: Shutting down and abandoning module StatsViewer (598)
[2018.10.17-14.45.53:133][160]LogModuleManager: Shutting down and abandoning module FoliageEdit (596)
[2018.10.17-14.45.53:133][160]LogModuleManager: Shutting down and abandoning module LandscapeEditor (594)
[2018.10.17-14.45.53:137][160]LogModuleManager: Shutting down and abandoning module MeshPaintMode (592)
[2018.10.17-14.45.53:138][160]LogModuleManager: Shutting down and abandoning module SceneDepthPickerMode (590)
[2018.10.17-14.45.53:138][160]LogModuleManager: Shutting down and abandoning module ActorPickerMode (588)
[2018.10.17-14.45.53:138][160]LogModuleManager: Shutting down and abandoning module GeometryMode (586)
[2018.10.17-14.45.53:138][160]LogModuleManager: Shutting down and abandoning module TextureAlignMode (584)
[2018.10.17-14.45.53:138][160]LogModuleManager: Shutting down and abandoning module BspMode (582)
[2018.10.17-14.45.53:138][160]LogModuleManager: Shutting down and abandoning module PIEPreviewDeviceProfileSelector (580)
[2018.10.17-14.45.53:139][160]LogModuleManager: Shutting down and abandoning module SequenceRecorderSections (578)
[2018.10.17-14.45.53:139][160]LogModuleManager: Shutting down and abandoning module AutomationWorker (576)
[2018.10.17-14.45.53:140][160]LogModuleManager: Shutting down and abandoning module AudioCaptureEditor (574)
[2018.10.17-14.45.53:141][160]LogModuleManager: Shutting down and abandoning module SequenceRecorder (573)
[2018.10.17-14.45.53:142][160]LogModuleManager: Shutting down and abandoning module MatineeToLevelSequence (570)
[2018.10.17-14.45.53:143][160]LogModuleManager: Shutting down and abandoning module LevelSequenceEditor (568)
[2018.10.17-14.45.53:147][160]LogModuleManager: Shutting down and abandoning module PlacementMode (567)
[2018.10.17-14.45.53:147][160]LogModuleManager: Shutting down and abandoning module MaterialEditor (566)
[2018.10.17-14.45.53:149][160]LogModuleManager: Shutting down and abandoning module WmfMediaFactory (562)
[2018.10.17-14.45.53:149][160]LogModuleManager: Shutting down and abandoning module WmfMediaEditor (560)
[2018.10.17-14.45.53:149][160]LogModuleManager: Shutting down and abandoning module MediaPlayerEditor (558)
[2018.10.17-14.45.53:150][160]LogModuleManager: Shutting down and abandoning module OpenExrWrapper (556)
[2018.10.17-14.45.53:150][160]LogModuleManager: Shutting down and abandoning module ImgMediaFactory (554)
[2018.10.17-14.45.53:150][160]LogModuleManager: Shutting down and abandoning module ImgMediaEditor (552)
[2018.10.17-14.45.53:150][160]LogModuleManager: Shutting down and abandoning module AvfMediaFactory (550)
[2018.10.17-14.45.53:150][160]LogModuleManager: Shutting down and abandoning module AvfMediaEditor (548)
[2018.10.17-14.45.53:150][160]LogModuleManager: Shutting down and abandoning module AndroidMediaFactory (546)
[2018.10.17-14.45.53:150][160]LogModuleManager: Shutting down and abandoning module AndroidMediaEditor (544)
[2018.10.17-14.45.53:150][160]LogModuleManager: Shutting down and abandoning module MagicLeapCameraPreviewFactory (542)
[2018.10.17-14.45.53:150][160]LogModuleManager: Shutting down and abandoning module MagicLeapMediaFactory (540)
[2018.10.17-14.45.53:150][160]LogModuleManager: Shutting down and abandoning module MagicLeapMediaEditor (538)
[2018.10.17-14.45.53:150][160]LogModuleManager: Shutting down and abandoning module CharacterAI (536)
[2018.10.17-14.45.53:150][160]LogModuleManager: Shutting down and abandoning module SmartSnapping (534)
[2018.10.17-14.45.53:151][160]LogModuleManager: Shutting down and abandoning module SessionServices (532)
[2018.10.17-14.45.53:151][160]LogModuleManager: Shutting down and abandoning module ViewportSnapping (530)
[2018.10.17-14.45.53:151][160]LogModuleManager: Shutting down and abandoning module ViewportInteraction (528)
[2018.10.17-14.45.53:151][160]LogModuleManager: Shutting down and abandoning module ClothPainter (526)
[2018.10.17-14.45.53:153][160]LogModuleManager: Shutting down and abandoning module SkeletalMeshEditor (525)
[2018.10.17-14.45.53:155][160]LogModuleManager: Shutting down and abandoning module LogVisualizer (522)
[2018.10.17-14.45.53:159][160]LogModuleManager: Shutting down and abandoning module IntroTutorials (520)
[2018.10.17-14.45.53:161][160]LogModuleManager: Shutting down and abandoning module GameProjectGeneration (519)
[2018.10.17-14.45.53:162][160]LogModuleManager: Shutting down and abandoning module LuminPlatformEditor (516)
[2018.10.17-14.45.53:162][160]LogModuleManager: Shutting down and abandoning module IOSPlatformEditor (514)
[2018.10.17-14.45.53:162][160]LogModuleManager: Shutting down and abandoning module HTML5PlatformEditor (512)
[2018.10.17-14.45.53:162][160]LogModuleManager: Shutting down and abandoning module AndroidPlatformEditor (510)
[2018.10.17-14.45.53:162][160]LogModuleManager: Shutting down and abandoning module AndroidDeviceDetection (509)
[2018.10.17-14.45.54:997][160]LogModuleManager: Shutting down and abandoning module WindowsPlatformEditor (506)
[2018.10.17-14.45.54:997][160]LogModuleManager: Shutting down and abandoning module LuminRuntimeSettings (504)
[2018.10.17-14.45.54:997][160]LogModuleManager: Shutting down and abandoning module IOSRuntimeSettings (502)
[2018.10.17-14.45.54:997][160]LogModuleManager: Shutting down and abandoning module AndroidRuntimeSettings (500)
[2018.10.17-14.45.54:997][160]LogModuleManager: Shutting down and abandoning module InputBindingEditor (498)
[2018.10.17-14.45.54:998][160]LogModuleManager: Shutting down and abandoning module MergeActors (496)
[2018.10.17-14.45.54:999][160]LogModuleManager: Shutting down and abandoning module LocalizationDashboard (494)
[2018.10.17-14.45.55:000][160]LogModuleManager: Shutting down and abandoning module LocalizationService (493)
[2018.10.17-14.45.55:001][160]LogModuleManager: Shutting down and abandoning module HardwareTargeting (490)
[2018.10.17-14.45.55:001][160]LogModuleManager: Shutting down and abandoning module DeviceProfileEditor (488)
[2018.10.17-14.45.55:001][160]LogModuleManager: Shutting down and abandoning module UndoHistory (486)
[2018.10.17-14.45.55:001][160]LogModuleManager: Shutting down and abandoning module XmlParser (484)
[2018.10.17-14.45.55:001][160]LogModuleManager: Shutting down and abandoning module Blutility (482)
[2018.10.17-14.45.55:001][160]LogModuleManager: Shutting down and abandoning module ProjectSettingsViewer (480)
[2018.10.17-14.45.55:002][160]LogModuleManager: Shutting down and abandoning module ProjectTargetPlatformEditor (479)
[2018.10.17-14.45.55:003][160]LogModuleManager: Shutting down and abandoning module EditorSettingsViewer (476)
[2018.10.17-14.45.55:003][160]LogModuleManager: Shutting down and abandoning module SettingsEditor (474)
[2018.10.17-14.45.55:005][160]LogModuleManager: Shutting down and abandoning module ProjectLauncher (472)
[2018.10.17-14.45.55:006][160]LogModuleManager: Shutting down and abandoning module SessionFrontend (470)
[2018.10.17-14.45.55:006][160]LogModuleManager: Shutting down and abandoning module ProfilerClient (468)
[2018.10.17-14.45.55:007][160]LogModuleManager: Shutting down and abandoning module DeviceManager (466)
[2018.10.17-14.45.55:007][160]LogModuleManager: Shutting down and abandoning module TargetDeviceServices (465)
[2018.10.17-14.45.55:062][160]LogModuleManager: Shutting down and abandoning module AutomationController (462)
[2018.10.17-14.45.55:063][160]LogModuleManager: Shutting down and abandoning module AutomationWindow (460)
[2018.10.17-14.45.55:063][160]LogModuleManager: Shutting down and abandoning module Layers (458)
[2018.10.17-14.45.55:065][160]LogModuleManager: Shutting down and abandoning module ComponentVisualizers (456)
[2018.10.17-14.45.55:065][160]LogModuleManager: Shutting down and abandoning module DetailCustomizations (454)
[2018.10.17-14.45.55:066][160]LogModuleManager: Shutting down and abandoning module PackagesDialog (452)
[2018.10.17-14.45.55:067][160]LogModuleManager: Shutting down and abandoning module Persona (450)
[2018.10.17-14.45.55:068][160]LogModuleManager: Shutting down and abandoning module AdvancedPreviewScene (449)
[2018.10.17-14.45.55:068][160]LogModuleManager: Shutting down and abandoning module AnimGraph (447)
[2018.10.17-14.45.55:068][160]LogModuleManager: Shutting down and abandoning module Kismet (444)
[2018.10.17-14.45.55:077][160]LogModuleManager: Shutting down and abandoning module GraphEditor (442)
[2018.10.17-14.45.55:077][160]LogModuleManager: Shutting down and abandoning module ClassViewer (440)
[2018.10.17-14.45.55:077][160]LogModuleManager: Shutting down and abandoning module Toolbox (438)
[2018.10.17-14.45.55:077][160]LogModuleManager: Shutting down and abandoning module ModuleUI (436)
[2018.10.17-14.45.55:078][160]LogModuleManager: Shutting down and abandoning module MovieSceneTools (434)
[2018.10.17-14.45.55:079][160]LogModuleManager: Shutting down and abandoning module OutputLog (432)
[2018.10.17-14.45.55:079][160]LogModuleManager: Shutting down and abandoning module GammaUI (430)
[2018.10.17-14.45.55:079][160]LogModuleManager: Shutting down and abandoning module Documentation (428)
[2018.10.17-14.45.55:080][160]LogModuleManager: Shutting down and abandoning module MovieSceneTracks (426)
[2018.10.17-14.45.55:080][160]LogModuleManager: Shutting down and abandoning module MovieScene (424)
[2018.10.17-14.45.55:080][160]LogModuleManager: Shutting down and abandoning module StreamingPauseRendering (422)
[2018.10.17-14.45.55:080][160]LogModuleManager: Shutting down and abandoning module LauncherPlatform (420)
[2018.10.17-14.45.55:080][160]LogModuleManager: Shutting down and abandoning module AnalyticsET (418)
[2018.10.17-14.45.55:080][160]LogModuleManager: Shutting down and abandoning module PortalServices (416)
[2018.10.17-14.45.55:080][160]LogModuleManager: Shutting down and abandoning module PortalRpc (414)
[2018.10.17-14.45.55:080][160]LogModuleManager: Shutting down and abandoning module MessagingRpc (412)
[2018.10.17-14.45.55:080][160]LogModuleManager: Shutting down and abandoning module AIModule (410)
[2018.10.17-14.45.55:081][160]LogModuleManager: Shutting down and abandoning module GameplayDebugger (409)
[2018.10.17-14.45.55:081][160]LogModuleManager: Shutting down and abandoning module AITestSuite (407)
[2018.10.17-14.45.55:082][160]LogModuleManager: Shutting down and abandoning module NavigationSystem (405)
[2018.10.17-14.45.55:082][160]LogModuleManager: Shutting down and abandoning module DesktopPlatform (402)
[2018.10.17-14.45.55:082][160]LogModuleManager: Shutting down and abandoning module ProfilerService (400)
[2018.10.17-14.45.55:137][160]LogModuleManager: Shutting down and abandoning module TaskGraph (398)
[2018.10.17-14.45.55:138][160]LogModuleManager: Shutting down and abandoning module SteamVRController (396)
[2018.10.17-14.45.55:138][160]LogModuleManager: Shutting down and abandoning module ProceduralMeshComponentEditor (394)
[2018.10.17-14.45.55:138][160]LogModuleManager: Shutting down and abandoning module ProceduralMeshComponent (392)
[2018.10.17-14.45.55:138][160]LogModuleManager: Shutting down and abandoning module OculusInput (390)
[2018.10.17-14.45.55:138][160]LogModuleManager: Shutting down and abandoning module MobilePatchingUtils (388)
[2018.10.17-14.45.55:138][160]LogModuleManager: Shutting down and abandoning module EditableMesh (386)
[2018.10.17-14.45.55:139][160]LogModuleManager: Shutting down and abandoning module CustomMeshComponent (384)
[2018.10.17-14.45.55:139][160]LogModuleManager: Shutting down and abandoning module CableComponent (382)
[2018.10.17-14.45.55:139][160]LogModuleManager: Shutting down and abandoning module AudioCapture (380)
[2018.10.17-14.45.55:139][160]LogModuleManager: Shutting down and abandoning module ArchVisCharacter (378)
[2018.10.17-14.45.55:139][160]LogModuleManager: Shutting down and abandoning module AndroidPermission (376)
[2018.10.17-14.45.55:139][160]LogModuleManager: Shutting down and abandoning module NUTUnrealEngine4 (374)
[2018.10.17-14.45.55:139][160]LogModuleManager: Shutting down and abandoning module NetcodeUnitTest (372)
[2018.10.17-14.45.55:143][160]LogModuleManager: Shutting down and abandoning module MediaCompositingEditor (370)
[2018.10.17-14.45.55:143][160]LogModuleManager: Shutting down and abandoning module MediaCompositing (368)
[2018.10.17-14.45.55:143][160]LogModuleManager: Shutting down and abandoning module LinearTimecode (366)
[2018.10.17-14.45.55:143][160]LogModuleManager: Shutting down and abandoning module ImgMedia (364)
[2018.10.17-14.45.55:148][160]LogModuleManager: Shutting down and abandoning module HTML5Networking (362)
[2018.10.17-14.45.55:148][160]LogModuleManager: Shutting down and abandoning module GeometryCacheTracks (360)
[2018.10.17-14.45.55:148][160]LogModuleManager: Shutting down and abandoning module GeometryCacheSequencer (358)
[2018.10.17-14.45.55:148][160]LogModuleManager: Shutting down and abandoning module BackChannel (356)
[2018.10.17-14.45.55:149][160]LogModuleManager: Shutting down and abandoning module AppleVision (354)
[2018.10.17-14.45.55:149][160]LogModuleManager: Shutting down and abandoning module AppleImageUtils (352)
[2018.10.17-14.45.55:149][160]LogModuleManager: Shutting down and abandoning module AlembicImporter (350)
[2018.10.17-14.45.55:149][160]LogModuleManager: Shutting down and abandoning module AlembicLibrary (349)
[2018.10.17-14.45.55:149][160]LogModuleManager: Shutting down and abandoning module GeometryCache (348)
[2018.10.17-14.45.55:149][160]LogModuleManager: Shutting down and abandoning module GeometryCacheEd (347)
[2018.10.17-14.45.55:149][160]LogModuleManager: Shutting down and abandoning module DatasmithContentEditor (342)
[2018.10.17-14.45.55:149][160]LogModuleManager: Shutting down and abandoning module DatasmithContent (340)
[2018.10.17-14.45.55:150][160]LogModuleManager: Shutting down and abandoning module SpeedTreeImporter (338)
[2018.10.17-14.45.55:150][160]LogModuleManager: Shutting down and abandoning module PluginBrowser (336)
[2018.10.17-14.45.55:152][160]LogModuleManager: Shutting down and abandoning module MobileLauncherProfileWizard (334)
[2018.10.17-14.45.55:152][160]LogModuleManager: Shutting down and abandoning module PolygonModeling (332)
[2018.10.17-14.45.55:152][160]LogModuleManager: Shutting down and abandoning module MeshEditor (330)
[2018.10.17-14.45.55:154][160]LogModuleManager: Shutting down and abandoning module CryptoKeysOpenSSL (328)
[2018.10.17-14.45.55:155][160]LogModuleManager: Shutting down and abandoning module CryptoKeys (326)
[2018.10.17-14.45.55:155][160]LogModuleManager: Shutting down and abandoning module VisualStudioSourceCodeAccess (324)
[2018.10.17-14.45.55:155][160]LogModuleManager: Shutting down and abandoning module VisualStudioCodeSourceCodeAccess (322)
[2018.10.17-14.45.55:155][160]LogModuleManager: Shutting down and abandoning module UObjectPlugin (320)
[2018.10.17-14.45.55:155][160]LogModuleManager: Shutting down and abandoning module SubversionSourceControl (318)
[2018.10.17-14.45.55:156][160]LogModuleManager: Shutting down and abandoning module PerforceSourceControl (316)
[2018.10.17-14.45.55:158][160]LogModuleManager: Shutting down and abandoning module GitSourceControl (314)
[2018.10.17-14.45.55:159][160]LogModuleManager: Shutting down and abandoning module SourceControl (313)
[2018.10.17-14.45.55:159][160]LogModuleManager: Shutting down and abandoning module CLionSourceCodeAccess (310)
[2018.10.17-14.45.55:161][160]LogModuleManager: Shutting down and abandoning module LightPropagationVolumeEditor (308)
[2018.10.17-14.45.55:161][160]LogModuleManager: Shutting down and abandoning module PaperTiledImporter (306)
[2018.10.17-14.45.55:161][160]LogModuleManager: Shutting down and abandoning module PaperSpriteSheetImporter (304)
[2018.10.17-14.45.55:161][160]LogModuleManager: Shutting down and abandoning module Paper2DEditor (302)
[2018.10.17-14.45.55:162][160]LogModuleManager: Shutting down and abandoning module MeshPaint (301)
[2018.10.17-14.45.55:162][160]LogModuleManager: Shutting down and abandoning module RuntimePhysXCooking (298)
[2018.10.17-14.45.55:162][160]LogModuleManager: Shutting down and abandoning module PhysXVehiclesEditor (296)
[2018.10.17-14.45.55:163][160]LogModuleManager: Shutting down and abandoning module PhysXVehicles (294)
[2018.10.17-14.45.55:163][160]LogModuleManager: Shutting down and abandoning module OculusEditor (292)
[2018.10.17-14.45.55:163][160]LogModuleManager: Shutting down and abandoning module LocationServicesBPLibrary (290)
[2018.10.17-14.45.55:163][160]LogModuleManager: Shutting down and abandoning module ImmediatePhysicsEditor (288)
[2018.10.17-14.45.55:163][160]LogModuleManager: Shutting down and abandoning module ImmediatePhysics (286)
[2018.10.17-14.45.55:163][160]LogModuleManager: Shutting down and abandoning module ActorSequence (284)
[2018.10.17-14.45.55:163][160]LogModuleManager: Shutting down and abandoning module UdpMessaging (282)
[2018.10.17-14.45.55:264][160]LogModuleManager: Shutting down and abandoning module TcpMessaging (280)
[2018.10.17-14.45.55:366][160]LogModuleManager: Shutting down and abandoning module MagicLeapAudio (278)
[2018.10.17-14.45.55:366][160]LogModuleManager: Shutting down and abandoning module GameplayTagsEditor (276)
[2018.10.17-14.45.55:367][160]LogModuleManager: Shutting down and abandoning module FacialAnimationEditor (274)
[2018.10.17-14.45.55:367][160]LogModuleManager: Shutting down and abandoning module FacialAnimation (272)
[2018.10.17-14.45.55:367][160]LogModuleManager: Shutting down and abandoning module DataValidation (270)
[2018.10.17-14.45.55:369][160]LogModuleManager: Shutting down and abandoning module AssetManagerEditor (268)
[2018.10.17-14.45.55:370][160]LogModuleManager: Shutting down and abandoning module LevelEditor (267)
[2018.10.17-14.45.55:374][160]LogModuleManager: Shutting down and abandoning module PixelInspectorModule (266)
[2018.10.17-14.45.55:376][160]LogModuleManager: Shutting down and abandoning module CommonMenuExtensions (264)
[2018.10.17-14.45.55:376][160]LogModuleManager: Shutting down and abandoning module MainFrame (262)
[2018.10.17-14.45.55:377][160]LogModuleManager: Shutting down and abandoning module HotReload (261)
[2018.10.17-14.45.55:378][160]LogModuleManager: Shutting down and abandoning module ContentBrowser (257)
[2018.10.17-14.45.55:380][160]LogModuleManager: Shutting down and abandoning module TreeMap (255)
[2018.10.17-14.45.55:381][160]LogModuleManager: Shutting down and abandoning module LightPropagationVolumeRuntime (252)
[2018.10.17-14.45.55:381][160]LogModuleManager: Shutting down and abandoning module AISupportModule (250)
[2018.10.17-14.45.55:381][160]LogModuleManager: Shutting down and abandoning module Paper2D (248)
[2018.10.17-14.45.55:381][160]LogModuleManager: Shutting down and abandoning module WindowsMoviePlayer (246)
[2018.10.17-14.45.55:382][160]LogModuleManager: Shutting down and abandoning module WmfMedia (244)
[2018.10.17-14.45.55:384][160]LogModuleManager: Shutting down and abandoning module Media (243)
[2018.10.17-14.45.55:390][160]LogModuleManager: Shutting down and abandoning module PacketHandler (240)
[2018.10.17-14.45.55:390][160]LogModuleManager: Shutting down and abandoning module ClothingSystemEditor (238)
[2018.10.17-14.45.55:390][160]LogModuleManager: Shutting down and abandoning module ClothingSystemRuntime (236)
[2018.10.17-14.45.55:393][160]LogModuleManager: Shutting down and abandoning module MediaAssets (234)
[2018.10.17-14.45.55:393][160]LogModuleManager: Shutting down and abandoning module Overlay (232)
[2018.10.17-14.45.55:393][160]LogModuleManager: Shutting down and abandoning module OverlayEditor (231)
[2018.10.17-14.45.55:393][160]LogModuleManager: Shutting down and abandoning module VREditor (228)
[2018.10.17-14.45.55:393][160]LogModuleManager: Shutting down and abandoning module StringTableEditor (226)
[2018.10.17-14.45.55:394][160]LogModuleManager: Shutting down and abandoning module GameplayTasksEditor (224)
[2018.10.17-14.45.55:394][160]LogModuleManager: Shutting down and abandoning module BehaviorTreeEditor (222)
[2018.10.17-14.45.55:397][160]LogModuleManager: Shutting down and abandoning module FunctionalTesting (220)
[2018.10.17-14.45.55:398][160]LogModuleManager: Shutting down and abandoning module CollisionAnalyzer (218)
[2018.10.17-14.45.55:400][160]LogModuleManager: Shutting down and abandoning module WorkspaceMenuStructure (217)
[2018.10.17-14.45.55:402][160]LogModuleManager: Shutting down and abandoning module UMG (214)
[2018.10.17-14.45.55:403][160]LogModuleManager: Shutting down and abandoning module UMGEditor (213)
[2018.10.17-14.45.55:406][160]LogModuleManager: Shutting down and abandoning module Sequencer (212)
[2018.10.17-14.45.55:407][160]LogModuleManager: Shutting down and abandoning module MessageLog (209)
[2018.10.17-14.45.55:407][160]LogModuleManager: Shutting down and abandoning module SlateReflector (204)
[2018.10.17-14.45.55:409][160]LogModuleManager: Shutting down and abandoning module Slate (202)
[2018.10.17-14.45.55:409][160]LogModuleManager: Shutting down and abandoning module EditorStyle (200)
[2018.10.17-14.45.55:416][160]LogModuleManager: Shutting down and abandoning module MRMesh (198)
[2018.10.17-14.45.55:416][160]LogModuleManager: Shutting down and abandoning module SourceCodeAccess (196)
[2018.10.17-14.45.55:418][160]LogModuleManager: Shutting down and abandoning module HeadMountedDisplay (194)
[2018.10.17-14.45.55:418][160]LogModuleManager: Shutting down and abandoning module XAudio2 (192)
[2018.10.17-14.45.55:418][160]LogModuleManager: Shutting down and abandoning module Networking (190)
[2018.10.17-14.45.55:418][160]LogModuleManager: Shutting down and abandoning module Core (188)
[2018.10.17-14.45.55:418][160]LogModuleManager: Shutting down and abandoning module LevelSequence (186)
[2018.10.17-14.45.55:418][160]LogModuleManager: Shutting down and abandoning module KismetCompiler (184)
[2018.10.17-14.45.55:418][160]LogModuleManager: Shutting down and abandoning module MeshUtilities (182)
[2018.10.17-14.45.55:420][160]LogModuleManager: Shutting down and abandoning module MeshMergeUtilities (181)
[2018.10.17-14.45.55:421][160]LogModuleManager: Shutting down and abandoning module MeshReductionInterface (180)
[2018.10.17-14.45.55:421][160]LogModuleManager: Shutting down and abandoning module SimplygonSwarm (179)
[2018.10.17-14.45.55:421][160]LogModuleManager: Shutting down and abandoning module ProxyLODMeshReduction (177)
[2018.10.17-14.45.55:425][160]LogModuleManager: Shutting down and abandoning module SimplygonMeshReduction (175)
[2018.10.17-14.45.55:426][160]LogModuleManager: Shutting down and abandoning module QuadricMeshReduction (173)
[2018.10.17-14.45.55:426][160]LogModuleManager: Shutting down and abandoning module MaterialBaking (169)
[2018.10.17-14.45.55:426][160]LogModuleManager: Shutting down and abandoning module DirectoryWatcher (165)
[2018.10.17-14.45.55:427][160]LogModuleManager: Shutting down and abandoning module DerivedDataCache (162)
[2018.10.17-14.45.55:460][160]LogDerivedDataCache: Shutdown
[2018.10.17-14.45.55:461][160]LogModuleManager: Shutting down and abandoning module XGEController (160)
[2018.10.17-14.45.55:461][160]LogModuleManager: Shutting down and abandoning module TargetPlatform (158)
[2018.10.17-14.45.55:461][160]LogModuleManager: Shutting down and abandoning module VulkanShaderFormat (157)
[2018.10.17-14.45.55:461][160]LogModuleManager: Shutting down and abandoning module ShaderFormatVectorVM (155)
[2018.10.17-14.45.55:462][160]LogModuleManager: Shutting down and abandoning module ShaderFormatOpenGL (153)
[2018.10.17-14.45.55:462][160]LogModuleManager: Shutting down and abandoning module ShaderFormatD3D (151)
[2018.10.17-14.45.55:462][160]LogModuleManager: Shutting down and abandoning module MetalShaderFormat (149)
[2018.10.17-14.45.55:463][160]LogModuleManager: Shutting down and abandoning module TextureFormatUncompressed (147)
[2018.10.17-14.45.55:463][160]LogModuleManager: Shutting down and abandoning module TextureFormatPVR (145)
[2018.10.17-14.45.55:463][160]LogModuleManager: Shutting down and abandoning module TextureFormatDXT (143)
[2018.10.17-14.45.55:463][160]LogModuleManager: Shutting down and abandoning module TextureFormatIntelISPCTexComp (141)
[2018.10.17-14.45.55:464][160]LogModuleManager: Shutting down and abandoning module TextureFormatASTC (139)
[2018.10.17-14.45.55:464][160]LogModuleManager: Shutting down and abandoning module ImageWrapper (138)
[2018.10.17-14.45.55:464][160]LogModuleManager: Shutting down and abandoning module TextureFormatAndroid (135)
[2018.10.17-14.45.55:464][160]LogModuleManager: Shutting down and abandoning module AudioFormatOpus (133)
[2018.10.17-14.45.55:464][160]LogModuleManager: Shutting down and abandoning module AudioFormatOgg (131)
[2018.10.17-14.45.55:464][160]LogModuleManager: Shutting down and abandoning module AudioFormatADPCM (129)
[2018.10.17-14.45.55:464][160]LogModuleManager: Shutting down and abandoning module LuminTargetPlatform (127)
[2018.10.17-14.45.55:464][160]LogModuleManager: Shutting down and abandoning module LinuxTargetPlatform (125)
[2018.10.17-14.45.55:464][160]LogModuleManager: Shutting down and abandoning module LinuxServerTargetPlatform (123)
[2018.10.17-14.45.55:464][160]LogModuleManager: Shutting down and abandoning module LinuxNoEditorTargetPlatform (121)
[2018.10.17-14.45.55:464][160]LogModuleManager: Shutting down and abandoning module LinuxClientTargetPlatform (119)
[2018.10.17-14.45.55:465][160]LogModuleManager: Shutting down and abandoning module TVOSTargetPlatform (117)
[2018.10.17-14.45.55:474][160]LogModuleManager: Shutting down and abandoning module Messaging (115)
[2018.10.17-14.45.55:474][160]LogModuleManager: Shutting down and abandoning module IOSTargetPlatform (113)
[2018.10.17-14.45.55:480][160]LogModuleManager: Shutting down and abandoning module HTML5TargetPlatform (111)
[2018.10.17-14.45.55:480][160]LogModuleManager: Shutting down and abandoning module AndroidTargetPlatform (109)
[2018.10.17-14.45.55:523][160]LogModuleManager: Shutting down and abandoning module WindowsTargetPlatform (107)
[2018.10.17-14.45.55:523][160]LogModuleManager: Shutting down and abandoning module WindowsServerTargetPlatform (105)
[2018.10.17-14.45.55:523][160]LogModuleManager: Shutting down and abandoning module WindowsNoEditorTargetPlatform (103)
[2018.10.17-14.45.55:523][160]LogModuleManager: Shutting down and abandoning module WindowsClientTargetPlatform (101)
[2018.10.17-14.45.55:523][160]LogModuleManager: Shutting down and abandoning module MacTargetPlatform (99)
[2018.10.17-14.45.55:523][160]LogModuleManager: Shutting down and abandoning module MacServerTargetPlatform (97)
[2018.10.17-14.45.55:523][160]LogModuleManager: Shutting down and abandoning module MacNoEditorTargetPlatform (95)
[2018.10.17-14.45.55:523][160]LogModuleManager: Shutting down and abandoning module MacClientTargetPlatform (93)
[2018.10.17-14.45.55:523][160]LogModuleManager: Shutting down and abandoning module AllDesktopTargetPlatform (91)
[2018.10.17-14.45.55:523][160]LogModuleManager: Shutting down and abandoning module InputCore (88)
[2018.10.17-14.45.55:524][160]LogModuleManager: Shutting down and abandoning module Settings (86)
[2018.10.17-14.45.55:524][160]LogModuleManager: Shutting down and abandoning module PhysXCooking (84)
[2018.10.17-14.45.55:524][160]LogModuleManager: Shutting down and abandoning module SteamVR (82)
[2018.10.17-14.45.55:524][160]LogModuleManager: Shutting down and abandoning module OculusHMD (80)
[2018.10.17-14.45.55:524][160]LogModuleManager: Shutting down and abandoning module ExampleDeviceProfileSelector (78)
[2018.10.17-14.45.55:524][160]LogModuleManager: Shutting down and abandoning module LauncherChunkInstaller (76)
[2018.10.17-14.45.55:524][160]LogModuleManager: Shutting down and abandoning module OnlineBlueprintSupport (74)
[2018.10.17-14.45.55:524][160]LogModuleManager: Shutting down and abandoning module OnlineSubsystem (70)
[2018.10.17-14.45.55:527][160]LogModuleManager: Shutting down and abandoning module XMPP (65)
[2018.10.17-14.45.55:528][160]LogModuleManager: Shutting down and abandoning module WebSockets (64)
[2018.10.17-14.45.55:566][160]LogModuleManager: Shutting down and abandoning module HTTP (61)
[2018.10.17-14.45.55:567][160]LogHttp: Display: Http module shutting down, but needs to wait on 1 outstanding Http requests:
[2018.10.17-14.45.55:567][160]LogHttp: Display: 	verb=[POST] url=[https://datarouter.ol.epicgames.com/datarouter/api/v1/public/data?SessionID=%7BF4AF283A-4132-85E3-1D17-D2ABA030AF15%7D&AppID=UEEditor.Rocket.Release&AppVersion=4.20.3-4369336%2B%2B%2BUE4%2BRelease-4.20&UserID=cef534244528a25a10be38b2cd0cb280%7C0fb8bae7c3cb49c1a8654824b4455cfd%7C7d2cb242-1cf1-40b9-af26-f95a98894e3c&AppEnvironment=datacollector-binary&UploadType=eteventstream] status=Processing
[2018.10.17-14.45.55:594][160]LogModuleManager: Shutting down and abandoning module SSL (60)
[2018.10.17-14.45.55:596][160]LogModuleManager: Shutting down and abandoning module MagicLeapEmulator (56)
[2018.10.17-14.45.55:596][160]LogModuleManager: Shutting down and abandoning module MagicLeapPrivileges (54)
[2018.10.17-14.45.55:596][160]LogModuleManager: Shutting down and abandoning module MagicLeapIdentity (52)
[2018.10.17-14.45.55:596][160]LogModuleManager: Shutting down and abandoning module MagicLeapHelperVulkan (50)
[2018.10.17-14.45.55:596][160]LogModuleManager: Shutting down and abandoning module MagicLeapHelperOpenGL (48)
[2018.10.17-14.45.55:596][160]LogModuleManager: Shutting down and abandoning module MagicLeapSecureStorage (46)
[2018.10.17-14.45.55:596][160]LogModuleManager: Shutting down and abandoning module MagicLeapGestures (44)
[2018.10.17-14.45.55:596][160]LogModuleManager: Shutting down and abandoning module MagicLeapEyeTracker (42)
[2018.10.17-14.45.55:596][160]LogModuleManager: Shutting down and abandoning module MagicLeapController (40)
[2018.10.17-14.45.55:597][160]LogSlate: Slate User Destroyed.  User Index 0, Is Virtual User: 0
[2018.10.17-14.45.55:597][160]LogModuleManager: Shutting down and abandoning module MagicLeap (38)
[2018.10.17-14.45.55:597][160]LogModuleManager: Shutting down and abandoning module AnimationModifiers (36)
[2018.10.17-14.45.55:598][160]LogModuleManager: Shutting down and abandoning module PropertyEditor (35)
[2018.10.17-14.45.55:600][160]LogModuleManager: Shutting down and abandoning module AudioEditor (32)
[2018.10.17-14.45.55:601][160]LogModuleManager: Shutting down and abandoning module TextureCompressor (30)
[2018.10.17-14.45.55:603][160]LogModuleManager: Shutting down and abandoning module ShaderCore (28)
[2018.10.17-14.45.55:603][160]LogModuleManager: Shutting down and abandoning module Landscape (26)
[2018.10.17-14.45.55:603][160]LogModuleManager: Shutting down and abandoning module SlateRHIRenderer (24)
[2018.10.17-14.45.55:607][160]LogModuleManager: Shutting down and abandoning module OpenGLDrv (22)
[2018.10.17-14.45.55:607][160]LogModuleManager: Shutting down and abandoning module D3D11RHI (20)
[2018.10.17-14.45.55:608][160]LogModuleManager: Shutting down and abandoning module AnimGraphRuntime (18)
[2018.10.17-14.45.55:608][160]LogModuleManager: Shutting down and abandoning module Renderer (16)
[2018.10.17-14.45.55:608][160]LogModuleManager: Shutting down and abandoning module Engine (14)
[2018.10.17-14.45.55:608][160]LogModuleManager: Shutting down and abandoning module CoreUObject (12)
[2018.10.17-14.45.55:608][160]LogModuleManager: Shutting down and abandoning module NetworkFile (10)
[2018.10.17-14.45.55:608][160]LogModuleManager: Shutting down and abandoning module CookedIterativeFile (8)
[2018.10.17-14.45.55:608][160]LogModuleManager: Shutting down and abandoning module StreamingFile (6)
[2018.10.17-14.45.55:608][160]LogModuleManager: Shutting down and abandoning module SandboxFile (4)
[2018.10.17-14.45.55:608][160]LogModuleManager: Shutting down and abandoning module PakFile (2)
[2018.10.17-14.45.55:615][160]LogExit: Exiting.
[2018.10.17-14.45.55:633][160]Log file closed, 10/17/18 17:45:55
