Log file open, 10/14/18 21:02:35
LogWindows: Failed to load 'aqProf.dll' (GetLastError=126)
LogWindows: File 'aqProf.dll' does not exist
LogWindows: Failed to load 'VSPerf140.dll' (GetLastError=126)
LogWindows: File 'VSPerf140.dll' does not exist
LogWindows: Failed to load 'VtuneApi.dll' (GetLastError=126)
LogWindows: File 'VtuneApi.dll' does not exist
LogWindows: Failed to load 'VtuneApi32e.dll' (GetLastError=126)
LogWindows: File 'VtuneApi32e.dll' does not exist
LogInit: Display: Running engine for game: MyProject
LogPlatformFile: Not using cached read wrapper
LogTaskGraph: Started task graph with 5 named threads and 14 total threads with 3 sets of task threads.
LogStats: Stats thread started at 0.190910
LogD3D11RHI: Loaded GFSDK_Aftermath_Lib.x64.dll
LogICUInternationalization: Display: ICU TimeZone Detection - Raw Offset: +2:00, Platform Override: ''
LogPluginManager: Mounting plugin Paper2D
LogPluginManager: Mounting plugin AISupport
LogPluginManager: Mounting plugin LightPropagationVolume
LogPluginManager: Mounting plugin CLionSourceCodeAccess
LogPluginManager: Mounting plugin CodeLiteSourceCodeAccess
LogPluginManager: Mounting plugin GitSourceControl
LogPluginManager: Mounting plugin KDevelopSourceCodeAccess
LogPluginManager: Mounting plugin NullSourceCodeAccess
LogPluginManager: Mounting plugin PerforceSourceControl
LogPluginManager: Mounting plugin SubversionSourceControl
LogPluginManager: Mounting plugin UObjectPlugin
LogPluginManager: Mounting plugin VisualStudioCodeSourceCodeAccess
LogPluginManager: Mounting plugin VisualStudioSourceCodeAccess
LogPluginManager: Mounting plugin XCodeSourceCodeAccess
LogPluginManager: Mounting plugin AssetManagerEditor
LogPluginManager: Mounting plugin CryptoKeys
LogPluginManager: Mounting plugin DataValidation
LogPluginManager: Mounting plugin FacialAnimation
LogPluginManager: Mounting plugin GameplayTagsEditor
LogPluginManager: Mounting plugin MacGraphicsSwitching
LogPluginManager: Mounting plugin MeshEditor
LogPluginManager: Mounting plugin MobileLauncherProfileWizard
LogPluginManager: Mounting plugin PluginBrowser
LogPluginManager: Mounting plugin SpeedTreeImporter
LogPluginManager: Mounting plugin DatasmithContent
LogPluginManager: Mounting plugin AlembicImporter
LogPluginManager: Mounting plugin AppleImageUtils
LogPluginManager: Mounting plugin AppleVision
LogPluginManager: Mounting plugin BackChannel
LogPluginManager: Mounting plugin CharacterAI
LogPluginManager: Mounting plugin GeometryCache
LogPluginManager: Mounting plugin HTML5Networking
LogPluginManager: Mounting plugin ProxyLODPlugin
LogPluginManager: Mounting plugin MagicLeap
LogPluginManager: Mounting plugin MagicLeapEmulator
LogPluginManager: Mounting plugin MagicLeapMedia
LogPluginManager: Mounting plugin AndroidMedia
LogPluginManager: Mounting plugin AvfMedia
LogPluginManager: Mounting plugin ImgMedia
LogPluginManager: Mounting plugin LinearTimecode
LogPluginManager: Mounting plugin MediaCompositing
LogPluginManager: Mounting plugin MediaPlayerEditor
LogPluginManager: Mounting plugin WmfMedia
LogPluginManager: Mounting plugin TcpMessaging
LogPluginManager: Mounting plugin UdpMessaging
LogPluginManager: Mounting plugin ActorSequence
LogPluginManager: Mounting plugin LevelSequenceEditor
LogPluginManager: Mounting plugin MatineeToLevelSequence
LogPluginManager: Mounting plugin NetcodeUnitTest
LogPluginManager: Mounting plugin NUTUnrealEngine4
LogPluginManager: Mounting plugin OnlineSubsystemGooglePlay
LogPluginManager: Mounting plugin OnlineSubsystemIOS
LogPluginManager: Mounting plugin OnlineSubsystem
LogPluginManager: Mounting plugin OnlineSubsystemNull
LogPluginManager: Mounting plugin OnlineSubsystemUtils
LogPluginManager: Mounting plugin LauncherChunkInstaller
LogPluginManager: Mounting plugin AndroidDeviceProfileSelector
LogPluginManager: Mounting plugin AndroidMoviePlayer
LogPluginManager: Mounting plugin AndroidPermission
LogPluginManager: Mounting plugin AppleMoviePlayer
LogPluginManager: Mounting plugin ArchVisCharacter
LogPluginManager: Mounting plugin AudioCapture
LogPluginManager: Mounting plugin CableComponent
LogPluginManager: Mounting plugin CustomMeshComponent
LogPluginManager: Mounting plugin EditableMesh
LogPluginManager: Mounting plugin ExampleDeviceProfileSelector
LogPluginManager: Mounting plugin GoogleCloudMessaging
LogPluginManager: Mounting plugin ImmediatePhysics
LogPluginManager: Mounting plugin IOSDeviceProfileSelector
LogPluginManager: Mounting plugin LinuxDeviceProfileSelector
LogPluginManager: Mounting plugin LocationServicesBPLibrary
LogPluginManager: Mounting plugin MobilePatchingUtils
LogPluginManager: Mounting plugin OculusVR
LogPluginManager: Plugin shader directory ../../../Engine/Plugins/Runtime/Oculus/OculusVR/Shaders found
LogPluginManager: Mapping shader source directory ../../../Engine/Plugins/Runtime/Oculus/OculusVR/Shaders to virtual directory /Plugin/OculusVR
LogPluginManager: Mounting plugin PhysXVehicles
LogPluginManager: Mounting plugin ProceduralMeshComponent
LogPluginManager: Mounting plugin RuntimePhysXCooking
LogPluginManager: Mounting plugin SteamVR
LogPluginManager: Mounting plugin WindowsMoviePlayer
LogStreaming: Display: Took  0.099s to configure plugins.
LogInit: Using libcurl 7.55.1-DEV
LogInit:  - built for x86_64-pc-win32
LogInit:  - supports SSL with OpenSSL/1.0.2h
LogInit:  - supports HTTP deflate (compression) using libz 1.2.8
LogInit:  - other features:
LogInit:      CURL_VERSION_SSL
LogInit:      CURL_VERSION_LIBZ
LogInit:      CURL_VERSION_IPV6
LogInit:      CURL_VERSION_ASYNCHDNS
LogInit:      CURL_VERSION_LARGEFILE
LogInit:      CURL_VERSION_IDN
LogInit:  CurlRequestOptions (configurable via config and command line):
LogInit:  - bVerifyPeer = false  - Libcurl will NOT verify peer certificate
LogInit:  - bUseHttpProxy = false  - Libcurl will NOT use HTTP proxy
LogInit:  - bDontReuseConnections = false  - Libcurl will reuse connections
LogInit:  - CertBundlePath = nullptr  - Libcurl will use whatever was configured at build time.
LogInit:  - MaxHostConnections = 16  - Libcurl will limit the number of connections to a host
LogInit:  - LocalHostAddr = Default
LogInit:  - BufferSize = 65536
LogInit: WinSock: version 1.1 (2.2), MaxSocks=32767, MaxUdp=65467
LogInit: Build: ++UE4+Release-4.20-CL-4369336
LogInit: Engine Version: 4.20.3-4369336+++UE4+Release-4.20
LogInit: Compatible Engine Version: 4.20.0-4212847+++UE4+Release-4.20
LogInit: Net CL: 4212847
LogInit: OS: Windows 10 (), CPU: Intel(R) Core(TM) i5-6600K CPU @ 3.50GHz, GPU: NVIDIA GeForce GTX 1070
LogInit: Compiled (64-bit): Sep 17 2018 12:26:19
LogInit: Compiled with Visual C++: 19.13.26129.00
LogInit: Build Configuration: Development
LogInit: Branch Name: ++UE4+Release-4.20
LogInit: Command Line: -EpicPortal 
LogInit: Base Directory: C:/Program Files/Epic Games/UE_4.20/Engine/Binaries/Win64/
LogInit: Installed Engine Build: 1
LogDevObjectVersion: Number of dev versions registered: 20
LogDevObjectVersion:   Dev-Blueprints (B0D832E4-1F89-4F0D-ACCF-7EB736FD4AA2): 10
LogDevObjectVersion:   Dev-Build (E1C64328-A22C-4D53-A36C-8E866417BD8C): 0
LogDevObjectVersion:   Dev-Core (375EC13C-06E4-48FB-B500-84F0262A717E): 2
LogDevObjectVersion:   Dev-Editor (E4B068ED-F494-42E9-A231-DA0B2E46BB41): 24
LogDevObjectVersion:   Dev-Framework (CFFC743F-43B0-4480-9391-14DF171D2073): 34
LogDevObjectVersion:   Dev-Mobile (B02B49B5-BB20-44E9-A304-32B752E40360): 2
LogDevObjectVersion:   Dev-Networking (A4E4105C-59A1-49B5-A7C5-40C4547EDFEE): 0
LogDevObjectVersion:   Dev-Online (39C831C9-5AE6-47DC-9A44-9C173E1C8E7C): 0
LogDevObjectVersion:   Dev-Physics (78F01B33-EBEA-4F98-B9B4-84EACCB95AA2): 0
LogDevObjectVersion:   Dev-Platform (6631380F-2D4D-43E0-8009-CF276956A95A): 0
LogDevObjectVersion:   Dev-Rendering (12F88B9F-8875-4AFC-A67C-D90C383ABD29): 26
LogDevObjectVersion:   Dev-Sequencer (7B5AE74C-D270-4C10-A958-57980B212A5A): 9
LogDevObjectVersion:   Dev-VR (D7296918-1DD6-4BDD-9DE2-64A83CC13884): 2
LogDevObjectVersion:   Dev-LoadTimes (C2A15278-BFE7-4AFE-6C17-90FF531DF755): 1
LogDevObjectVersion:   Private-Geometry (6EACA3D4-40EC-4CC1-B786-8BED09428FC5): 3
LogDevObjectVersion:   Dev-AnimPhys (29E575DD-E0A3-4627-9D10-D276232CDCEA): 17
LogDevObjectVersion:   Dev-ReflectionCapture (6B266CEC-1EC7-4B8F-A30B-E4D90942FC07): 1
LogDevObjectVersion:   Dev-Automation (0DF73D61-A23F-47EA-B727-89E90C41499A): 1
LogDevObjectVersion:   FortniteMain (601D1886-AC64-4F84-AA16-D3DE0DEAC7D6): 12
LogDevObjectVersion:   Dev-Enterprise (9DFFBCD6-494F-0158-E221-12823C92A888): 1
LogStreaming: Display: Took  0.000s to delete old logs.
LogInit: Presizing for max 8388607 objects, including 0 objects not considered by GC, pre-allocating 0 bytes for permanent pool.
LogInit: Object subsystem initialized
[2018.10.14-18.02.35:335][  0]LogInit: Selected Device Profile: [Windows]
[2018.10.14-18.02.35:335][  0]LogInit: Applying CVar settings loaded from the selected device profile: [Windows]
[2018.10.14-18.02.35:352][  0]LogHAL: Display: Platform has ~ 8 GB [8548642816 / 8589934592 / 8], which maps to Default [LargestMinGB=32, LargerMinGB=12, DefaultMinGB=8, SmallerMinGB=6, SmallestMinGB=0)
[2018.10.14-18.02.35:352][  0]LogInit: Setting Device Profile CVar: [[r.Vulkan.UseRealUBs:1]]
[2018.10.14-18.02.35:352][  0]LogInit: Going up to parent DeviceProfile []
[2018.10.14-18.02.35:352][  0]LogInit: Computer: DESKTOP-PUH8LJK
[2018.10.14-18.02.35:352][  0]LogInit: User: Jusu
[2018.10.14-18.02.35:352][  0]LogInit: CPU Page size=4096, Cores=4
[2018.10.14-18.02.35:352][  0]LogInit: High frequency timer resolution =3.421878 MHz
[2018.10.14-18.02.35:352][  0]LogMemory: Memory total: Physical=8.0GB (8GB approx)
[2018.10.14-18.02.35:352][  0]LogMemory: Platform Memory Stats for Windows
[2018.10.14-18.02.35:352][  0]LogMemory: Process Physical Memory: 99.00 MB used, 99.00 MB peak
[2018.10.14-18.02.35:352][  0]LogMemory: Process Virtual Memory: 82.66 MB used, 82.66 MB peak
[2018.10.14-18.02.35:352][  0]LogMemory: Physical Memory: 4220.37 MB used,  3932.25 MB free, 8152.62 MB total
[2018.10.14-18.02.35:352][  0]LogMemory: Virtual Memory: 4618.66 MB used,  3932.25 MB free, 134217728.00 MB total
[2018.10.14-18.02.35:369][  0]LogInit: Using OS detected language (fi-FI).
[2018.10.14-18.02.35:369][  0]LogInit: Using OS detected locale (fi-FI).
[2018.10.14-18.02.35:369][  0]LogTextLocalizationManager: No localization for 'fi-FI' exists, so 'en' will be used for the language.
[2018.10.14-18.02.35:743][  0]LogStreaming: Display: Took  0.374s to InitEngineTextLocalization.
[2018.10.14-18.02.35:743][  0]LogInit: Setting process to per monitor DPI aware
[2018.10.14-18.02.35:763][  0]LogSlate: New Slate User Created.  User Index 0, Is Virtual User: 0
[2018.10.14-18.02.35:764][  0]LogSlate: Slate User Registered.  User Index 0, Is Virtual User: 0
[2018.10.14-18.02.35:927][  0]LogHMD: Failed to initialize OpenVR with code 110
[2018.10.14-18.02.35:927][  0]LogD3D11RHI: D3D11 adapters:
[2018.10.14-18.02.35:988][  0]LogD3D11RHI:    0. 'NVIDIA GeForce GTX 1070' (Feature Level 11_0)
[2018.10.14-18.02.35:988][  0]LogD3D11RHI:       8088/0/4076 MB DedicatedVideo/DedicatedSystem/SharedSystem, Outputs:2, VendorId:0x10de
[2018.10.14-18.02.35:989][  0]LogD3D11RHI:    1. 'Microsoft Basic Render Driver' (Feature Level 11_0)
[2018.10.14-18.02.35:989][  0]LogD3D11RHI:       0/0/4076 MB DedicatedVideo/DedicatedSystem/SharedSystem, Outputs:0, VendorId:0x1414
[2018.10.14-18.02.35:989][  0]LogD3D11RHI: Chosen D3D11 Adapter: 0
[2018.10.14-18.02.35:995][  0]LogD3D11RHI: Creating new Direct3DDevice
[2018.10.14-18.02.35:995][  0]LogD3D11RHI:     GPU DeviceId: 0x1b81 (for the marketing name, search the web for "GPU Device Id")
[2018.10.14-18.02.35:995][  0]LogWindows: EnumDisplayDevices:
[2018.10.14-18.02.35:995][  0]LogWindows:    0. 'NVIDIA GeForce GTX 1070' (P:0 D:1)
[2018.10.14-18.02.35:995][  0]LogWindows:    1. 'NVIDIA GeForce GTX 1070' (P:1 D:1)
[2018.10.14-18.02.35:995][  0]LogWindows:    2. 'NVIDIA GeForce GTX 1070' (P:0 D:0)
[2018.10.14-18.02.35:995][  0]LogWindows:    3. 'NVIDIA GeForce GTX 1070' (P:0 D:0)
[2018.10.14-18.02.35:995][  0]LogWindows: DebugString: FoundDriverCount:4 
[2018.10.14-18.02.35:995][  0]LogD3D11RHI:     Adapter Name: NVIDIA GeForce GTX 1070
[2018.10.14-18.02.35:995][  0]LogD3D11RHI:   Driver Version: 416.34 (internal:25.21.14.1634, unified:416.34)
[2018.10.14-18.02.35:996][  0]LogD3D11RHI:      Driver Date: 10-10-2018
[2018.10.14-18.02.35:996][  0]LogRHI: Texture pool is 5661 MB (70% of 8088 MB)
[2018.10.14-18.02.36:033][  0]LogD3D11RHI: Async texture creation enabled
[2018.10.14-18.02.36:063][  0]LogD3D11RHI: GPU Timing Frequency: 1000.000000 (Debug: 2 2)
[2018.10.14-18.02.36:106][  0]LogShaderCompilers: Guid format shader working directory is -13 characters bigger than the processId version (../../../../../../Users/Jusu/Documents/pelihomma/MyProject/Intermediate/Shaders/WorkingDirectory/2144/).
[2018.10.14-18.02.36:106][  0]LogShaderCompilers: Cleaned the shader compiler working directory 'C:/Users/Jusu/AppData/Local/Temp/UnrealShaderWorkingDir/8CFAAEB14FF08090C020FCB2A83BD308/'.
[2018.10.14-18.02.36:978][  0]LogTemp: Display: Loaded TP AllDesktopTargetPlatform
[2018.10.14-18.02.36:990][  0]LogTemp: Display: Loaded TP MacClientTargetPlatform
[2018.10.14-18.02.37:003][  0]LogTemp: Display: Loaded TP MacNoEditorTargetPlatform
[2018.10.14-18.02.37:015][  0]LogTemp: Display: Loaded TP MacServerTargetPlatform
[2018.10.14-18.02.37:027][  0]LogTemp: Display: Loaded TP MacTargetPlatform
[2018.10.14-18.02.37:039][  0]LogTemp: Display: Loaded TP WindowsClientTargetPlatform
[2018.10.14-18.02.37:051][  0]LogTemp: Display: Loaded TP WindowsNoEditorTargetPlatform
[2018.10.14-18.02.37:064][  0]LogTemp: Display: Loaded TP WindowsServerTargetPlatform
[2018.10.14-18.02.37:070][  0]LogTemp: Display: Loaded TP WindowsTargetPlatform
[2018.10.14-18.02.37:145][  0]LogTemp: Display: Loaded TP AndroidTargetPlatform
[2018.10.14-18.02.37:145][  0]LogTemp: Display: Loaded TP AndroidTargetPlatform
[2018.10.14-18.02.37:145][  0]LogTemp: Display: Loaded TP AndroidTargetPlatform
[2018.10.14-18.02.37:145][  0]LogTemp: Display: Loaded TP AndroidTargetPlatform
[2018.10.14-18.02.37:145][  0]LogTemp: Display: Loaded TP AndroidTargetPlatform
[2018.10.14-18.02.37:145][  0]LogTemp: Display: Loaded TP AndroidTargetPlatform
[2018.10.14-18.02.37:145][  0]LogTemp: Display: Loaded TP AndroidTargetPlatform
[2018.10.14-18.02.37:145][  0]LogTemp: Display: Loaded TP AndroidTargetPlatform
[2018.10.14-18.02.37:145][  0]LogTemp: Display: Loaded TP AndroidTargetPlatform
[2018.10.14-18.02.37:145][  0]LogTemp: Display: Loaded TP AndroidTargetPlatform
[2018.10.14-18.02.37:145][  0]LogTemp: Display: Loaded TP AndroidTargetPlatform
[2018.10.14-18.02.37:145][  0]LogTemp: Display: Loaded TP AndroidTargetPlatform
[2018.10.14-18.02.37:145][  0]LogTemp: Display: Loaded TP AndroidTargetPlatform
[2018.10.14-18.02.37:145][  0]LogTemp: Display: Loaded TP AndroidTargetPlatform
[2018.10.14-18.02.37:145][  0]LogTemp: Display: Loaded TP AndroidTargetPlatform
[2018.10.14-18.02.37:145][  0]LogTemp: Display: Loaded TP AndroidTargetPlatform
[2018.10.14-18.02.37:145][  0]LogTemp: Display: Loaded TP AndroidTargetPlatform
[2018.10.14-18.02.37:145][  0]LogTemp: Display: Loaded TP AndroidTargetPlatform
[2018.10.14-18.02.37:146][  0]LogTemp: Display: Loaded TP HTML5TargetPlatform
[2018.10.14-18.02.37:204][  0]LogTemp: Display: Loaded TP IOSTargetPlatform
[2018.10.14-18.02.37:204][  0]LogTemp: Display: Loaded TP IOSTargetPlatform
[2018.10.14-18.02.37:227][  0]LogTemp: Display: Loaded TP TVOSTargetPlatform
[2018.10.14-18.02.37:227][  0]LogTemp: Display: Loaded TP TVOSTargetPlatform
[2018.10.14-18.02.37:240][  0]LogTemp: Display: Loaded TP LinuxClientTargetPlatform
[2018.10.14-18.02.37:252][  0]LogTemp: Display: Loaded TP LinuxNoEditorTargetPlatform
[2018.10.14-18.02.37:264][  0]LogTemp: Display: Loaded TP LinuxServerTargetPlatform
[2018.10.14-18.02.37:277][  0]LogTemp: Display: Loaded TP LinuxTargetPlatform
[2018.10.14-18.02.37:286][  0]LogTemp: Display: Loaded TP LuminTargetPlatform
[2018.10.14-18.02.37:286][  0]LogTargetPlatformManager: Display: Building Assets For Windows
[2018.10.14-18.02.37:343][  0]LogXGEController: Cannot use XGE Controller as Incredibuild is not installed on this machine.
[2018.10.14-18.02.37:343][  0]LogShaderCompilers: Cannot use XGE Shader Compiler as Incredibuild is not installed on this machine.
[2018.10.14-18.02.37:343][  0]LogShaderCompilers: Display: Using Local Shader Compiler.
[2018.10.14-18.02.38:023][  0]LogDerivedDataCache: Display: Max Cache Size: 512 MB
[2018.10.14-18.02.38:083][  0]LogDerivedDataCache: Loaded boot cache 0.06s 71MB C:/Users/Jusu/AppData/Local/UnrealEngine/4.20/DerivedDataCache/Boot.ddc.
[2018.10.14-18.02.38:083][  0]LogDerivedDataCache: Display: Loaded Boot cache: C:/Users/Jusu/AppData/Local/UnrealEngine/4.20/DerivedDataCache/Boot.ddc
[2018.10.14-18.02.38:084][  0]LogDerivedDataCache: FDerivedDataBackendGraph:  Pak pak cache file ../../../../../../Users/Jusu/Documents/pelihomma/MyProject/DerivedDataCache/DDC.ddp not found, will not use a pak cache.
[2018.10.14-18.02.38:084][  0]LogDerivedDataCache: Unable to find inner node Pak for hierarchical cache Hierarchy.
[2018.10.14-18.02.38:084][  0]LogDerivedDataCache: FDerivedDataBackendGraph:  CompressedPak pak cache file ../../../../../../Users/Jusu/Documents/pelihomma/MyProject/DerivedDataCache/Compressed.ddp not found, will not use a pak cache.
[2018.10.14-18.02.38:084][  0]LogDerivedDataCache: Unable to find inner node CompressedPak for hierarchical cache Hierarchy.
[2018.10.14-18.02.38:096][  0]LogDerivedDataCache: Display: Pak cache opened for reading ../../../Engine/DerivedDataCache/Compressed.ddp.
[2018.10.14-18.02.38:108][  0]LogDerivedDataCache: Using Local data cache path C:/Users/Jusu/AppData/Local/UnrealEngine/Common/DerivedDataCache: Writable
[2018.10.14-18.02.38:108][  0]LogDerivedDataCache: Shared data cache path not found in *engine.ini, will not use an Shared cache.
[2018.10.14-18.02.38:108][  0]LogDerivedDataCache: Unable to find inner node Shared for hierarchical cache Hierarchy.
[2018.10.14-18.02.38:126][  0]LogMaterial: Verifying Global Shaders for PCD3D_SM5
[2018.10.14-18.02.38:127][  0]LogSlate: Using FreeType 2.6.0
[2018.10.14-18.02.38:128][  0]LogSlate: SlateFontServices - WITH_FREETYPE: 1, WITH_HARFBUZZ: 1
[2018.10.14-18.02.38:203][  0]LogAssetRegistry: FAssetRegistry took 0.0263 seconds to start up
[2018.10.14-18.02.38:491][  0]LogInit: Selected Device Profile: [Windows]
[2018.10.14-18.02.38:612][  0]LogSimplygon: Simplygon DLL not present - disabling.
[2018.10.14-18.02.38:616][  0]LogMeshReduction: Using SimplygonSwarm for distributed automatic mesh merging
[2018.10.14-18.02.38:616][  0]LogMeshReduction: Using ProxyLODMeshReduction for automatic mesh merging
[2018.10.14-18.02.38:616][  0]LogMeshReduction: Using QuadricMeshReduction for automatic static mesh reduction
[2018.10.14-18.02.38:616][  0]LogMeshReduction: No automatic skeletal mesh reduction module available
[2018.10.14-18.02.38:637][  0]LogNetVersion: MyProject 1.0.0, NetCL: 4212847, EngineNetVer: 5, GameNetVer: 0 (Checksum: 1110078900)
[2018.10.14-18.02.39:085][  0]LogPackageLocalizationCache: Processed 11 localized package path(s) for 1 prioritized culture(s) in 0.055812 seconds
[2018.10.14-18.02.39:092][  0]LogUObjectArray: 38425 objects as part of root set at end of initial load.
[2018.10.14-18.02.39:092][  0]LogUObjectAllocator: 6690872 out of 0 bytes used by permanent object pool.
[2018.10.14-18.02.39:092][  0]LogUObjectArray: CloseDisregardForGC: 0/0 objects in disregard for GC pool
[2018.10.14-18.02.39:890][  0]LogTcpMessaging: Initializing TcpMessaging bridge
[2018.10.14-18.02.39:904][  0]LogUdpMessaging: Initializing bridge on interface 0.0.0.0:0 to multicast group 230.0.0.1:6666.
[2018.10.14-18.02.40:045][  0]SourceControl: Source control is disabled
[2018.10.14-18.02.40:046][  0]LogWindows: Warning: CreateProc failed: Määritettyä tiedostoa ei löydy. (0x00000002)
[2018.10.14-18.02.40:046][  0]LogWindows: Warning: URL: C:/Program Files/Git/bin/git.exe version
[2018.10.14-18.02.40:046][  0]LogWindows: Warning: CreateProc failed: Määritettyä tiedostoa ei löydy. (0x00000002)
[2018.10.14-18.02.40:046][  0]LogWindows: Warning: URL: C:/Program Files (x86)/Git/bin/git.exe version
[2018.10.14-18.02.40:046][  0]LogWindows: Warning: CreateProc failed: Määritettyä tiedostoa ei löydy. (0x00000002)
[2018.10.14-18.02.40:046][  0]LogWindows: Warning: URL: C:\Users\Jusu\AppData\Local/Programs/Git/cmd/git.exe version
[2018.10.14-18.02.40:046][  0]LogWindows: Warning: CreateProc failed: Määritettyä tiedostoa ei löydy. (0x00000002)
[2018.10.14-18.02.40:046][  0]LogWindows: Warning: URL: C:/Program Files (x86)/SmartGit/git/bin/git.exe version
[2018.10.14-18.02.40:046][  0]LogWindows: Warning: CreateProc failed: Määritettyä tiedostoa ei löydy. (0x00000002)
[2018.10.14-18.02.40:046][  0]LogWindows: Warning: URL: C:/Program Files (x86)/SmartGit/bin/git.exe version
[2018.10.14-18.02.40:850][  0]LogAndroidPermission: UAndroidPermissionCallbackProxy::GetInstance
[2018.10.14-18.02.40:944][  0]LogOcInput: OculusInput pre-init called
[2018.10.14-18.02.41:002][  0]LogEngine: Initializing Engine...
[2018.10.14-18.02.41:002][  0]LogHMD: Failed to initialize OpenVR with code 110
[2018.10.14-18.02.41:004][  0]LogStats: UGameplayTagsManager::ConstructGameplayTagTree: ImportINI prefixes -  0.000 s
[2018.10.14-18.02.41:004][  0]LogStats: UGameplayTagsManager::ConstructGameplayTagTree: Construct from data asset -  0.000 s
[2018.10.14-18.02.41:004][  0]LogStats: UGameplayTagsManager::ConstructGameplayTagTree: ImportINI -  0.000 s
[2018.10.14-18.02.41:004][  0]LogStats: UGameplayTagsManager::ConstructGameplayTagTree: GameplayTagTreeChangedEvent.Broadcast -  0.000 s
[2018.10.14-18.02.41:208][  0]LogInit: Initializing FReadOnlyCVARCache
[2018.10.14-18.02.41:220][  0]LogAIModule: Creating AISystem for world Untitled
[2018.10.14-18.02.41:248][  0]LogInit: XAudio2 using 'Kuulokkeet (2–High Definition Audio -laite)' : 2 channels at 48 kHz using 16 bits per sample (channel mask 0x3)
[2018.10.14-18.02.41:262][  0]LogInit: FAudioDevice initialized.
[2018.10.14-18.02.41:262][  0]LogNetVersion: Set ProjectVersion to 1.0.0.0. Version Checksum will be recalculated on next use.
[2018.10.14-18.02.41:336][  0]LogDerivedDataCache: Saved boot cache 0.07s 71MB C:/Users/Jusu/AppData/Local/UnrealEngine/4.20/DerivedDataCache/Boot.ddc.
[2018.10.14-18.02.41:348][  0]LogInit: Texture streaming: Enabled
[2018.10.14-18.02.41:363][  0]LogEngineSessionManager: EngineSessionManager initialized
[2018.10.14-18.02.41:374][  0]LogInit: Transaction tracking system initialized
[2018.10.14-18.02.41:395][  0]BlueprintLog: New page: Editor Load
[2018.10.14-18.02.41:466][  0]LocalizationService: Localization service is disabled
[2018.10.14-18.02.41:708][  0]LogCook: Display: Max memory allowance for cook 16384mb min free memory 0mb
[2018.10.14-18.02.41:708][  0]LogCook: Display: Mobile HDR setting 1
[2018.10.14-18.02.41:708][  0]LogGameplayTags: Display: UGameplayTagsManager::DoneAddingNativeTags. DelegateIsBound: 0
[2018.10.14-18.02.41:708][  0]LogStats: UGameplayTagsManager::ConstructGameplayTagTree: ImportINI prefixes -  0.000 s
[2018.10.14-18.02.41:708][  0]LogStats: UGameplayTagsManager::ConstructGameplayTagTree: Construct from data asset -  0.000 s
[2018.10.14-18.02.41:708][  0]LogStats: UGameplayTagsManager::ConstructGameplayTagTree: ImportINI -  0.000 s
[2018.10.14-18.02.41:708][  0]LogStats: UGameplayTagsManager::ConstructGameplayTagTree: GameplayTagTreeChangedEvent.Broadcast -  0.000 s
[2018.10.14-18.02.41:806][  0]LogFileCache: Scanning file cache for directory 'C:/Users/Jusu/Documents/pelihomma/MyProject/Content/' took 0.02s
[2018.10.14-18.02.41:807][  0]Cmd: MAP LOAD FILE="../../../Engine/Content/Maps/Templates/Template_Default.umap" TEMPLATE=1 SHOWPROGRESS=1 FEATURELEVEL=3
[2018.10.14-18.02.41:807][  0]LightingResults: New page: Lighting Build
[2018.10.14-18.02.41:809][  0]MapCheck: New page: Map Check
[2018.10.14-18.02.41:809][  0]LightingResults: New page: Lighting Build
[2018.10.14-18.02.41:992][  0]LogAIModule: Creating AISystem for world Untitled_1
[2018.10.14-18.02.41:998][  0]LogEditorServer: Finished looking for orphan Actors (0.000 secs)
[2018.10.14-18.02.42:020][  0]Cmd: MAP CHECKDEP NOCLEARLOG
[2018.10.14-18.02.42:079][  0]MapCheck: Map check complete: 0 Error(s), 0 Warning(s), took 58,899ms to complete.
[2018.10.14-18.02.42:080][  0]LogFileHelpers: Loading map 'Template_Default' took 0.272
[2018.10.14-18.02.42:187][  0]LogSlate: Updating window title bar state: overlay mode, drag disabled, window buttons hidden, title bar hidden
[2018.10.14-18.02.42:195][  0]LogSlate: Updating window title bar state: overlay mode, drag disabled, window buttons hidden, title bar hidden
[2018.10.14-18.02.42:202][  0]LogSlate: Updating window title bar state: overlay mode, drag disabled, window buttons hidden, title bar hidden
[2018.10.14-18.02.42:210][  0]LogSlate: Updating window title bar state: overlay mode, drag disabled, window buttons hidden, title bar hidden
[2018.10.14-18.02.42:217][  0]LogCollectionManager: Loaded 0 collections in 0.001584 seconds
[2018.10.14-18.02.42:270][  0]LogFileCache: Scanning file cache for directory 'C:/Users/Jusu/Documents/pelihomma/MyProject/Saved/Collections/' took 0.01s
[2018.10.14-18.02.42:270][  0]LogFileCache: Scanning file cache for directory 'C:/Users/Jusu/Documents/pelihomma/MyProject/Content/Developers/Jusu/Collections/' took 0.01s
[2018.10.14-18.02.42:270][  0]LogFileCache: Scanning file cache for directory 'C:/Users/Jusu/Documents/pelihomma/MyProject/Content/Collections/' took 0.01s
[2018.10.14-18.02.42:270][  0]LogCollectionManager: Rebuilt the GUID cache for 0 collections in 0.000000 seconds
[2018.10.14-18.02.42:278][  0]LogContentBrowser: Native class hierarchy populated in 0.0081 seconds. Added 2572 classes and 603 folders.
[2018.10.14-18.02.42:289][  0]LogContentBrowser: Native class hierarchy updated for 'WidgetCarousel' in 0.0002 seconds. Added 0 classes and 0 folders.
[2018.10.14-18.02.42:623][  0]LogContentBrowser: Native class hierarchy updated for 'AddContentDialog' in 0.0002 seconds. Added 0 classes and 0 folders.
[2018.10.14-18.02.42:629][  0]LogContentBrowser: Native class hierarchy updated for 'SceneOutliner' in 0.0002 seconds. Added 1 classes and 2 folders.
[2018.10.14-18.02.43:642][  0]LogSlate: Only BGRA pngs, bmps or icos are supported in by External Image Picker
[2018.10.14-18.02.43:678][  0]LogSlate: Took 0.000301 seconds to synchronously load lazily loaded font '../../../Engine/Content/Slate/Fonts/Roboto-Regular.ttf' (155K)
[2018.10.14-18.02.43:680][  0]LogSlate: Took 0.000302 seconds to synchronously load lazily loaded font '../../../Engine/Content/Slate/Fonts/Roboto-Bold.ttf' (160K)
[2018.10.14-18.02.43:687][  0]LogSlate: Took 0.000276 seconds to synchronously load lazily loaded font '../../../Engine/Content/Editor/Slate/Fonts/FontAwesome.ttf' (139K)
[2018.10.14-18.02.43:766][  0]LogRenderer: Reallocating scene render targets to support 1208x576 Format 10 NumSamples 1 (Frame:1).
[2018.10.14-18.02.43:874][  0]LogTemp: Executing iPhonePackager certificates Engine -bundlename com.YourCompany.MyProject
[2018.10.14-18.02.43:874][  0]LogTemp: CWD: C:\Program Files\Epic Games\UE_4.20\Engine\Binaries\DotNET\IOS
[2018.10.14-18.02.43:874][  0]LogTemp: Initial Dir: C:\Program Files\Epic Games\UE_4.20
[2018.10.14-18.02.43:874][  0]LogTemp: Env CWD: C:\Program Files\Epic Games\UE_4.20\Engine\Binaries\DotNET\IOS
[2018.10.14-18.02.43:874][  0]LogTemp: BranchPath = DESKTOP-PUH8LJK/C/Program Files/Epic Games/UE_4.20/Engine/Binaries --- GameBranchPath = DESKTOP-PUH8LJK/C/Program Files/Epic Games/UE_4.20/Engine/Binaries
[2018.10.14-18.02.43:874][  0]LogTemp: IPP ERROR: Could not find provision directory 'C:\Users\Jusu\AppData\Local/Apple Computer/MobileDevice/Provisioning Profiles/'.
[2018.10.14-18.02.43:889][  0]LogContentBrowser: Native class hierarchy updated for 'HierarchicalLODOutliner' in 0.0002 seconds. Added 0 classes and 0 folders.
[2018.10.14-18.02.43:889][  0]LogLoad: (Engine Initialization) Total time: 10.00 seconds
[2018.10.14-18.02.43:889][  0]LogLoad: (Engine Initialization) Total Blueprint compile time: 0.00 seconds
[2018.10.14-18.02.43:899][  0]LogWindowsTextInputMethodSystem: Display: IME system now deactivated.
[2018.10.14-18.02.43:925][  0]LogContentStreaming: Texture pool size now 1000 MB
[2018.10.14-18.02.43:970][  1]LogAssetRegistry: Asset discovery search completed in 5.7898 seconds
[2018.10.14-18.02.43:972][  1]LogCollectionManager: Rebuilt the object cache for 0 collections in 0.000000 seconds (found 0 objects)
[2018.10.14-18.02.43:972][  1]LogCollectionManager: Fixed up redirectors for 0 collections in 0.000085 seconds (updated 0 objects)
[2018.10.14-18.02.46:134][250]LogSlate: FSceneViewport::OnFocusLost() reason 0
[2018.10.14-18.02.46:258][265]LogSlate: Window 'Project Settings' being destroyed
[2018.10.14-18.02.46:261][265]LogSlate: Window 'Project Settings' being destroyed
[2018.10.14-18.02.47:951][465]LogSlate: Took 0.000384 seconds to synchronously load lazily loaded font '../../../Engine/Content/Slate/Fonts/Roboto-Light.ttf' (167K)
[2018.10.14-18.02.49:756][676]LogSlate: FSceneViewport::OnFocusLost() reason 0
[2018.10.14-18.02.49:929][696]LogSlate: Took 0.000191 seconds to synchronously load lazily loaded font '../../../Engine/Content/Slate/Fonts/Roboto-Light.ttf' (167K)
[2018.10.14-18.02.50:105][696]LogClass: Warning: Type mismatch in FinalScore of GameLevel_GUI_C - Previous (TextProperty) Current(ObjectProperty) for package:  FObjectReader
[2018.10.14-18.02.50:224][696]LogAIModule: Creating AISystem for world Game_Level
[2018.10.14-18.02.50:230][696]LogAssetEditorManager: Opening Asset editor for World /Game/Levels/Game_Level.Game_Level
[2018.10.14-18.02.50:254][696]Cmd: MAP LOAD FILE="../../../../../../Users/Jusu/Documents/pelihomma/MyProject/Content/Levels/Game_Level.umap" TEMPLATE=0 SHOWPROGRESS=1 FEATURELEVEL=3
[2018.10.14-18.02.50:255][696]LightingResults: New page: Lighting Build
[2018.10.14-18.02.50:255][696]LoadErrors: New page: Loading map: Game_Level.umap
[2018.10.14-18.02.50:255][696]MapCheck: New page: Map Check
[2018.10.14-18.02.50:255][696]LightingResults: New page: Lighting Build
[2018.10.14-18.02.50:280][696]LogEditorServer: Finished looking for orphan Actors (0.000 secs)
[2018.10.14-18.02.50:326][696]Cmd: MAP CHECKDEP NOCLEARLOG
[2018.10.14-18.02.50:395][696]MapCheck: Map check complete: 0 Error(s), 0 Warning(s), took 69,876ms to complete.
[2018.10.14-18.02.50:395][696]LogFileHelpers: Loading map 'Game_Level' took 0.142
[2018.10.14-18.02.50:424][696]LoadErrors: Error: /Game/Levels/Game_Level : Failed import for ObjectProperty /Game/GUIs/GameLevel_GUI.GameLevel_GUI_C:FinalScore Referenced by export Function /Game/Levels/Game_Level.Game_Level_C:ExecuteUbergraph_Game_Level
[2018.10.14-18.02.53:460][ 49]LogAssetEditorManager: Opening Asset editor for LevelScriptBlueprint /Game/Levels/Game_Level.Game_Level:PersistentLevel.Game_Level
[2018.10.14-18.02.53:877][ 49]LogContentBrowser: Native class hierarchy updated for 'BlueprintGraph' in 0.0005 seconds. Added 116 classes and 0 folders.
[2018.10.14-18.02.54:533][ 49]LogSlate: Took 0.000183 seconds to synchronously load lazily loaded font '../../../Engine/Content/Slate/Fonts/Roboto-BoldCondensed.ttf' (158K)
[2018.10.14-18.02.54:663][ 50]LogSlate: Took 0.000272 seconds to synchronously load lazily loaded font '../../../Engine/Content/Slate/Fonts/Roboto-Italic.ttf' (157K)
[2018.10.14-18.03.29:831][ 59]BlueprintLog: New page: Compile Game_Level
[2018.10.14-18.03.42:238][391]LogSlate: Window 'Game_Level* - Level Blueprint Editor' being destroyed
[2018.10.14-18.03.42:241][391]LogSlate: Window 'Game_Level* - Level Blueprint Editor' being destroyed
[2018.10.14-18.03.44:413][637]LogAIModule: Creating AISystem for world MainMenu_Level
[2018.10.14-18.03.44:418][637]LogAssetEditorManager: Opening Asset editor for World /Game/Levels/MainMenu_Level.MainMenu_Level
[2018.10.14-18.03.45:677][637]LogSlate: Window 'Save Content' being destroyed
[2018.10.14-18.03.45:841][637]Cmd: OBJ SAVEPACKAGE PACKAGE="/Game/Levels/Game_Level" FILE="../../../../../../Users/Jusu/Documents/pelihomma/MyProject/Content/Levels/Game_Level.umap" SILENT=true AUTOSAVING=false KEEPDIRTY=false
[2018.10.14-18.03.46:090][637]LogSavePackage: Moving '../../../../../../Users/Jusu/Documents/pelihomma/MyProject/Saved/Game_Level8A7B92AB4E13269DD988B99CF9D5601D.tmp' to '../../../../../../Users/Jusu/Documents/pelihomma/MyProject/Content/Levels/Game_Level.umap'
[2018.10.14-18.03.46:117][637]LogFileHelpers: Saving map 'Game_Level' took 0.353
[2018.10.14-18.03.46:118][637]Cmd: MAP LOAD FILE="../../../../../../Users/Jusu/Documents/pelihomma/MyProject/Content/Levels/MainMenu_Level.umap" TEMPLATE=0 SHOWPROGRESS=1 FEATURELEVEL=3
[2018.10.14-18.03.46:118][637]LightingResults: New page: Lighting Build
[2018.10.14-18.03.46:119][637]LoadErrors: New page: Loading map: MainMenu_Level.umap
[2018.10.14-18.03.46:119][637]MapCheck: New page: Map Check
[2018.10.14-18.03.46:119][637]LightingResults: New page: Lighting Build
[2018.10.14-18.03.46:149][637]LogEditorServer: Finished looking for orphan Actors (0.000 secs)
[2018.10.14-18.03.46:200][637]Cmd: MAP CHECKDEP NOCLEARLOG
[2018.10.14-18.03.46:276][637]MapCheck: Map check complete: 0 Error(s), 0 Warning(s), took 75,871ms to complete.
[2018.10.14-18.03.46:279][637]LogFileHelpers: Loading map 'MainMenu_Level' took 0.161
[2018.10.14-18.03.47:275][751]LogTemp: Repeating last play command: Selected Viewport
[2018.10.14-18.03.47:290][751]LogBlueprintUserMessages: Early PlayInEditor Detection: Level '/Game/Levels/MainMenu_Level.MainMenu_Level:PersistentLevel' has LevelScriptBlueprint '/Game/Levels/MainMenu_Level.MainMenu_Level:PersistentLevel.MainMenu_Level' with GeneratedClass '/Game/Levels/MainMenu_Level.MainMenu_Level_C' with ClassGeneratedBy '/Game/Levels/MainMenu_Level.MainMenu_Level:PersistentLevel.MainMenu_Level'
[2018.10.14-18.03.47:291][751]LogPlayLevel: PlayLevel: No blueprints needed recompiling
[2018.10.14-18.03.47:303][751]PIE: New page: PIE session: MainMenu_Level (15.10.2018 0.03.47)
[2018.10.14-18.03.47:303][751]LogPlayLevel: Creating play world package: /Game/Levels/UEDPIE_0_MainMenu_Level
[2018.10.14-18.03.47:304][751]LogPlayLevel: PIE: StaticDuplicateObject took: (0.001203s)
[2018.10.14-18.03.47:305][751]LogAIModule: Creating AISystem for world MainMenu_Level
[2018.10.14-18.03.47:305][751]LogPlayLevel: PIE: World Init took: (0.000699s)
[2018.10.14-18.03.47:305][751]LogPlayLevel: PIE: Created PIE world by copying editor world from /Game/Levels/MainMenu_Level.MainMenu_Level to /Game/Levels/UEDPIE_0_MainMenu_Level.MainMenu_Level (0.002009s)
[2018.10.14-18.03.47:358][751]LogInit: XAudio2 using 'Kuulokkeet (2–High Definition Audio -laite)' : 2 channels at 48 kHz using 16 bits per sample (channel mask 0x3)
[2018.10.14-18.03.47:368][751]LogInit: FAudioDevice initialized.
[2018.10.14-18.03.47:413][751]LogLoad: Game class is 'GameModeBase'
[2018.10.14-18.03.47:413][751]LogWorld: Bringing World /Game/Levels/UEDPIE_0_MainMenu_Level.MainMenu_Level up for play (max tick rate 0) at 2018.10.14-21.03.47
[2018.10.14-18.03.47:414][751]LogWorld: Bringing up level for play took: 0.000495
[2018.10.14-18.03.47:430][751]LogContentBrowser: Native class hierarchy updated for 'MovieSceneCapture' in 0.0003 seconds. Added 10 classes and 0 folders.
[2018.10.14-18.03.47:432][751]PIE: Play in editor start time for /Game/Levels/UEDPIE_0_MainMenu_Level 0,301
[2018.10.14-18.03.47:432][751]LogBlueprintUserMessages: Late PlayInEditor Detection: Level '/Game/Levels/MainMenu_Level.MainMenu_Level:PersistentLevel' has LevelScriptBlueprint '/Game/Levels/MainMenu_Level.MainMenu_Level:PersistentLevel.MainMenu_Level' with GeneratedClass '/Game/Levels/MainMenu_Level.MainMenu_Level_C' with ClassGeneratedBy '/Game/Levels/MainMenu_Level.MainMenu_Level:PersistentLevel.MainMenu_Level'
[2018.10.14-18.03.48:934][929]LogNet: Browse: /Game/Levels/Game_Level
[2018.10.14-18.03.48:934][929]LogLoad: LoadMap: /Game/Levels/Game_Level
[2018.10.14-18.03.49:241][929]LogAIModule: Creating AISystem for world Game_Level
[2018.10.14-18.03.49:241][929]LogLoad: Game class is 'Game_mode_C'
[2018.10.14-18.03.49:243][929]LogWorld: Bringing World /Game/Levels/UEDPIE_0_Game_Level.Game_Level up for play (max tick rate 0) at 2018.10.14-21.03.49
[2018.10.14-18.03.49:243][929]LogWorld: Bringing up level for play took: 0.000772
